2023-03-17 04:12:41 INFO     reading predictions from 'drive/MyDrive/Colab Notebooks/seqs/eklavya/seq1/y_test.acc.txt'...
2023-03-17 04:12:41 INFO     predictions:              215840
2023-03-17 04:12:41 INFO     ground truth samples:      43168
2023-03-17 04:12:41 INFO     top-k: 5
2023-03-17 04:12:41 INFO     perfect match accuracy:
2023-03-17 04:12:41 INFO       top-1: 68.41% (29531/43168)
2023-03-17 04:12:41 INFO       top-2: 94.13% (40635/43168)
2023-03-17 04:12:41 INFO       top-3: 98.49% (42518/43168)
2023-03-17 04:12:41 INFO       top-4: 99.73% (43053/43168)
2023-03-17 04:12:41 INFO       top-5: 99.95% (43145/43168)
2023-03-17 04:12:41 INFO     average type prefix score (top-1): 0.6841
2023-03-17 04:12:41 INFO     average weighted type prefix score (top-1): 0.6841
2023-03-17 04:12:41 INFO     average Jaccard metric (top-1): 0.6841
2023-03-17 04:12:43 INFO     BLEU score (top-1, corpus): 0.6137
2023-03-17 04:12:43 INFO     most common mispredictions:
2023-03-17 04:12:43 INFO       ground truth (13603 samples, 31.51% of all samples):
2023-03-17 04:12:43 INFO           pointer
2023-03-17 04:12:43 INFO       most common mispredictions (in total 7756, 57.02% of this label is wrong):
2023-03-17 04:12:43 INFO         7619 (98.23% of mispredictions) int
2023-03-17 04:12:43 INFO           92 ( 1.19% of mispredictions) enum
2023-03-17 04:12:43 INFO           45 ( 0.58% of mispredictions) float
2023-03-17 04:12:43 INFO       ground truth (25235 samples, 58.46% of all samples):
2023-03-17 04:12:43 INFO           int
2023-03-17 04:12:43 INFO       most common mispredictions (in total 3749, 14.86% of this label is wrong):
2023-03-17 04:12:43 INFO         2492 (66.47% of mispredictions) pointer
2023-03-17 04:12:43 INFO          777 (20.73% of mispredictions) float
2023-03-17 04:12:43 INFO          453 (12.08% of mispredictions) enum
2023-03-17 04:12:43 INFO           19 ( 0.51% of mispredictions) char
2023-03-17 04:12:43 INFO            8 ( 0.21% of mispredictions) struct
2023-03-17 04:12:43 INFO       ground truth (1361 samples, 3.15% of all samples):
2023-03-17 04:12:43 INFO           enum
2023-03-17 04:12:43 INFO       most common mispredictions (in total 1343, 98.68% of this label is wrong):
2023-03-17 04:12:43 INFO         1180 (87.86% of mispredictions) int
2023-03-17 04:12:43 INFO          135 (10.05% of mispredictions) pointer
2023-03-17 04:12:43 INFO           28 ( 2.08% of mispredictions) float
2023-03-17 04:12:43 INFO       ground truth (2641 samples, 6.12% of all samples):
2023-03-17 04:12:43 INFO           float
2023-03-17 04:12:43 INFO       most common mispredictions (in total 554, 20.98% of this label is wrong):
2023-03-17 04:12:43 INFO          521 (94.04% of mispredictions) int
2023-03-17 04:12:43 INFO           33 ( 5.96% of mispredictions) pointer
2023-03-17 04:12:43 INFO       ground truth (190 samples, 0.44% of all samples):
2023-03-17 04:12:43 INFO           char
2023-03-17 04:12:43 INFO       most common mispredictions (in total 182, 95.79% of this label is wrong):
2023-03-17 04:12:43 INFO          152 (83.52% of mispredictions) int
2023-03-17 04:12:43 INFO           30 (16.48% of mispredictions) pointer
2023-03-17 04:12:43 INFO       ground truth (138 samples, 0.32% of all samples):
2023-03-17 04:12:43 INFO           struct
2023-03-17 04:12:43 INFO       most common mispredictions (in total 53, 38.41% of this label is wrong):
2023-03-17 04:12:43 INFO           28 (52.83% of mispredictions) int
2023-03-17 04:12:43 INFO           20 (37.74% of mispredictions) pointer
2023-03-17 04:12:43 INFO            5 ( 9.43% of mispredictions) enum
