2023-03-17 04:22:50 INFO     reading predictions from 'drive/MyDrive/Colab Notebooks/seqs/eklavya/seq5/y_test.acc.txt'...
2023-03-17 04:22:50 INFO     predictions:              215840
2023-03-17 04:22:50 INFO     ground truth samples:      43168
2023-03-17 04:22:50 INFO     top-k: 5
2023-03-17 04:22:50 INFO     perfect match accuracy:
2023-03-17 04:22:50 INFO       top-1: 76.19% (32890/43168)
2023-03-17 04:22:51 INFO       top-2: 97.12% (41926/43168)
2023-03-17 04:22:51 INFO       top-3: 99.70% (43040/43168)
2023-03-17 04:22:51 INFO       top-4: 99.90% (43124/43168)
2023-03-17 04:22:51 INFO       top-5: 100.00% (43168/43168)
2023-03-17 04:22:51 INFO     average type prefix score (top-1): 0.7619
2023-03-17 04:22:51 INFO     average weighted type prefix score (top-1): 0.7619
2023-03-17 04:22:51 INFO     average Jaccard metric (top-1): 0.7619
2023-03-17 04:22:52 INFO     BLEU score (top-1, corpus): 0.7293
2023-03-17 04:22:52 INFO     most common mispredictions:
2023-03-17 04:22:52 INFO       ground truth (13603 samples, 31.51% of all samples):
2023-03-17 04:22:52 INFO           pointer
2023-03-17 04:22:52 INFO       most common mispredictions (in total 4635, 34.07% of this label is wrong):
2023-03-17 04:22:52 INFO         4604 (99.33% of mispredictions) int
2023-03-17 04:22:52 INFO           31 ( 0.67% of mispredictions) enum
2023-03-17 04:22:52 INFO       ground truth (25235 samples, 58.46% of all samples):
2023-03-17 04:22:52 INFO           int
2023-03-17 04:22:52 INFO       most common mispredictions (in total 4094, 16.22% of this label is wrong):
2023-03-17 04:22:52 INFO         4036 (98.58% of mispredictions) pointer
2023-03-17 04:22:52 INFO           41 ( 1.00% of mispredictions) enum
2023-03-17 04:22:52 INFO            9 ( 0.22% of mispredictions) char
2023-03-17 04:22:52 INFO            8 ( 0.20% of mispredictions) struct
2023-03-17 04:22:52 INFO       ground truth (1361 samples, 3.15% of all samples):
2023-03-17 04:22:52 INFO           enum
2023-03-17 04:22:52 INFO       most common mispredictions (in total 1338, 98.31% of this label is wrong):
2023-03-17 04:22:52 INFO         1094 (81.76% of mispredictions) int
2023-03-17 04:22:52 INFO          244 (18.24% of mispredictions) pointer
2023-03-17 04:22:52 INFO       ground truth (190 samples, 0.44% of all samples):
2023-03-17 04:22:52 INFO           char
2023-03-17 04:22:52 INFO       most common mispredictions (in total 161, 84.74% of this label is wrong):
2023-03-17 04:22:52 INFO          148 (91.93% of mispredictions) int
2023-03-17 04:22:52 INFO           13 ( 8.07% of mispredictions) pointer
2023-03-17 04:22:52 INFO       ground truth (138 samples, 0.32% of all samples):
2023-03-17 04:22:52 INFO           struct
2023-03-17 04:22:52 INFO       most common mispredictions (in total 50, 36.23% of this label is wrong):
2023-03-17 04:22:52 INFO           31 (62.00% of mispredictions) pointer
2023-03-17 04:22:52 INFO           19 (38.00% of mispredictions) int
