2023-03-17 04:15:05 INFO     reading predictions from 'drive/MyDrive/Colab Notebooks/seqs/eklavya/seq2/y_test.acc.txt'...
2023-03-17 04:15:05 INFO     predictions:              215840
2023-03-17 04:15:05 INFO     ground truth samples:      43168
2023-03-17 04:15:05 INFO     top-k: 5
2023-03-17 04:15:05 INFO     perfect match accuracy:
2023-03-17 04:15:05 INFO       top-1: 75.88% (32757/43168)
2023-03-17 04:15:05 INFO       top-2: 96.73% (41756/43168)
2023-03-17 04:15:05 INFO       top-3: 99.60% (42997/43168)
2023-03-17 04:15:05 INFO       top-4: 99.95% (43145/43168)
2023-03-17 04:15:05 INFO       top-5: 100.00% (43168/43168)
2023-03-17 04:15:06 INFO     average type prefix score (top-1): 0.7588
2023-03-17 04:15:06 INFO     average weighted type prefix score (top-1): 0.7588
2023-03-17 04:15:06 INFO     average Jaccard metric (top-1): 0.7588
2023-03-17 04:15:07 INFO     BLEU score (top-1, corpus): 0.7294
2023-03-17 04:15:07 INFO     most common mispredictions:
2023-03-17 04:15:07 INFO       ground truth (25235 samples, 58.46% of all samples):
2023-03-17 04:15:07 INFO           int
2023-03-17 04:15:07 INFO       most common mispredictions (in total 5378, 21.31% of this label is wrong):
2023-03-17 04:15:07 INFO         4815 (89.53% of mispredictions) pointer
2023-03-17 04:15:07 INFO          477 ( 8.87% of mispredictions) enum
2023-03-17 04:15:07 INFO           78 ( 1.45% of mispredictions) char
2023-03-17 04:15:07 INFO            8 ( 0.15% of mispredictions) struct
2023-03-17 04:15:07 INFO       ground truth (13603 samples, 31.51% of all samples):
2023-03-17 04:15:07 INFO           pointer
2023-03-17 04:15:07 INFO       most common mispredictions (in total 3751, 27.57% of this label is wrong):
2023-03-17 04:15:07 INFO         3623 (96.59% of mispredictions) int
2023-03-17 04:15:07 INFO          116 ( 3.09% of mispredictions) enum
2023-03-17 04:15:07 INFO            9 ( 0.24% of mispredictions) struct
2023-03-17 04:15:07 INFO            3 ( 0.08% of mispredictions) char
2023-03-17 04:15:07 INFO       ground truth (1361 samples, 3.15% of all samples):
2023-03-17 04:15:07 INFO           enum
2023-03-17 04:15:07 INFO       most common mispredictions (in total 1109, 81.48% of this label is wrong):
2023-03-17 04:15:07 INFO          724 (65.28% of mispredictions) int
2023-03-17 04:15:07 INFO          385 (34.72% of mispredictions) pointer
2023-03-17 04:15:07 INFO       ground truth (190 samples, 0.44% of all samples):
2023-03-17 04:15:07 INFO           char
2023-03-17 04:15:07 INFO       most common mispredictions (in total 115, 60.53% of this label is wrong):
2023-03-17 04:15:07 INFO          102 (88.70% of mispredictions) int
2023-03-17 04:15:07 INFO           13 (11.30% of mispredictions) pointer
2023-03-17 04:15:07 INFO       ground truth (138 samples, 0.32% of all samples):
2023-03-17 04:15:07 INFO           struct
2023-03-17 04:15:07 INFO       most common mispredictions (in total 58, 42.03% of this label is wrong):
2023-03-17 04:15:07 INFO           47 (81.03% of mispredictions) int
2023-03-17 04:15:07 INFO           11 (18.97% of mispredictions) pointer
