2023-03-17 04:18:14 INFO     reading predictions from 'drive/MyDrive/Colab Notebooks/seqs/eklavya/seq3/y_test.acc.txt'...
2023-03-17 04:18:14 INFO     predictions:              215840
2023-03-17 04:18:14 INFO     ground truth samples:      43168
2023-03-17 04:18:14 INFO     top-k: 5
2023-03-17 04:18:14 INFO     perfect match accuracy:
2023-03-17 04:18:14 INFO       top-1: 76.47% (33009/43168)
2023-03-17 04:18:14 INFO       top-2: 96.78% (41779/43168)
2023-03-17 04:18:14 INFO       top-3: 99.56% (42976/43168)
2023-03-17 04:18:14 INFO       top-4: 99.96% (43150/43168)
2023-03-17 04:18:14 INFO       top-5: 100.00% (43168/43168)
2023-03-17 04:18:14 INFO     average type prefix score (top-1): 0.7647
2023-03-17 04:18:14 INFO     average weighted type prefix score (top-1): 0.7647
2023-03-17 04:18:14 INFO     average Jaccard metric (top-1): 0.7647
2023-03-17 04:18:16 INFO     BLEU score (top-1, corpus): 0.7064
2023-03-17 04:18:16 INFO     most common mispredictions:
2023-03-17 04:18:16 INFO       ground truth (13603 samples, 31.51% of all samples):
2023-03-17 04:18:16 INFO           pointer
2023-03-17 04:18:16 INFO       most common mispredictions (in total 5551, 40.81% of this label is wrong):
2023-03-17 04:18:16 INFO         5526 (99.55% of mispredictions) int
2023-03-17 04:18:16 INFO           25 ( 0.45% of mispredictions) enum
2023-03-17 04:18:16 INFO       ground truth (25235 samples, 58.46% of all samples):
2023-03-17 04:18:16 INFO           int
2023-03-17 04:18:16 INFO       most common mispredictions (in total 2968, 11.76% of this label is wrong):
2023-03-17 04:18:16 INFO         2906 (97.91% of mispredictions) pointer
2023-03-17 04:18:16 INFO           31 ( 1.04% of mispredictions) enum
2023-03-17 04:18:16 INFO           31 ( 1.04% of mispredictions) char
2023-03-17 04:18:16 INFO       ground truth (1361 samples, 3.15% of all samples):
2023-03-17 04:18:16 INFO           enum
2023-03-17 04:18:16 INFO       most common mispredictions (in total 1325, 97.35% of this label is wrong):
2023-03-17 04:18:16 INFO         1188 (89.66% of mispredictions) int
2023-03-17 04:18:16 INFO          137 (10.34% of mispredictions) pointer
2023-03-17 04:18:16 INFO       ground truth (190 samples, 0.44% of all samples):
2023-03-17 04:18:16 INFO           char
2023-03-17 04:18:16 INFO       most common mispredictions (in total 179, 94.21% of this label is wrong):
2023-03-17 04:18:16 INFO          171 (95.53% of mispredictions) int
2023-03-17 04:18:16 INFO            8 ( 4.47% of mispredictions) pointer
2023-03-17 04:18:16 INFO       ground truth (138 samples, 0.32% of all samples):
2023-03-17 04:18:16 INFO           struct
2023-03-17 04:18:16 INFO       most common mispredictions (in total 136, 98.55% of this label is wrong):
2023-03-17 04:18:16 INFO           88 (64.71% of mispredictions) pointer
2023-03-17 04:18:16 INFO           48 (35.29% of mispredictions) int
