2023-03-17 04:33:44 INFO     reading predictions from 'drive/MyDrive/Colab Notebooks/seqs/names-filtered/seq4/y_test.acc.txt'...
2023-03-17 04:33:44 INFO     predictions:              215840
2023-03-17 04:33:44 INFO     ground truth samples:      43168
2023-03-17 04:33:44 INFO     top-k: 5
2023-03-17 04:33:44 INFO     perfect match accuracy:
2023-03-17 04:33:44 INFO       top-1: 43.28% (18685/43168)
2023-03-17 04:33:44 INFO       top-2: 54.96% (23726/43168)
2023-03-17 04:33:44 INFO       top-3: 60.81% (26250/43168)
2023-03-17 04:33:44 INFO       top-4: 64.93% (28029/43168)
2023-03-17 04:33:44 INFO       top-5: 67.87% (29299/43168)
2023-03-17 04:33:44 INFO     average type prefix score (top-1): 0.5357
2023-03-17 04:33:44 INFO     average weighted type prefix score (top-1): 0.57
2023-03-17 04:33:44 INFO     average Jaccard metric (top-1): 0.5355
2023-03-17 04:33:48 INFO     BLEU score (top-1, corpus): 0.6708
2023-03-17 04:33:48 INFO     most common mispredictions:
2023-03-17 04:33:48 INFO       ground truth (3817 samples, 8.84% of all samples):
2023-03-17 04:33:48 INFO           pointer struct
2023-03-17 04:33:48 INFO       most common mispredictions (in total 3650, 95.62% of this label is wrong):
2023-03-17 04:33:48 INFO         3650 (100.00% of mispredictions) primitive int32_t
2023-03-17 04:33:48 INFO       ground truth (2963 samples, 6.86% of all samples):
2023-03-17 04:33:48 INFO           primitive int64_t
2023-03-17 04:33:48 INFO       most common mispredictions (in total 2963, 100.00% of this label is wrong):
2023-03-17 04:33:48 INFO         2959 (99.87% of mispredictions) primitive int32_t
2023-03-17 04:33:48 INFO            4 ( 0.13% of mispredictions) pointer struct
2023-03-17 04:33:48 INFO       ground truth (2090 samples, 4.84% of all samples):
2023-03-17 04:33:48 INFO           primitive float64_t
2023-03-17 04:33:48 INFO       most common mispredictions (in total 2087, 99.86% of this label is wrong):
2023-03-17 04:33:48 INFO         1979 (94.83% of mispredictions) primitive int32_t
2023-03-17 04:33:48 INFO           60 ( 2.87% of mispredictions) primitive bool
2023-03-17 04:33:48 INFO           48 ( 2.30% of mispredictions) primitive float32_t
2023-03-17 04:33:48 INFO       ground truth (1956 samples, 4.53% of all samples):
2023-03-17 04:33:48 INFO           pointer class
2023-03-17 04:33:48 INFO       most common mispredictions (in total 1956, 100.00% of this label is wrong):
2023-03-17 04:33:48 INFO         1936 (98.98% of mispredictions) primitive int32_t
2023-03-17 04:33:48 INFO           20 ( 1.02% of mispredictions) pointer struct
2023-03-17 04:33:48 INFO       ground truth (1747 samples, 4.05% of all samples):
2023-03-17 04:33:48 INFO           pointer unknown
2023-03-17 04:33:48 INFO       most common mispredictions (in total 1747, 100.00% of this label is wrong):
2023-03-17 04:33:48 INFO         1673 (95.76% of mispredictions) primitive int32_t
2023-03-17 04:33:48 INFO           74 ( 4.24% of mispredictions) pointer struct
2023-03-17 04:33:48 INFO       ground truth (1449 samples, 3.36% of all samples):
2023-03-17 04:33:48 INFO           pointer const primitive char
2023-03-17 04:33:48 INFO       most common mispredictions (in total 1449, 100.00% of this label is wrong):
2023-03-17 04:33:48 INFO         1449 (100.00% of mispredictions) primitive int32_t
