2023-03-17 04:25:06 INFO     reading predictions from 'drive/MyDrive/Colab Notebooks/seqs/names-filtered/seq1/y_test.acc.txt'...
2023-03-17 04:25:06 INFO     predictions:              215840
2023-03-17 04:25:06 INFO     ground truth samples:      43168
2023-03-17 04:25:06 INFO     top-k: 5
2023-03-17 04:25:06 INFO     perfect match accuracy:
2023-03-17 04:25:06 INFO       top-1: 46.56% (20099/43168)
2023-03-17 04:25:06 INFO       top-2: 57.71% (24914/43168)
2023-03-17 04:25:06 INFO       top-3: 64.92% (28023/43168)
2023-03-17 04:25:06 INFO       top-4: 68.76% (29682/43168)
2023-03-17 04:25:06 INFO       top-5: 73.13% (31568/43168)
2023-03-17 04:25:06 INFO     average type prefix score (top-1): 0.562
2023-03-17 04:25:06 INFO     average weighted type prefix score (top-1): 0.5973
2023-03-17 04:25:06 INFO     average Jaccard metric (top-1): 0.563
2023-03-17 04:25:10 INFO     BLEU score (top-1, corpus): 0.6923
2023-03-17 04:25:10 INFO     most common mispredictions:
2023-03-17 04:25:10 INFO       ground truth (3817 samples, 8.84% of all samples):
2023-03-17 04:25:10 INFO           pointer struct
2023-03-17 04:25:10 INFO       most common mispredictions (in total 3202, 83.89% of this label is wrong):
2023-03-17 04:25:10 INFO         2999 (93.66% of mispredictions) primitive int32_t
2023-03-17 04:25:10 INFO           89 ( 2.78% of mispredictions) pointer name "basic_ostream<char, std::char_traits<char> >" class
2023-03-17 04:25:10 INFO           58 ( 1.81% of mispredictions) pointer class
2023-03-17 04:25:10 INFO           26 ( 0.81% of mispredictions) primitive bool
2023-03-17 04:25:10 INFO           17 ( 0.53% of mispredictions) primitive int16_t
2023-03-17 04:25:10 INFO       ground truth (2963 samples, 6.86% of all samples):
2023-03-17 04:25:10 INFO           primitive int64_t
2023-03-17 04:25:10 INFO       most common mispredictions (in total 2961, 99.93% of this label is wrong):
2023-03-17 04:25:10 INFO         2064 (69.71% of mispredictions) primitive int32_t
2023-03-17 04:25:10 INFO          448 (15.13% of mispredictions) primitive uint64_t
2023-03-17 04:25:10 INFO          434 (14.66% of mispredictions) primitive float32_t
2023-03-17 04:25:10 INFO            8 ( 0.27% of mispredictions) pointer name "basic_ostream<char, std::char_traits<char> >" class
2023-03-17 04:25:10 INFO            6 ( 0.20% of mispredictions) primitive float64_t
2023-03-17 04:25:10 INFO       ground truth (1956 samples, 4.53% of all samples):
2023-03-17 04:25:10 INFO           pointer class
2023-03-17 04:25:10 INFO       most common mispredictions (in total 1946, 99.49% of this label is wrong):
2023-03-17 04:25:10 INFO         1698 (87.26% of mispredictions) primitive int32_t
2023-03-17 04:25:10 INFO          144 ( 7.40% of mispredictions) pointer name "basic_ostream<char, std::char_traits<char> >" class
2023-03-17 04:25:10 INFO           93 ( 4.78% of mispredictions) pointer struct
2023-03-17 04:25:10 INFO            3 ( 0.15% of mispredictions) pointer primitive char
2023-03-17 04:25:10 INFO            3 ( 0.15% of mispredictions) primitive float64_t
2023-03-17 04:25:10 INFO       ground truth (18744 samples, 43.42% of all samples):
2023-03-17 04:25:10 INFO           primitive int32_t
2023-03-17 04:25:10 INFO       most common mispredictions (in total 1855, 9.90% of this label is wrong):
2023-03-17 04:25:10 INFO          771 (41.56% of mispredictions) pointer struct
2023-03-17 04:25:10 INFO          239 (12.88% of mispredictions) primitive bool
2023-03-17 04:25:10 INFO          159 ( 8.57% of mispredictions) primitive int16_t
2023-03-17 04:25:10 INFO          146 ( 7.87% of mispredictions) primitive uint8_t
2023-03-17 04:25:10 INFO          136 ( 7.33% of mispredictions) pointer const primitive char
2023-03-17 04:25:10 INFO       ground truth (1747 samples, 4.05% of all samples):
2023-03-17 04:25:10 INFO           pointer unknown
2023-03-17 04:25:10 INFO       most common mispredictions (in total 1731, 99.08% of this label is wrong):
2023-03-17 04:25:10 INFO         1396 (80.65% of mispredictions) primitive int32_t
2023-03-17 04:25:10 INFO          282 (16.29% of mispredictions) pointer struct
2023-03-17 04:25:10 INFO           10 ( 0.58% of mispredictions) pointer class
2023-03-17 04:25:10 INFO            8 ( 0.46% of mispredictions) primitive float32_t
2023-03-17 04:25:10 INFO            8 ( 0.46% of mispredictions) primitive bool
2023-03-17 04:25:10 INFO       ground truth (1283 samples, 2.97% of all samples):
2023-03-17 04:25:10 INFO           enum primitive uint32_t
2023-03-17 04:25:10 INFO       most common mispredictions (in total 1283, 100.00% of this label is wrong):
2023-03-17 04:25:10 INFO         1214 (94.62% of mispredictions) primitive int32_t
2023-03-17 04:25:10 INFO           27 ( 2.10% of mispredictions) pointer const primitive char
2023-03-17 04:25:10 INFO           18 ( 1.40% of mispredictions) pointer struct
2023-03-17 04:25:10 INFO           16 ( 1.25% of mispredictions) primitive float64_t
2023-03-17 04:25:10 INFO            4 ( 0.31% of mispredictions) primitive int16_t
