2023-03-17 04:28:04 INFO     reading predictions from 'drive/MyDrive/Colab Notebooks/seqs/names-filtered/seq2/y_test.acc.txt'...
2023-03-17 04:28:04 INFO     predictions:              215840
2023-03-17 04:28:04 INFO     ground truth samples:      43168
2023-03-17 04:28:04 INFO     top-k: 5
2023-03-17 04:28:04 INFO     perfect match accuracy:
2023-03-17 04:28:04 INFO       top-1: 45.73% (19740/43168)
2023-03-17 04:28:04 INFO       top-2: 64.69% (27926/43168)
2023-03-17 04:28:04 INFO       top-3: 69.57% (30034/43168)
2023-03-17 04:28:04 INFO       top-4: 71.73% (30963/43168)
2023-03-17 04:28:04 INFO       top-5: 74.13% (32001/43168)
2023-03-17 04:28:04 INFO     average type prefix score (top-1): 0.557
2023-03-17 04:28:04 INFO     average weighted type prefix score (top-1): 0.597
2023-03-17 04:28:04 INFO     average Jaccard metric (top-1): 0.5512
2023-03-17 04:28:08 INFO     BLEU score (top-1, corpus): 0.668
2023-03-17 04:28:08 INFO     most common mispredictions:
2023-03-17 04:28:08 INFO       ground truth (18744 samples, 43.42% of all samples):
2023-03-17 04:28:08 INFO           primitive int32_t
2023-03-17 04:28:08 INFO       most common mispredictions (in total 3577, 19.08% of this label is wrong):
2023-03-17 04:28:08 INFO         3444 (96.28% of mispredictions) pointer struct
2023-03-17 04:28:08 INFO          117 ( 3.27% of mispredictions) primitive int16_t
2023-03-17 04:28:08 INFO           14 ( 0.39% of mispredictions) primitive bool
2023-03-17 04:28:08 INFO            2 ( 0.06% of mispredictions) pointer const primitive char
2023-03-17 04:28:08 INFO       ground truth (2963 samples, 6.86% of all samples):
2023-03-17 04:28:08 INFO           primitive int64_t
2023-03-17 04:28:08 INFO       most common mispredictions (in total 2870, 96.86% of this label is wrong):
2023-03-17 04:28:08 INFO         2855 (99.48% of mispredictions) primitive uint64_t
2023-03-17 04:28:08 INFO            9 ( 0.31% of mispredictions) pointer struct
2023-03-17 04:28:08 INFO            6 ( 0.21% of mispredictions) name "off_t" primitive int64_t
2023-03-17 04:28:08 INFO       ground truth (3817 samples, 8.84% of all samples):
2023-03-17 04:28:08 INFO           pointer struct
2023-03-17 04:28:08 INFO       most common mispredictions (in total 2204, 57.74% of this label is wrong):
2023-03-17 04:28:08 INFO         2198 (99.73% of mispredictions) primitive int32_t
2023-03-17 04:28:08 INFO            4 ( 0.18% of mispredictions) pointer const primitive char
2023-03-17 04:28:08 INFO            2 ( 0.09% of mispredictions) primitive bool
2023-03-17 04:28:08 INFO       ground truth (1956 samples, 4.53% of all samples):
2023-03-17 04:28:08 INFO           pointer class
2023-03-17 04:28:08 INFO       most common mispredictions (in total 1956, 100.00% of this label is wrong):
2023-03-17 04:28:08 INFO         1492 (76.28% of mispredictions) primitive int32_t
2023-03-17 04:28:08 INFO          464 (23.72% of mispredictions) pointer struct
2023-03-17 04:28:08 INFO       ground truth (1747 samples, 4.05% of all samples):
2023-03-17 04:28:08 INFO           pointer unknown
2023-03-17 04:28:08 INFO       most common mispredictions (in total 1747, 100.00% of this label is wrong):
2023-03-17 04:28:08 INFO          881 (50.43% of mispredictions) pointer struct
2023-03-17 04:28:08 INFO          866 (49.57% of mispredictions) primitive int32_t
2023-03-17 04:28:08 INFO       ground truth (1449 samples, 3.36% of all samples):
2023-03-17 04:28:08 INFO           pointer const primitive char
2023-03-17 04:28:08 INFO       most common mispredictions (in total 1447, 99.86% of this label is wrong):
2023-03-17 04:28:08 INFO          732 (50.59% of mispredictions) primitive int32_t
2023-03-17 04:28:08 INFO          715 (49.41% of mispredictions) pointer struct
