2023-03-17 04:46:35 INFO     reading predictions from 'drive/MyDrive/Colab Notebooks/seqs/names-all/seq3/y_test.acc.txt'...
2023-03-17 04:46:35 INFO     predictions:              215840
2023-03-17 04:46:35 INFO     ground truth samples:      43168
2023-03-17 04:46:35 INFO     top-k: 5
2023-03-17 04:46:35 INFO     perfect match accuracy:
2023-03-17 04:46:35 INFO       top-1: 41.70% (18003/43168)
2023-03-17 04:46:35 INFO       top-2: 44.99% (19422/43168)
2023-03-17 04:46:35 INFO       top-3: 46.72% (20167/43168)
2023-03-17 04:46:35 INFO       top-4: 48.41% (20898/43168)
2023-03-17 04:46:35 INFO       top-5: 48.83% (21081/43168)
2023-03-17 04:46:36 INFO     average type prefix score (top-1): 0.4467
2023-03-17 04:46:36 INFO     average weighted type prefix score (top-1): 0.4688
2023-03-17 04:46:36 INFO     average Jaccard metric (top-1): 0.5473
2023-03-17 04:46:40 INFO     BLEU score (top-1, corpus): 0.4876
2023-03-17 04:46:40 INFO     most common mispredictions:
2023-03-17 04:46:40 INFO       ground truth (2736 samples, 6.34% of all samples):
2023-03-17 04:46:40 INFO           name "sf_count_t" primitive int64_t
2023-03-17 04:46:40 INFO       most common mispredictions (in total 2736, 100.00% of this label is wrong):
2023-03-17 04:46:40 INFO         2727 (99.67% of mispredictions) name "off64_t" primitive int64_t
2023-03-17 04:46:40 INFO            9 ( 0.33% of mispredictions) name "uint64_t" primitive uint64_t
2023-03-17 04:46:40 INFO       ground truth (2149 samples, 4.98% of all samples):
2023-03-17 04:46:40 INFO           name "int32_t" primitive int32_t
2023-03-17 04:46:40 INFO       most common mispredictions (in total 2149, 100.00% of this label is wrong):
2023-03-17 04:46:40 INFO         2109 (98.14% of mispredictions) primitive int32_t
2023-03-17 04:46:40 INFO           32 ( 1.49% of mispredictions) pointer const primitive char
2023-03-17 04:46:40 INFO            8 ( 0.37% of mispredictions) primitive bool
2023-03-17 04:46:40 INFO       ground truth (1445 samples, 3.35% of all samples):
2023-03-17 04:46:40 INFO           pointer const primitive char
2023-03-17 04:46:40 INFO       most common mispredictions (in total 1279, 88.51% of this label is wrong):
2023-03-17 04:46:40 INFO         1279 (100.00% of mispredictions) primitive int32_t
2023-03-17 04:46:40 INFO       ground truth (1188 samples, 2.75% of all samples):
2023-03-17 04:46:40 INFO           name "UBool" primitive int8_t
2023-03-17 04:46:40 INFO       most common mispredictions (in total 1188, 100.00% of this label is wrong):
2023-03-17 04:46:40 INFO         1169 (98.40% of mispredictions) primitive int32_t
2023-03-17 04:46:40 INFO           14 ( 1.18% of mispredictions) pointer const primitive char
2023-03-17 04:46:40 INFO            5 ( 0.42% of mispredictions) primitive bool
2023-03-17 04:46:40 INFO       ground truth (1187 samples, 2.75% of all samples):
2023-03-17 04:46:40 INFO           pointer unknown
2023-03-17 04:46:40 INFO       most common mispredictions (in total 1187, 100.00% of this label is wrong):
2023-03-17 04:46:40 INFO         1123 (94.61% of mispredictions) primitive int32_t
2023-03-17 04:46:40 INFO           63 ( 5.31% of mispredictions) pointer const primitive char
2023-03-17 04:46:40 INFO            1 ( 0.08% of mispredictions) pointer primitive char
2023-03-17 04:46:40 INFO       ground truth (956 samples, 2.21% of all samples):
2023-03-17 04:46:40 INFO           pointer primitive char
2023-03-17 04:46:40 INFO       most common mispredictions (in total 952, 99.58% of this label is wrong):
2023-03-17 04:46:40 INFO          944 (99.16% of mispredictions) primitive int32_t
2023-03-17 04:46:40 INFO            8 ( 0.84% of mispredictions) pointer const primitive char
