2023-03-17 04:42:45 INFO     reading predictions from 'drive/MyDrive/Colab Notebooks/seqs/names-all/seq2/y_test.acc.txt'...
2023-03-17 04:42:45 INFO     predictions:              215840
2023-03-17 04:42:45 INFO     ground truth samples:      43168
2023-03-17 04:42:45 INFO     top-k: 5
2023-03-17 04:42:45 INFO     perfect match accuracy:
2023-03-17 04:42:45 INFO       top-1: 41.57% (17947/43168)
2023-03-17 04:42:45 INFO       top-2: 42.85% (18496/43168)
2023-03-17 04:42:45 INFO       top-3: 43.63% (18833/43168)
2023-03-17 04:42:45 INFO       top-4: 44.77% (19328/43168)
2023-03-17 04:42:45 INFO       top-5: 45.93% (19828/43168)
2023-03-17 04:42:45 INFO     average type prefix score (top-1): 0.4422
2023-03-17 04:42:45 INFO     average weighted type prefix score (top-1): 0.4616
2023-03-17 04:42:45 INFO     average Jaccard metric (top-1): 0.5269
2023-03-17 04:42:50 INFO     BLEU score (top-1, corpus): 0.4727
2023-03-17 04:42:50 INFO     most common mispredictions:
2023-03-17 04:42:50 INFO       ground truth (2736 samples, 6.34% of all samples):
2023-03-17 04:42:50 INFO           name "sf_count_t" primitive int64_t
2023-03-17 04:42:50 INFO       most common mispredictions (in total 2736, 100.00% of this label is wrong):
2023-03-17 04:42:50 INFO         2715 (99.23% of mispredictions) name "uint64" primitive uint64_t
2023-03-17 04:42:50 INFO           21 ( 0.77% of mispredictions) name "off_t" primitive int64_t
2023-03-17 04:42:50 INFO       ground truth (2149 samples, 4.98% of all samples):
2023-03-17 04:42:50 INFO           name "int32_t" primitive int32_t
2023-03-17 04:42:50 INFO       most common mispredictions (in total 2149, 100.00% of this label is wrong):
2023-03-17 04:42:50 INFO         2141 (99.63% of mispredictions) primitive int32_t
2023-03-17 04:42:50 INFO            8 ( 0.37% of mispredictions) primitive char
2023-03-17 04:42:50 INFO       ground truth (1445 samples, 3.35% of all samples):
2023-03-17 04:42:50 INFO           pointer const primitive char
2023-03-17 04:42:50 INFO       most common mispredictions (in total 1445, 100.00% of this label is wrong):
2023-03-17 04:42:50 INFO         1445 (100.00% of mispredictions) primitive int32_t
2023-03-17 04:42:50 INFO       ground truth (1188 samples, 2.75% of all samples):
2023-03-17 04:42:50 INFO           name "UBool" primitive int8_t
2023-03-17 04:42:50 INFO       most common mispredictions (in total 1188, 100.00% of this label is wrong):
2023-03-17 04:42:50 INFO         1169 (98.40% of mispredictions) primitive int32_t
2023-03-17 04:42:50 INFO           19 ( 1.60% of mispredictions) primitive char
2023-03-17 04:42:50 INFO       ground truth (1187 samples, 2.75% of all samples):
2023-03-17 04:42:50 INFO           pointer unknown
2023-03-17 04:42:50 INFO       most common mispredictions (in total 1187, 100.00% of this label is wrong):
2023-03-17 04:42:50 INFO         1187 (100.00% of mispredictions) primitive int32_t
2023-03-17 04:42:50 INFO       ground truth (956 samples, 2.21% of all samples):
2023-03-17 04:42:50 INFO           pointer primitive char
2023-03-17 04:42:50 INFO       most common mispredictions (in total 956, 100.00% of this label is wrong):
2023-03-17 04:42:50 INFO          956 (100.00% of mispredictions) primitive int32_t
