2023-03-17 04:56:02 INFO     reading predictions from 'drive/MyDrive/Colab Notebooks/seqs/no-names-class-const/seq1/y_test.acc.txt'...
2023-03-17 04:56:02 INFO     predictions:              215840
2023-03-17 04:56:02 INFO     ground truth samples:      43168
2023-03-17 04:56:02 INFO     top-k: 5
2023-03-17 04:56:02 INFO     perfect match accuracy:
2023-03-17 04:56:02 INFO       top-1: 49.05% (21172/43168)
2023-03-17 04:56:02 INFO       top-2: 67.93% (29325/43168)
2023-03-17 04:56:02 INFO       top-3: 74.41% (32121/43168)
2023-03-17 04:56:02 INFO       top-4: 78.77% (34004/43168)
2023-03-17 04:56:02 INFO       top-5: 81.95% (35375/43168)
2023-03-17 04:56:02 INFO     average type prefix score (top-1): 0.589
2023-03-17 04:56:03 INFO     average weighted type prefix score (top-1): 0.6259
2023-03-17 04:56:03 INFO     average Jaccard metric (top-1): 0.5803
2023-03-17 04:56:06 INFO     BLEU score (top-1, corpus): 0.7045
2023-03-17 04:56:06 INFO     most common mispredictions:
2023-03-17 04:56:06 INFO       ground truth (19080 samples, 44.20% of all samples):
2023-03-17 04:56:06 INFO           primitive int32_t
2023-03-17 04:56:06 INFO       most common mispredictions (in total 4317, 22.63% of this label is wrong):
2023-03-17 04:56:06 INFO         3249 (75.26% of mispredictions) pointer struct
2023-03-17 04:56:06 INFO          502 (11.63% of mispredictions) primitive bool
2023-03-17 04:56:06 INFO          179 ( 4.15% of mispredictions) pointer primitive char
2023-03-17 04:56:06 INFO           99 ( 2.29% of mispredictions) primitive float64_t
2023-03-17 04:56:06 INFO           86 ( 1.99% of mispredictions) enum primitive uint32_t
2023-03-17 04:56:06 INFO       ground truth (6428 samples, 14.89% of all samples):
2023-03-17 04:56:06 INFO           pointer struct
2023-03-17 04:56:06 INFO       most common mispredictions (in total 3103, 48.27% of this label is wrong):
2023-03-17 04:56:06 INFO         3006 (96.87% of mispredictions) primitive int32_t
2023-03-17 04:56:06 INFO           46 ( 1.48% of mispredictions) primitive bool
2023-03-17 04:56:06 INFO           24 ( 0.77% of mispredictions) pointer primitive char
2023-03-17 04:56:06 INFO           23 ( 0.74% of mispredictions) primitive float64_t
2023-03-17 04:56:06 INFO            2 ( 0.06% of mispredictions) enum primitive uint32_t
2023-03-17 04:56:06 INFO       ground truth (2968 samples, 6.88% of all samples):
2023-03-17 04:56:06 INFO           primitive int64_t
2023-03-17 04:56:06 INFO       most common mispredictions (in total 2533, 85.34% of this label is wrong):
2023-03-17 04:56:06 INFO          990 (39.08% of mispredictions) primitive int32_t
2023-03-17 04:56:06 INFO          471 (18.59% of mispredictions) primitive float64_t
2023-03-17 04:56:06 INFO          470 (18.56% of mispredictions) primitive float32_t
2023-03-17 04:56:06 INFO          362 (14.29% of mispredictions) primitive uint64_t
2023-03-17 04:56:06 INFO          150 ( 5.92% of mispredictions) pointer struct
2023-03-17 04:56:06 INFO       ground truth (2425 samples, 5.62% of all samples):
2023-03-17 04:56:06 INFO           pointer primitive char
2023-03-17 04:56:06 INFO       most common mispredictions (in total 2141, 88.29% of this label is wrong):
2023-03-17 04:56:06 INFO         1443 (67.40% of mispredictions) primitive int32_t
2023-03-17 04:56:06 INFO          641 (29.94% of mispredictions) pointer struct
2023-03-17 04:56:06 INFO           23 ( 1.07% of mispredictions) primitive bool
2023-03-17 04:56:06 INFO           18 ( 0.84% of mispredictions) primitive uint32_t
2023-03-17 04:56:06 INFO           12 ( 0.56% of mispredictions) primitive float64_t
2023-03-17 04:56:06 INFO       ground truth (1896 samples, 4.39% of all samples):
2023-03-17 04:56:06 INFO           pointer unknown
2023-03-17 04:56:06 INFO       most common mispredictions (in total 1875, 98.89% of this label is wrong):
2023-03-17 04:56:06 INFO         1065 (56.80% of mispredictions) primitive int32_t
2023-03-17 04:56:06 INFO          736 (39.25% of mispredictions) pointer struct
2023-03-17 04:56:06 INFO           27 ( 1.44% of mispredictions) primitive bool
2023-03-17 04:56:06 INFO           14 ( 0.75% of mispredictions) primitive float64_t
2023-03-17 04:56:06 INFO           14 ( 0.75% of mispredictions) pointer primitive char
2023-03-17 04:56:06 INFO       ground truth (1295 samples, 3.00% of all samples):
2023-03-17 04:56:06 INFO           enum primitive uint32_t
2023-03-17 04:56:06 INFO       most common mispredictions (in total 1291, 99.69% of this label is wrong):
2023-03-17 04:56:06 INFO          884 (68.47% of mispredictions) primitive int32_t
2023-03-17 04:56:06 INFO          355 (27.50% of mispredictions) pointer struct
2023-03-17 04:56:06 INFO           26 ( 2.01% of mispredictions) primitive float64_t
2023-03-17 04:56:06 INFO           21 ( 1.63% of mispredictions) pointer primitive char
2023-03-17 04:56:06 INFO            4 ( 0.31% of mispredictions) primitive float32_t
