2023-03-17 05:04:18 INFO     reading predictions from 'drive/MyDrive/Colab Notebooks/seqs/no-names-class-const/seq4/y_test.acc.txt'...
2023-03-17 05:04:18 INFO     predictions:              215840
2023-03-17 05:04:18 INFO     ground truth samples:      43168
2023-03-17 05:04:18 INFO     top-k: 5
2023-03-17 05:04:18 INFO     perfect match accuracy:
2023-03-17 05:04:18 INFO       top-1: 47.76% (20615/43168)
2023-03-17 05:04:18 INFO       top-2: 61.24% (26434/43168)
2023-03-17 05:04:18 INFO       top-3: 69.62% (30053/43168)
2023-03-17 05:04:18 INFO       top-4: 74.36% (32098/43168)
2023-03-17 05:04:18 INFO       top-5: 78.06% (33696/43168)
2023-03-17 05:04:18 INFO     average type prefix score (top-1): 0.5676
2023-03-17 05:04:19 INFO     average weighted type prefix score (top-1): 0.5978
2023-03-17 05:04:19 INFO     average Jaccard metric (top-1): 0.5693
2023-03-17 05:04:22 INFO     BLEU score (top-1, corpus): 0.7256
2023-03-17 05:04:22 INFO     most common mispredictions:
2023-03-17 05:04:22 INFO       ground truth (6428 samples, 14.89% of all samples):
2023-03-17 05:04:22 INFO           pointer struct
2023-03-17 05:04:22 INFO       most common mispredictions (in total 5872, 91.35% of this label is wrong):
2023-03-17 05:04:22 INFO         5853 (99.68% of mispredictions) primitive int32_t
2023-03-17 05:04:22 INFO           11 ( 0.19% of mispredictions) pointer primitive char
2023-03-17 05:04:22 INFO            8 ( 0.14% of mispredictions) primitive bool
2023-03-17 05:04:22 INFO       ground truth (2968 samples, 6.88% of all samples):
2023-03-17 05:04:22 INFO           primitive int64_t
2023-03-17 05:04:22 INFO       most common mispredictions (in total 2968, 100.00% of this label is wrong):
2023-03-17 05:04:22 INFO         2952 (99.46% of mispredictions) primitive int32_t
2023-03-17 05:04:22 INFO           12 ( 0.40% of mispredictions) primitive uint64_t
2023-03-17 05:04:22 INFO            4 ( 0.13% of mispredictions) pointer struct
2023-03-17 05:04:22 INFO       ground truth (2425 samples, 5.62% of all samples):
2023-03-17 05:04:22 INFO           pointer primitive char
2023-03-17 05:04:22 INFO       most common mispredictions (in total 2423, 99.92% of this label is wrong):
2023-03-17 05:04:22 INFO         2411 (99.50% of mispredictions) primitive int32_t
2023-03-17 05:04:22 INFO           12 ( 0.50% of mispredictions) pointer struct
2023-03-17 05:04:22 INFO       ground truth (1896 samples, 4.39% of all samples):
2023-03-17 05:04:22 INFO           pointer unknown
2023-03-17 05:04:22 INFO       most common mispredictions (in total 1896, 100.00% of this label is wrong):
2023-03-17 05:04:22 INFO         1760 (92.83% of mispredictions) primitive int32_t
2023-03-17 05:04:22 INFO          134 ( 7.07% of mispredictions) pointer struct
2023-03-17 05:04:22 INFO            2 ( 0.11% of mispredictions) pointer primitive char
2023-03-17 05:04:22 INFO       ground truth (1295 samples, 3.00% of all samples):
2023-03-17 05:04:22 INFO           enum primitive uint32_t
2023-03-17 05:04:22 INFO       most common mispredictions (in total 1295, 100.00% of this label is wrong):
2023-03-17 05:04:22 INFO         1270 (98.07% of mispredictions) primitive int32_t
2023-03-17 05:04:22 INFO           16 ( 1.24% of mispredictions) primitive float64_t
2023-03-17 05:04:22 INFO            6 ( 0.46% of mispredictions) primitive uint64_t
2023-03-17 05:04:22 INFO            3 ( 0.23% of mispredictions) pointer struct
2023-03-17 05:04:22 INFO       ground truth (1229 samples, 2.85% of all samples):
2023-03-17 05:04:22 INFO           primitive int8_t
2023-03-17 05:04:22 INFO       most common mispredictions (in total 1229, 100.00% of this label is wrong):
2023-03-17 05:04:22 INFO         1167 (94.96% of mispredictions) primitive int32_t
2023-03-17 05:04:22 INFO           53 ( 4.31% of mispredictions) pointer struct
2023-03-17 05:04:22 INFO            6 ( 0.49% of mispredictions) primitive float64_t
2023-03-17 05:04:22 INFO            3 ( 0.24% of mispredictions) primitive uint64_t
