2023-03-17 05:18:30 INFO     reading predictions from 'drive/MyDrive/Colab Notebooks/seqs/names-filtered-no-wasm-ty/seq4/y_test.acc.txt'...
2023-03-17 05:18:30 INFO     predictions:              215840
2023-03-17 05:18:30 INFO     ground truth samples:      43168
2023-03-17 05:18:30 INFO     top-k: 5
2023-03-17 05:18:30 INFO     perfect match accuracy:
2023-03-17 05:18:30 INFO       top-1: 46.43% (20042/43168)
2023-03-17 05:18:30 INFO       top-2: 57.79% (24947/43168)
2023-03-17 05:18:30 INFO       top-3: 64.19% (27710/43168)
2023-03-17 05:18:30 INFO       top-4: 69.08% (29822/43168)
2023-03-17 05:18:30 INFO       top-5: 73.32% (31651/43168)
2023-03-17 05:18:30 INFO     average type prefix score (top-1): 0.5576
2023-03-17 05:18:30 INFO     average weighted type prefix score (top-1): 0.5891
2023-03-17 05:18:30 INFO     average Jaccard metric (top-1): 0.5595
2023-03-17 05:18:34 INFO     BLEU score (top-1, corpus): 0.6923
2023-03-17 05:18:34 INFO     most common mispredictions:
2023-03-17 05:18:34 INFO       ground truth (3817 samples, 8.84% of all samples):
2023-03-17 05:18:34 INFO           pointer struct
2023-03-17 05:18:34 INFO       most common mispredictions (in total 3150, 82.53% of this label is wrong):
2023-03-17 05:18:34 INFO         3022 (95.94% of mispredictions) primitive int32_t
2023-03-17 05:18:34 INFO           90 ( 2.86% of mispredictions) primitive bool
2023-03-17 05:18:34 INFO           22 ( 0.70% of mispredictions) primitive int16_t
2023-03-17 05:18:34 INFO            5 ( 0.16% of mispredictions) primitive float64_t
2023-03-17 05:18:34 INFO            4 ( 0.13% of mispredictions) pointer name "basic_ostream<char, std::char_traits<char> >" class
2023-03-17 05:18:34 INFO       ground truth (2963 samples, 6.86% of all samples):
2023-03-17 05:18:34 INFO           primitive int64_t
2023-03-17 05:18:34 INFO       most common mispredictions (in total 2925, 98.72% of this label is wrong):
2023-03-17 05:18:34 INFO         2891 (98.84% of mispredictions) primitive int32_t
2023-03-17 05:18:34 INFO            9 ( 0.31% of mispredictions) enum primitive uint32_t
2023-03-17 05:18:34 INFO            9 ( 0.31% of mispredictions) primitive float32_t
2023-03-17 05:18:34 INFO            8 ( 0.27% of mispredictions) primitive uint64_t
2023-03-17 05:18:34 INFO            8 ( 0.27% of mispredictions) primitive bool
2023-03-17 05:18:34 INFO       ground truth (1956 samples, 4.53% of all samples):
2023-03-17 05:18:34 INFO           pointer class
2023-03-17 05:18:34 INFO       most common mispredictions (in total 1952, 99.80% of this label is wrong):
2023-03-17 05:18:34 INFO         1786 (91.50% of mispredictions) primitive int32_t
2023-03-17 05:18:34 INFO          154 ( 7.89% of mispredictions) pointer struct
2023-03-17 05:18:34 INFO            9 ( 0.46% of mispredictions) primitive bool
2023-03-17 05:18:34 INFO            3 ( 0.15% of mispredictions) pointer primitive char
2023-03-17 05:18:34 INFO       ground truth (1747 samples, 4.05% of all samples):
2023-03-17 05:18:34 INFO           pointer unknown
2023-03-17 05:18:34 INFO       most common mispredictions (in total 1743, 99.77% of this label is wrong):
2023-03-17 05:18:34 INFO         1565 (89.79% of mispredictions) primitive int32_t
2023-03-17 05:18:34 INFO          149 ( 8.55% of mispredictions) pointer struct
2023-03-17 05:18:34 INFO           16 ( 0.92% of mispredictions) primitive bool
2023-03-17 05:18:34 INFO            9 ( 0.52% of mispredictions) enum primitive uint32_t
2023-03-17 05:18:34 INFO            4 ( 0.23% of mispredictions) primitive float64_t
2023-03-17 05:18:34 INFO       ground truth (18744 samples, 43.42% of all samples):
2023-03-17 05:18:34 INFO           primitive int32_t
2023-03-17 05:18:34 INFO       most common mispredictions (in total 1658, 8.85% of this label is wrong):
2023-03-17 05:18:34 INFO          582 (35.10% of mispredictions) pointer struct
2023-03-17 05:18:34 INFO          455 (27.44% of mispredictions) primitive bool
2023-03-17 05:18:34 INFO          433 (26.12% of mispredictions) primitive int16_t
2023-03-17 05:18:34 INFO           42 ( 2.53% of mispredictions) pointer const primitive char
2023-03-17 05:18:34 INFO           27 ( 1.63% of mispredictions) enum primitive uint32_t
2023-03-17 05:18:34 INFO       ground truth (1449 samples, 3.36% of all samples):
2023-03-17 05:18:34 INFO           pointer const primitive char
2023-03-17 05:18:34 INFO       most common mispredictions (in total 1336, 92.20% of this label is wrong):
2023-03-17 05:18:34 INFO         1287 (96.33% of mispredictions) primitive int32_t
2023-03-17 05:18:34 INFO           30 ( 2.25% of mispredictions) pointer struct
2023-03-17 05:18:34 INFO            7 ( 0.52% of mispredictions) primitive bool
2023-03-17 05:18:34 INFO            6 ( 0.45% of mispredictions) pointer primitive char
2023-03-17 05:18:34 INFO            6 ( 0.45% of mispredictions) primitive int16_t
