2023-03-17 05:12:52 INFO     reading predictions from 'drive/MyDrive/Colab Notebooks/seqs/names-filtered-no-wasm-ty/seq2/y_test.acc.txt'...
2023-03-17 05:12:52 INFO     predictions:              215840
2023-03-17 05:12:52 INFO     ground truth samples:      43168
2023-03-17 05:12:52 INFO     top-k: 5
2023-03-17 05:12:52 INFO     perfect match accuracy:
2023-03-17 05:12:52 INFO       top-1: 47.29% (20414/43168)
2023-03-17 05:12:52 INFO       top-2: 61.93% (26734/43168)
2023-03-17 05:12:52 INFO       top-3: 66.84% (28854/43168)
2023-03-17 05:12:52 INFO       top-4: 70.25% (30324/43168)
2023-03-17 05:12:52 INFO       top-5: 73.94% (31918/43168)
2023-03-17 05:12:52 INFO     average type prefix score (top-1): 0.5895
2023-03-17 05:12:52 INFO     average weighted type prefix score (top-1): 0.6378
2023-03-17 05:12:52 INFO     average Jaccard metric (top-1): 0.5804
2023-03-17 05:12:56 INFO     BLEU score (top-1, corpus): 0.7003
2023-03-17 05:12:56 INFO     most common mispredictions:
2023-03-17 05:12:56 INFO       ground truth (18744 samples, 43.42% of all samples):
2023-03-17 05:12:56 INFO           primitive int32_t
2023-03-17 05:12:56 INFO       most common mispredictions (in total 4624, 24.67% of this label is wrong):
2023-03-17 05:12:56 INFO         3068 (66.35% of mispredictions) pointer struct
2023-03-17 05:12:56 INFO          591 (12.78% of mispredictions) enum primitive uint32_t
2023-03-17 05:12:56 INFO          283 ( 6.12% of mispredictions) pointer const primitive char
2023-03-17 05:12:56 INFO          181 ( 3.91% of mispredictions) primitive uint32_t
2023-03-17 05:12:56 INFO          171 ( 3.70% of mispredictions) pointer primitive char
2023-03-17 05:12:56 INFO       ground truth (2963 samples, 6.86% of all samples):
2023-03-17 05:12:56 INFO           primitive int64_t
2023-03-17 05:12:56 INFO       most common mispredictions (in total 2613, 88.19% of this label is wrong):
2023-03-17 05:12:56 INFO         2166 (82.89% of mispredictions) primitive int32_t
2023-03-17 05:12:56 INFO          231 ( 8.84% of mispredictions) pointer struct
2023-03-17 05:12:56 INFO          196 ( 7.50% of mispredictions) primitive uint64_t
2023-03-17 05:12:56 INFO            9 ( 0.34% of mispredictions) name "off64_t" primitive int64_t
2023-03-17 05:12:56 INFO            6 ( 0.23% of mispredictions) primitive float64_t
2023-03-17 05:12:56 INFO       ground truth (1956 samples, 4.53% of all samples):
2023-03-17 05:12:56 INFO           pointer class
2023-03-17 05:12:56 INFO       most common mispredictions (in total 1956, 100.00% of this label is wrong):
2023-03-17 05:12:56 INFO         1753 (89.62% of mispredictions) pointer struct
2023-03-17 05:12:56 INFO          185 ( 9.46% of mispredictions) primitive int32_t
2023-03-17 05:12:56 INFO           12 ( 0.61% of mispredictions) primitive uint32_t
2023-03-17 05:12:56 INFO            4 ( 0.20% of mispredictions) pointer primitive char
2023-03-17 05:12:56 INFO            1 ( 0.05% of mispredictions) pointer const struct
2023-03-17 05:12:56 INFO       ground truth (1747 samples, 4.05% of all samples):
2023-03-17 05:12:56 INFO           pointer unknown
2023-03-17 05:12:56 INFO       most common mispredictions (in total 1747, 100.00% of this label is wrong):
2023-03-17 05:12:56 INFO          874 (50.03% of mispredictions) pointer struct
2023-03-17 05:12:56 INFO          755 (43.22% of mispredictions) primitive int32_t
2023-03-17 05:12:56 INFO           52 ( 2.98% of mispredictions) enum primitive uint32_t
2023-03-17 05:12:56 INFO           27 ( 1.55% of mispredictions) pointer const primitive char
2023-03-17 05:12:56 INFO           21 ( 1.20% of mispredictions) pointer const struct
2023-03-17 05:12:56 INFO       ground truth (3817 samples, 8.84% of all samples):
2023-03-17 05:12:56 INFO           pointer struct
2023-03-17 05:12:56 INFO       most common mispredictions (in total 1549, 40.58% of this label is wrong):
2023-03-17 05:12:56 INFO         1390 (89.74% of mispredictions) primitive int32_t
2023-03-17 05:12:56 INFO           48 ( 3.10% of mispredictions) enum primitive uint32_t
2023-03-17 05:12:56 INFO           42 ( 2.71% of mispredictions) pointer const primitive char
2023-03-17 05:12:56 INFO           37 ( 2.39% of mispredictions) pointer primitive char
2023-03-17 05:12:56 INFO           22 ( 1.42% of mispredictions) pointer const struct
2023-03-17 05:12:56 INFO       ground truth (1229 samples, 2.85% of all samples):
2023-03-17 05:12:56 INFO           primitive int8_t
2023-03-17 05:12:56 INFO       most common mispredictions (in total 1229, 100.00% of this label is wrong):
2023-03-17 05:12:56 INFO         1111 (90.40% of mispredictions) primitive int32_t
2023-03-17 05:12:56 INFO           51 ( 4.15% of mispredictions) pointer struct
2023-03-17 05:12:56 INFO           37 ( 3.01% of mispredictions) primitive char
2023-03-17 05:12:56 INFO           29 ( 2.36% of mispredictions) primitive bool
2023-03-17 05:12:56 INFO            1 ( 0.08% of mispredictions) primitive uint32_t
