2023-03-17 05:21:58 INFO     reading predictions from 'drive/MyDrive/Colab Notebooks/seqs/names-filtered-no-wasm-ty/seq5/y_test.acc.txt'...
2023-03-17 05:21:58 INFO     predictions:              215840
2023-03-17 05:21:58 INFO     ground truth samples:      43168
2023-03-17 05:21:58 INFO     top-k: 5
2023-03-17 05:21:58 INFO     perfect match accuracy:
2023-03-17 05:21:58 INFO       top-1: 49.70% (21454/43168)
2023-03-17 05:21:58 INFO       top-2: 64.70% (27930/43168)
2023-03-17 05:21:58 INFO       top-3: 70.93% (30619/43168)
2023-03-17 05:21:58 INFO       top-4: 75.26% (32490/43168)
2023-03-17 05:21:58 INFO       top-5: 79.07% (34131/43168)
2023-03-17 05:21:59 INFO     average type prefix score (top-1): 0.6013
2023-03-17 05:21:59 INFO     average weighted type prefix score (top-1): 0.648
2023-03-17 05:21:59 INFO     average Jaccard metric (top-1): 0.6069
2023-03-17 05:22:03 INFO     BLEU score (top-1, corpus): 0.7329
2023-03-17 05:22:03 INFO     most common mispredictions:
2023-03-17 05:22:03 INFO       ground truth (18744 samples, 43.42% of all samples):
2023-03-17 05:22:03 INFO           primitive int32_t
2023-03-17 05:22:03 INFO       most common mispredictions (in total 4280, 22.83% of this label is wrong):
2023-03-17 05:22:03 INFO         2020 (47.20% of mispredictions) pointer struct
2023-03-17 05:22:03 INFO          593 (13.86% of mispredictions) pointer const primitive char
2023-03-17 05:22:03 INFO          319 ( 7.45% of mispredictions) primitive uint32_t
2023-03-17 05:22:03 INFO          243 ( 5.68% of mispredictions) name "size_t" primitive uint32_t
2023-03-17 05:22:03 INFO          204 ( 4.77% of mispredictions) pointer primitive char
2023-03-17 05:22:03 INFO       ground truth (2963 samples, 6.86% of all samples):
2023-03-17 05:22:03 INFO           primitive int64_t
2023-03-17 05:22:03 INFO       most common mispredictions (in total 2120, 71.55% of this label is wrong):
2023-03-17 05:22:03 INFO         1312 (61.89% of mispredictions) primitive int32_t
2023-03-17 05:22:03 INFO          266 (12.55% of mispredictions) primitive uint64_t
2023-03-17 05:22:03 INFO          187 ( 8.82% of mispredictions) primitive float32_t
2023-03-17 05:22:03 INFO          135 ( 6.37% of mispredictions) name "off_t" primitive int64_t
2023-03-17 05:22:03 INFO          124 ( 5.85% of mispredictions) primitive float64_t
2023-03-17 05:22:03 INFO       ground truth (3817 samples, 8.84% of all samples):
2023-03-17 05:22:03 INFO           pointer struct
2023-03-17 05:22:03 INFO       most common mispredictions (in total 1942, 50.88% of this label is wrong):
2023-03-17 05:22:03 INFO         1408 (72.50% of mispredictions) primitive int32_t
2023-03-17 05:22:03 INFO          167 ( 8.60% of mispredictions) pointer pointer struct
2023-03-17 05:22:03 INFO          121 ( 6.23% of mispredictions) pointer const primitive char
2023-03-17 05:22:03 INFO           44 ( 2.27% of mispredictions) pointer const name "ctype<char>" class
2023-03-17 05:22:03 INFO           43 ( 2.21% of mispredictions) pointer class
2023-03-17 05:22:03 INFO       ground truth (1956 samples, 4.53% of all samples):
2023-03-17 05:22:03 INFO           pointer class
2023-03-17 05:22:03 INFO       most common mispredictions (in total 1901, 97.19% of this label is wrong):
2023-03-17 05:22:03 INFO          921 (48.45% of mispredictions) pointer pointer struct
2023-03-17 05:22:03 INFO          454 (23.88% of mispredictions) primitive int32_t
2023-03-17 05:22:03 INFO          307 (16.15% of mispredictions) pointer struct
2023-03-17 05:22:03 INFO           92 ( 4.84% of mispredictions) pointer const name "ctype<char>" class
2023-03-17 05:22:03 INFO           39 ( 2.05% of mispredictions) pointer const primitive char
2023-03-17 05:22:03 INFO       ground truth (1747 samples, 4.05% of all samples):
2023-03-17 05:22:03 INFO           pointer unknown
2023-03-17 05:22:03 INFO       most common mispredictions (in total 1704, 97.54% of this label is wrong):
2023-03-17 05:22:03 INFO         1036 (60.80% of mispredictions) primitive int32_t
2023-03-17 05:22:03 INFO          479 (28.11% of mispredictions) pointer struct
2023-03-17 05:22:03 INFO           86 ( 5.05% of mispredictions) pointer const primitive char
2023-03-17 05:22:03 INFO           30 ( 1.76% of mispredictions) pointer primitive char
2023-03-17 05:22:03 INFO           17 ( 1.00% of mispredictions) primitive uint32_t
2023-03-17 05:22:03 INFO       ground truth (1229 samples, 2.85% of all samples):
2023-03-17 05:22:03 INFO           primitive int8_t
2023-03-17 05:22:03 INFO       most common mispredictions (in total 1229, 100.00% of this label is wrong):
2023-03-17 05:22:03 INFO         1079 (87.79% of mispredictions) primitive int32_t
2023-03-17 05:22:03 INFO           78 ( 6.35% of mispredictions) primitive bool
2023-03-17 05:22:03 INFO           36 ( 2.93% of mispredictions) primitive char
2023-03-17 05:22:03 INFO           11 ( 0.90% of mispredictions) primitive float64_t
2023-03-17 05:22:03 INFO            9 ( 0.73% of mispredictions) primitive uint32_t
