atomic.fence
block
br
br_if
br_table
call
call_indirect
drop
else
else,br_if
else,br_table
else,call
else,call_indirect
else,drop
else,end
else,f32.convert_i32_u
else,f32.demote_f64
else,f32.mul
else,f64.abs
else,f64.add
else,f64.const
else,f64.convert_i32_u
else,f64.div
else,f64.floor
else,f64.load
else,f64.lt
else,f64.mul
else,f64.promote_f32
else,f64.sqrt
else,f64.sub
else,i32.add
else,i32.and
else,i32.const
else,i32.div_s
else,i32.eq
else,i32.eqz
else,i32.ge_s
else,i32.ge_u
else,i32.gt_s
else,i32.le_s
else,i32.load
else,i32.load8_u
else,i32.lt_s
else,i32.mul
else,i32.ne
else,i32.or
else,i32.rem_s
else,i32.rem_u
else,i32.rotl
else,i32.shl
else,i32.shr_s
else,i32.shr_u
else,i32.store
else,i32.store16
else,i32.store8
else,i32.sub
else,i32.wrap_i64
else,i32.xor
else,i64.add
else,i64.const
else,i64.load32_u
else,i64.mul
else,i64.rem_s
else,i64.rotl
else,i64.store
else,i64.sub
else,i64.xor
else,if
else,if,br
else,if,br_if
else,if,call
else,if,end
else,if,i32.add
else,if,i32.and
else,if,i32.const
else,if,i32.load
else,if,i32.ne
else,if,i32.or
else,if,i32.shl
else,if,i32.shr_u
else,if,i32.store
else,if,i32.store8
else,if,i32.sub
else,if,i32.trunc_f64_s
else,if,local.get
else,if,local.set
else,if,local.tee
else,if,loop
else,if,loop,br_if
else,if,loop,call
else,if,loop,end
else,if,loop,i32.add
else,if,loop,i32.const
else,if,loop,i32.eqz
else,if,loop,i32.load
else,if,loop,i32.load8_u
else,if,loop,i32.lt_s
else,if,loop,i32.ne
else,if,loop,i32.shl
else,if,loop,i32.store
else,if,loop,i32.store8
else,if,loop,i32.sub
else,if,loop,if
else,if,loop,if,br_if
else,if,loop,if,call
else,if,loop,if,i32.add
else,if,loop,if,i32.const
else,if,loop,if,i32.eqz
else,if,loop,if,i32.load
else,if,loop,if,local.get
else,if,loop,if,unreachable
else,if,loop,local.get
else,if,loop,local.tee
else,local.get
else,local.set
else,local.tee
else,loop
else,loop,br
else,loop,br_if
else,loop,br_table
else,loop,call
else,loop,call_indirect
else,loop,drop
else,loop,else
else,loop,else,i32.load
else,loop,else,local.get
else,loop,end
else,loop,f32.mul
else,loop,f64.abs
else,loop,f64.add
else,loop,f64.const
else,loop,f64.lt
else,loop,f64.promote_f32
else,loop,i32.add
else,loop,i32.and
else,loop,i32.const
else,loop,i32.eq
else,loop,i32.eqz
else,loop,i32.ge_s
else,loop,i32.gt_s
else,loop,i32.gt_u
else,loop,i32.load
else,loop,i32.load16_u
else,loop,i32.load8_s
else,loop,i32.load8_u
else,loop,i32.lt_s
else,loop,i32.lt_u
else,loop,i32.mul
else,loop,i32.ne
else,loop,i32.shl
else,loop,i32.shr_u
else,loop,i32.store
else,loop,i32.sub
else,loop,i32.xor
else,loop,i64.add
else,loop,i64.and
else,loop,i64.const
else,loop,i64.gt_u
else,loop,i64.load8_s
else,loop,i64.lt_u
else,loop,i64.mul
else,loop,i64.shr_s
else,loop,i64.store8
else,loop,if
else,loop,if,br
else,loop,if,br_if
else,loop,if,br_table
else,loop,if,call
else,loop,if,call_indirect
else,loop,if,drop
else,loop,if,else
else,loop,if,else,i32.load
else,loop,if,else,local.get
else,loop,if,end
else,loop,if,i32.add
else,loop,if,i32.and
else,loop,if,i32.const
else,loop,if,i32.eq
else,loop,if,i32.eqz
else,loop,if,i32.ge_s
else,loop,if,i32.gt_u
else,loop,if,i32.load
else,loop,if,i32.load16_u
else,loop,if,i32.load8_u
else,loop,if,i32.lt_s
else,loop,if,i32.ne
else,loop,if,i32.or
else,loop,if,i32.shl
else,loop,if,i32.shr_u
else,loop,if,i32.store
else,loop,if,i32.sub
else,loop,if,i32.trunc_f64_s
else,loop,if,local.get
else,loop,if,local.set
else,loop,if,local.tee
else,loop,if,loop
else,loop,if,loop,br
else,loop,if,loop,br_if
else,loop,if,loop,br_table
else,loop,if,loop,call
else,loop,if,loop,call_indirect
else,loop,if,loop,drop
else,loop,if,loop,end
else,loop,if,loop,i32.add
else,loop,if,loop,i32.const
else,loop,if,loop,i32.eqz
else,loop,if,loop,i32.load
else,loop,if,loop,i32.load8_u
else,loop,if,loop,i32.shl
else,loop,if,loop,i32.shr_s
else,loop,if,loop,i32.store
else,loop,if,loop,i32.sub
else,loop,if,loop,if
else,loop,if,loop,if,br
else,loop,if,loop,if,call
else,loop,if,loop,if,i32.add
else,loop,if,loop,if,i32.const
else,loop,if,loop,if,i32.load
else,loop,if,loop,if,i32.store
else,loop,if,loop,if,local.get
else,loop,if,loop,if,local.tee
else,loop,if,loop,local.get
else,loop,if,loop,local.set
else,loop,if,loop,local.tee
else,loop,if,select
else,loop,local.get
else,loop,local.set
else,loop,local.tee
else,loop,select
else,return
else,select
end
f32.abs
f32.add
f32.ceil
f32.const
f32.convert_i32_s
f32.convert_i32_u
f32.convert_i64_s
f32.convert_i64_u
f32.copysign
f32.demote_f64
f32.div
f32.eq
f32.floor
f32.ge
f32.gt
f32.le
f32.load
f32.lt
f32.max
f32.min
f32.mul
f32.ne
f32.nearest
f32.neg
f32.reinterpret_i32
f32.sqrt
f32.store
f32.sub
f64.abs
f64.add
f64.ceil
f64.const
f64.convert_i32_s
f64.convert_i32_u
f64.convert_i64_s
f64.convert_i64_u
f64.copysign
f64.div
f64.eq
f64.floor
f64.ge
f64.gt
f64.le
f64.load
f64.lt
f64.max
f64.min
f64.mul
f64.ne
f64.nearest
f64.neg
f64.promote_f32
f64.reinterpret_i64
f64.sqrt
f64.store
f64.sub
f64.trunc
global.get
global.set
i32.add
i32.and
i32.atomic.load
i32.atomic.load8_u
i32.atomic.rmw.add
i32.atomic.rmw.cmpxchg
i32.atomic.rmw.sub
i32.atomic.rmw.xchg
i32.atomic.store8
i32.clz
i32.const
i32.ctz
i32.div_s
i32.div_u
i32.eq
i32.eqz
i32.extend16_s
i32.extend8_s
i32.ge_s
i32.ge_u
i32.gt_s
i32.gt_u
i32.le_s
i32.le_u
i32.load
i32.load16_s
i32.load16_u
i32.load8_s
i32.load8_u
i32.lt_s
i32.lt_u
i32.mul
i32.ne
i32.or
i32.popcnt
i32.reinterpret_f32
i32.rem_s
i32.rem_u
i32.rotl
i32.rotr
i32.shl
i32.shr_s
i32.shr_u
i32.store
i32.store16
i32.store8
i32.sub
i32.trunc_f32_s
i32.trunc_f32_u
i32.trunc_f64_s
i32.trunc_f64_u
i32.wrap_i64
i32.xor
i64.add
i64.and
i64.clz
i64.const
i64.ctz
i64.div_s
i64.div_u
i64.eq
i64.eqz
i64.extend16_s
i64.extend32_s
i64.extend_i32_s
i64.extend_i32_u
i64.ge_s
i64.ge_u
i64.gt_s
i64.gt_u
i64.le_s
i64.le_u
i64.load
i64.load16_s
i64.load16_u
i64.load32_s
i64.load32_u
i64.load8_s
i64.load8_u
i64.lt_s
i64.lt_u
i64.mul
i64.ne
i64.or
i64.popcnt
i64.reinterpret_f64
i64.rem_s
i64.rem_u
i64.rotl
i64.rotr
i64.shl
i64.shr_s
i64.shr_u
i64.store
i64.store16
i64.store32
i64.store8
i64.sub
i64.trunc_f32_s
i64.trunc_f32_u
i64.trunc_f64_s
i64.trunc_f64_u
i64.xor
if
if,br
if,br_if
if,br_table
if,call
if,call_indirect
if,drop
if,else
if,else,br_if
if,else,br_table
if,else,call
if,else,drop
if,else,end
if,else,f64.add
if,else,f64.const
if,else,f64.convert_i32_s
if,else,f64.div
if,else,f64.mul
if,else,f64.sub
if,else,i32.add
if,else,i32.and
if,else,i32.const
if,else,i32.eq
if,else,i32.eqz
if,else,i32.ge_u
if,else,i32.le_u
if,else,i32.load
if,else,i32.load8_u
if,else,i32.mul
if,else,i32.ne
if,else,i32.or
if,else,i32.shl
if,else,i32.store
if,else,i32.sub
if,else,i64.add
if,else,i64.and
if,else,i64.const
if,else,i64.eqz
if,else,i64.load32_u
if,else,i64.mul
if,else,i64.ne
if,else,i64.rotl
if,else,i64.xor
if,else,if
if,else,if,br
if,else,if,br_if
if,else,if,call
if,else,if,end
if,else,if,i32.add
if,else,if,i32.and
if,else,if,i32.const
if,else,if,i32.load
if,else,if,i32.load8_u
if,else,if,i32.or
if,else,if,i32.shl
if,else,if,i32.shr_u
if,else,if,i32.sub
if,else,if,i32.wrap_i64
if,else,if,i64.eq
if,else,if,i64.load
if,else,if,local.get
if,else,if,local.set
if,else,if,local.tee
if,else,if,loop
if,else,if,loop,br_if
if,else,if,loop,i32.add
if,else,if,loop,i32.and
if,else,if,loop,i32.const
if,else,if,loop,i32.load8_u
if,else,if,loop,i32.lt_u
if,else,if,loop,i32.mul
if,else,if,loop,i32.sub
if,else,if,loop,local.get
if,else,if,loop,local.set
if,else,if,select
if,else,local.get
if,else,local.set
if,else,local.tee
if,else,loop
if,else,loop,br_if
if,else,loop,call
if,else,loop,drop
if,else,loop,f64.const
if,else,loop,f64.mul
if,else,loop,i32.add
if,else,loop,i32.const
if,else,loop,i32.le_s
if,else,loop,i32.load
if,else,loop,i32.ne
if,else,loop,i32.shl
if,else,loop,i32.store
if,else,loop,local.get
if,else,loop,local.set
if,else,loop,local.tee
if,else,select
if,end
if,f32.abs
if,f32.add
if,f32.ceil
if,f32.const
if,f32.convert_i32_s
if,f32.convert_i32_u
if,f32.convert_i64_s
if,f32.convert_i64_u
if,f32.demote_f64
if,f32.div
if,f32.eq
if,f32.floor
if,f32.ge
if,f32.gt
if,f32.le
if,f32.load
if,f32.lt
if,f32.max
if,f32.min
if,f32.mul
if,f32.ne
if,f32.nearest
if,f32.neg
if,f32.reinterpret_i32
if,f32.sqrt
if,f32.store
if,f32.sub
if,f64.abs
if,f64.add
if,f64.ceil
if,f64.const
if,f64.convert_i32_s
if,f64.convert_i32_u
if,f64.convert_i64_s
if,f64.convert_i64_u
if,f64.copysign
if,f64.div
if,f64.eq
if,f64.floor
if,f64.ge
if,f64.gt
if,f64.le
if,f64.load
if,f64.lt
if,f64.max
if,f64.min
if,f64.mul
if,f64.ne
if,f64.neg
if,f64.promote_f32
if,f64.reinterpret_i64
if,f64.sqrt
if,f64.store
if,f64.sub
if,global.set
if,i32.add
if,i32.and
if,i32.clz
if,i32.const
if,i32.ctz
if,i32.div_s
if,i32.div_u
if,i32.eq
if,i32.eqz
if,i32.extend16_s
if,i32.ge_s
if,i32.ge_u
if,i32.gt_s
if,i32.gt_u
if,i32.le_s
if,i32.le_u
if,i32.load
if,i32.load16_s
if,i32.load16_u
if,i32.load8_s
if,i32.load8_u
if,i32.lt_s
if,i32.lt_u
if,i32.mul
if,i32.ne
if,i32.or
if,i32.popcnt
if,i32.reinterpret_f32
if,i32.rem_s
if,i32.rem_u
if,i32.rotl
if,i32.shl
if,i32.shr_s
if,i32.shr_u
if,i32.store
if,i32.store16
if,i32.store8
if,i32.sub
if,i32.trunc_f32_s
if,i32.trunc_f32_u
if,i32.trunc_f64_s
if,i32.trunc_f64_u
if,i32.wrap_i64
if,i32.xor
if,i64.add
if,i64.and
if,i64.const
if,i64.div_s
if,i64.div_u
if,i64.eq
if,i64.eqz
if,i64.extend_i32_s
if,i64.extend_i32_u
if,i64.ge_s
if,i64.ge_u
if,i64.gt_s
if,i64.gt_u
if,i64.le_s
if,i64.le_u
if,i64.load
if,i64.load16_s
if,i64.load16_u
if,i64.load32_s
if,i64.load32_u
if,i64.load8_s
if,i64.load8_u
if,i64.lt_s
if,i64.lt_u
if,i64.mul
if,i64.ne
if,i64.or
if,i64.reinterpret_f64
if,i64.rem_s
if,i64.rem_u
if,i64.rotl
if,i64.shl
if,i64.shr_s
if,i64.shr_u
if,i64.store
if,i64.store32
if,i64.store8
if,i64.sub
if,i64.trunc_f32_s
if,i64.trunc_f32_u
if,i64.trunc_f64_s
if,i64.trunc_f64_u
if,i64.xor
if,local.get
if,local.set
if,local.tee
if,loop
if,loop,br
if,loop,br_if
if,loop,br_table
if,loop,call
if,loop,call_indirect
if,loop,drop
if,loop,else
if,loop,else,br
if,loop,else,br_if
if,loop,else,call
if,loop,else,call_indirect
if,loop,else,drop
if,loop,else,else
if,loop,else,else,f64.add
if,loop,else,else,f64.const
if,loop,else,else,local.get
if,loop,else,end
if,loop,else,f32.const
if,loop,else,f64.add
if,loop,else,f64.const
if,loop,else,f64.convert_i32_s
if,loop,else,f64.gt
if,loop,else,f64.le
if,loop,else,f64.load
if,loop,else,f64.mul
if,loop,else,f64.neg
if,loop,else,f64.sqrt
if,loop,else,f64.sub
if,loop,else,i32.add
if,loop,else,i32.and
if,loop,else,i32.const
if,loop,else,i32.div_u
if,loop,else,i32.eq
if,loop,else,i32.eqz
if,loop,else,i32.load
if,loop,else,i32.load16_u
if,loop,else,i32.load8_u
if,loop,else,i32.lt_s
if,loop,else,i32.mul
if,loop,else,i32.ne
if,loop,else,i32.or
if,loop,else,i32.shl
if,loop,else,i32.shr_s
if,loop,else,i32.store
if,loop,else,i32.store16
if,loop,else,i32.store8
if,loop,else,i32.sub
if,loop,else,i32.wrap_i64
if,loop,else,i32.xor
if,loop,else,i64.add
if,loop,else,i64.and
if,loop,else,i64.const
if,loop,else,i64.extend_i32_u
if,loop,else,i64.or
if,loop,else,i64.shl
if,loop,else,i64.store
if,loop,else,if
if,loop,else,if,br
if,loop,else,if,br_if
if,loop,else,if,call
if,loop,else,if,drop
if,loop,else,if,end
if,loop,else,if,f64.add
if,loop,else,if,f64.const
if,loop,else,if,i32.add
if,loop,else,if,i32.const
if,loop,else,if,i32.eqz
if,loop,else,if,i32.load
if,loop,else,if,i32.shl
if,loop,else,if,i32.store
if,loop,else,if,i32.store8
if,loop,else,if,i32.sub
if,loop,else,if,local.get
if,loop,else,if,local.set
if,loop,else,if,local.tee
if,loop,else,local.get
if,loop,else,local.set
if,loop,else,local.tee
if,loop,else,loop
if,loop,else,loop,br
if,loop,else,loop,br_if
if,loop,else,loop,call
if,loop,else,loop,end
if,loop,else,loop,f32.add
if,loop,else,loop,f32.gt
if,loop,else,loop,f32.load
if,loop,else,loop,f32.lt
if,loop,else,loop,f32.store
if,loop,else,loop,f32.sub
if,loop,else,loop,f64.add
if,loop,else,loop,f64.const
if,loop,else,loop,f64.div
if,loop,else,loop,f64.gt
if,loop,else,loop,f64.load
if,loop,else,loop,f64.lt
if,loop,else,loop,f64.mul
if,loop,else,loop,f64.ne
if,loop,else,loop,f64.store
if,loop,else,loop,f64.sub
if,loop,else,loop,i32.add
if,loop,else,loop,i32.and
if,loop,else,loop,i32.const
if,loop,else,loop,i32.eq
if,loop,else,loop,i32.eqz
if,loop,else,loop,i32.ge_u
if,loop,else,loop,i32.gt_s
if,loop,else,loop,i32.gt_u
if,loop,else,loop,i32.le_s
if,loop,else,loop,i32.load
if,loop,else,loop,i32.load16_u
if,loop,else,loop,i32.load8_u
if,loop,else,loop,i32.lt_s
if,loop,else,loop,i32.lt_u
if,loop,else,loop,i32.mul
if,loop,else,loop,i32.ne
if,loop,else,loop,i32.shl
if,loop,else,loop,i32.shr_u
if,loop,else,loop,i32.store
if,loop,else,loop,i32.store8
if,loop,else,loop,i32.sub
if,loop,else,loop,i32.xor
if,loop,else,loop,i64.load
if,loop,else,loop,i64.store
if,loop,else,loop,if
if,loop,else,loop,if,br
if,loop,else,loop,if,br_if
if,loop,else,loop,if,call
if,loop,else,loop,if,end
if,loop,else,loop,if,f64.add
if,loop,else,loop,if,f64.const
if,loop,else,loop,if,f64.gt
if,loop,else,loop,if,f64.load
if,loop,else,loop,if,f64.mul
if,loop,else,loop,if,f64.store
if,loop,else,loop,if,f64.sub
if,loop,else,loop,if,i32.add
if,loop,else,loop,if,i32.and
if,loop,else,loop,if,i32.const
if,loop,else,loop,if,i32.eqz
if,loop,else,loop,if,i32.load
if,loop,else,loop,if,i32.load8_u
if,loop,else,loop,if,i32.ne
if,loop,else,loop,if,i32.shl
if,loop,else,loop,if,i32.store
if,loop,else,loop,if,i32.xor
if,loop,else,loop,if,local.get
if,loop,else,loop,if,local.set
if,loop,else,loop,if,local.tee
if,loop,else,loop,if,loop
if,loop,else,loop,if,loop,br_if
if,loop,else,loop,if,loop,f64.add
if,loop,else,loop,if,loop,f64.const
if,loop,else,loop,if,loop,f64.load
if,loop,else,loop,if,loop,f64.lt
if,loop,else,loop,if,loop,f64.max
if,loop,else,loop,if,loop,f64.mul
if,loop,else,loop,if,loop,f64.store
if,loop,else,loop,if,loop,i32.add
if,loop,else,loop,if,loop,i32.const
if,loop,else,loop,if,loop,i32.ne
if,loop,else,loop,if,loop,i32.shl
if,loop,else,loop,if,loop,local.get
if,loop,else,loop,if,loop,local.set
if,loop,else,loop,if,loop,local.tee
if,loop,else,loop,if,loop,select
if,loop,else,loop,local.get
if,loop,else,loop,local.set
if,loop,else,loop,local.tee
if,loop,else,loop,select
if,loop,else,return
if,loop,else,select
if,loop,else,unreachable
if,loop,end
if,loop,f32.abs
if,loop,f32.add
if,loop,f32.const
if,loop,f32.convert_i32_s
if,loop,f32.convert_i32_u
if,loop,f32.convert_i64_s
if,loop,f32.convert_i64_u
if,loop,f32.demote_f64
if,loop,f32.div
if,loop,f32.eq
if,loop,f32.floor
if,loop,f32.ge
if,loop,f32.gt
if,loop,f32.le
if,loop,f32.load
if,loop,f32.lt
if,loop,f32.max
if,loop,f32.min
if,loop,f32.mul
if,loop,f32.ne
if,loop,f32.neg
if,loop,f32.reinterpret_i32
if,loop,f32.sqrt
if,loop,f32.store
if,loop,f32.sub
if,loop,f64.abs
if,loop,f64.add
if,loop,f64.ceil
if,loop,f64.const
if,loop,f64.convert_i32_s
if,loop,f64.convert_i32_u
if,loop,f64.convert_i64_s
if,loop,f64.convert_i64_u
if,loop,f64.copysign
if,loop,f64.div
if,loop,f64.eq
if,loop,f64.floor
if,loop,f64.ge
if,loop,f64.gt
if,loop,f64.le
if,loop,f64.load
if,loop,f64.lt
if,loop,f64.max
if,loop,f64.min
if,loop,f64.mul
if,loop,f64.ne
if,loop,f64.neg
if,loop,f64.promote_f32
if,loop,f64.reinterpret_i64
if,loop,f64.sqrt
if,loop,f64.store
if,loop,f64.sub
if,loop,f64.trunc
if,loop,global.set
if,loop,i32.add
if,loop,i32.and
if,loop,i32.clz
if,loop,i32.const
if,loop,i32.ctz
if,loop,i32.div_s
if,loop,i32.div_u
if,loop,i32.eq
if,loop,i32.eqz
if,loop,i32.extend16_s
if,loop,i32.extend8_s
if,loop,i32.ge_s
if,loop,i32.ge_u
if,loop,i32.gt_s
if,loop,i32.gt_u
if,loop,i32.le_s
if,loop,i32.le_u
if,loop,i32.load
if,loop,i32.load16_s
if,loop,i32.load16_u
if,loop,i32.load8_s
if,loop,i32.load8_u
if,loop,i32.lt_s
if,loop,i32.lt_u
if,loop,i32.mul
if,loop,i32.ne
if,loop,i32.or
if,loop,i32.popcnt
if,loop,i32.reinterpret_f32
if,loop,i32.rem_s
if,loop,i32.rem_u
if,loop,i32.rotl
if,loop,i32.shl
if,loop,i32.shr_s
if,loop,i32.shr_u
if,loop,i32.store
if,loop,i32.store16
if,loop,i32.store8
if,loop,i32.sub
if,loop,i32.trunc_f32_s
if,loop,i32.trunc_f32_u
if,loop,i32.trunc_f64_s
if,loop,i32.trunc_f64_u
if,loop,i32.wrap_i64
if,loop,i32.xor
if,loop,i64.add
if,loop,i64.and
if,loop,i64.clz
if,loop,i64.const
if,loop,i64.div_s
if,loop,i64.div_u
if,loop,i64.eq
if,loop,i64.eqz
if,loop,i64.extend_i32_s
if,loop,i64.extend_i32_u
if,loop,i64.ge_s
if,loop,i64.ge_u
if,loop,i64.gt_s
if,loop,i64.gt_u
if,loop,i64.le_s
if,loop,i64.le_u
if,loop,i64.load
if,loop,i64.load16_s
if,loop,i64.load16_u
if,loop,i64.load32_s
if,loop,i64.load32_u
if,loop,i64.load8_s
if,loop,i64.load8_u
if,loop,i64.lt_s
if,loop,i64.lt_u
if,loop,i64.mul
if,loop,i64.ne
if,loop,i64.or
if,loop,i64.popcnt
if,loop,i64.reinterpret_f64
if,loop,i64.rem_s
if,loop,i64.rem_u
if,loop,i64.rotl
if,loop,i64.shl
if,loop,i64.shr_s
if,loop,i64.shr_u
if,loop,i64.store
if,loop,i64.store16
if,loop,i64.store32
if,loop,i64.store8
if,loop,i64.sub
if,loop,i64.trunc_f32_s
if,loop,i64.trunc_f32_u
if,loop,i64.trunc_f64_s
if,loop,i64.trunc_f64_u
if,loop,i64.xor
if,loop,if
if,loop,if,br
if,loop,if,br_if
if,loop,if,br_table
if,loop,if,call
if,loop,if,call_indirect
if,loop,if,drop
if,loop,if,else
if,loop,if,else,br
if,loop,if,else,call
if,loop,if,else,drop
if,loop,if,else,i32.add
if,loop,if,else,i32.const
if,loop,if,else,i32.gt_s
if,loop,if,else,i32.load
if,loop,if,else,i32.load8_u
if,loop,if,else,i32.or
if,loop,if,else,i32.shl
if,loop,if,else,i64.gt_s
if,loop,if,else,i64.load
if,loop,if,else,local.get
if,loop,if,else,local.set
if,loop,if,else,select
if,loop,if,end
if,loop,if,f32.abs
if,loop,if,f32.add
if,loop,if,f32.const
if,loop,if,f32.convert_i32_s
if,loop,if,f32.convert_i32_u
if,loop,if,f32.convert_i64_u
if,loop,if,f32.demote_f64
if,loop,if,f32.div
if,loop,if,f32.ge
if,loop,if,f32.gt
if,loop,if,f32.load
if,loop,if,f32.lt
if,loop,if,f32.max
if,loop,if,f32.min
if,loop,if,f32.mul
if,loop,if,f32.neg
if,loop,if,f32.reinterpret_i32
if,loop,if,f32.store
if,loop,if,f32.sub
if,loop,if,f64.abs
if,loop,if,f64.add
if,loop,if,f64.ceil
if,loop,if,f64.const
if,loop,if,f64.convert_i32_s
if,loop,if,f64.convert_i32_u
if,loop,if,f64.convert_i64_s
if,loop,if,f64.convert_i64_u
if,loop,if,f64.div
if,loop,if,f64.eq
if,loop,if,f64.floor
if,loop,if,f64.ge
if,loop,if,f64.gt
if,loop,if,f64.le
if,loop,if,f64.load
if,loop,if,f64.lt
if,loop,if,f64.min
if,loop,if,f64.mul
if,loop,if,f64.ne
if,loop,if,f64.neg
if,loop,if,f64.promote_f32
if,loop,if,f64.sqrt
if,loop,if,f64.store
if,loop,if,f64.sub
if,loop,if,global.set
if,loop,if,i32.add
if,loop,if,i32.and
if,loop,if,i32.clz
if,loop,if,i32.const
if,loop,if,i32.ctz
if,loop,if,i32.div_s
if,loop,if,i32.div_u
if,loop,if,i32.eq
if,loop,if,i32.eqz
if,loop,if,i32.extend16_s
if,loop,if,i32.extend8_s
if,loop,if,i32.ge_s
if,loop,if,i32.ge_u
if,loop,if,i32.gt_s
if,loop,if,i32.gt_u
if,loop,if,i32.le_s
if,loop,if,i32.le_u
if,loop,if,i32.load
if,loop,if,i32.load16_s
if,loop,if,i32.load16_u
if,loop,if,i32.load8_s
if,loop,if,i32.load8_u
if,loop,if,i32.lt_s
if,loop,if,i32.lt_u
if,loop,if,i32.mul
if,loop,if,i32.ne
if,loop,if,i32.or
if,loop,if,i32.reinterpret_f32
if,loop,if,i32.rem_s
if,loop,if,i32.rem_u
if,loop,if,i32.rotl
if,loop,if,i32.shl
if,loop,if,i32.shr_s
if,loop,if,i32.shr_u
if,loop,if,i32.store
if,loop,if,i32.store16
if,loop,if,i32.store8
if,loop,if,i32.sub
if,loop,if,i32.trunc_f32_s
if,loop,if,i32.trunc_f32_u
if,loop,if,i32.trunc_f64_s
if,loop,if,i32.trunc_f64_u
if,loop,if,i32.wrap_i64
if,loop,if,i32.xor
if,loop,if,i64.add
if,loop,if,i64.and
if,loop,if,i64.const
if,loop,if,i64.div_u
if,loop,if,i64.eq
if,loop,if,i64.eqz
if,loop,if,i64.extend_i32_s
if,loop,if,i64.extend_i32_u
if,loop,if,i64.ge_s
if,loop,if,i64.ge_u
if,loop,if,i64.gt_s
if,loop,if,i64.gt_u
if,loop,if,i64.le_s
if,loop,if,i64.le_u
if,loop,if,i64.load
if,loop,if,i64.load16_u
if,loop,if,i64.load32_s
if,loop,if,i64.load32_u
if,loop,if,i64.load8_u
if,loop,if,i64.lt_s
if,loop,if,i64.lt_u
if,loop,if,i64.mul
if,loop,if,i64.ne
if,loop,if,i64.or
if,loop,if,i64.reinterpret_f64
if,loop,if,i64.rem_u
if,loop,if,i64.rotl
if,loop,if,i64.shl
if,loop,if,i64.shr_s
if,loop,if,i64.shr_u
if,loop,if,i64.store
if,loop,if,i64.store32
if,loop,if,i64.store8
if,loop,if,i64.sub
if,loop,if,i64.trunc_f32_s
if,loop,if,i64.trunc_f32_u
if,loop,if,i64.trunc_f64_s
if,loop,if,i64.trunc_f64_u
if,loop,if,i64.xor
if,loop,if,local.get
if,loop,if,local.set
if,loop,if,local.tee
if,loop,if,loop
if,loop,if,loop,br
if,loop,if,loop,br_if
if,loop,if,loop,br_table
if,loop,if,loop,call
if,loop,if,loop,call_indirect
if,loop,if,loop,drop
if,loop,if,loop,else
if,loop,if,loop,else,br
if,loop,if,loop,else,br_if
if,loop,if,loop,else,br_table
if,loop,if,loop,else,call
if,loop,if,loop,else,drop
if,loop,if,loop,else,end
if,loop,if,loop,else,f64.load
if,loop,if,loop,else,i32.add
if,loop,if,loop,else,i32.and
if,loop,if,loop,else,i32.clz
if,loop,if,loop,else,i32.const
if,loop,if,loop,else,i32.ctz
if,loop,if,loop,else,i32.eq
if,loop,if,loop,else,i32.eqz
if,loop,if,loop,else,i32.ge_u
if,loop,if,loop,else,i32.gt_u
if,loop,if,loop,else,i32.le_s
if,loop,if,loop,else,i32.le_u
if,loop,if,loop,else,i32.load
if,loop,if,loop,else,i32.load16_u
if,loop,if,loop,else,i32.load8_u
if,loop,if,loop,else,i32.lt_u
if,loop,if,loop,else,i32.mul
if,loop,if,loop,else,i32.ne
if,loop,if,loop,else,i32.or
if,loop,if,loop,else,i32.shl
if,loop,if,loop,else,i32.shr_s
if,loop,if,loop,else,i32.shr_u
if,loop,if,loop,else,i32.store
if,loop,if,loop,else,i32.store8
if,loop,if,loop,else,i32.sub
if,loop,if,loop,else,i32.wrap_i64
if,loop,if,loop,else,i32.xor
if,loop,if,loop,else,i64.const
if,loop,if,loop,else,i64.extend_i32_u
if,loop,if,loop,else,i64.load
if,loop,if,loop,else,i64.load8_u
if,loop,if,loop,else,i64.mul
if,loop,if,loop,else,i64.or
if,loop,if,loop,else,i64.shl
if,loop,if,loop,else,i64.shr_u
if,loop,if,loop,else,i64.store
if,loop,if,loop,else,if
if,loop,if,loop,else,if,br
if,loop,if,loop,else,if,br_if
if,loop,if,loop,else,if,call
if,loop,if,loop,else,if,end
if,loop,if,loop,else,if,i32.add
if,loop,if,loop,else,if,i32.clz
if,loop,if,loop,else,if,i32.const
if,loop,if,loop,else,if,i32.ctz
if,loop,if,loop,else,if,i32.eq
if,loop,if,loop,else,if,i32.eqz
if,loop,if,loop,else,if,i32.ge_u
if,loop,if,loop,else,if,i32.load
if,loop,if,loop,else,if,i32.load8_u
if,loop,if,loop,else,if,i32.lt_u
if,loop,if,loop,else,if,i32.mul
if,loop,if,loop,else,if,i32.ne
if,loop,if,loop,else,if,i32.or
if,loop,if,loop,else,if,i32.shr_u
if,loop,if,loop,else,if,i32.store8
if,loop,if,loop,else,if,i32.sub
if,loop,if,loop,else,if,i32.xor
if,loop,if,loop,else,if,local.get
if,loop,if,loop,else,if,local.set
if,loop,if,loop,else,if,local.tee
if,loop,if,loop,else,if,loop
if,loop,if,loop,else,if,loop,br_if
if,loop,if,loop,else,if,loop,else
if,loop,if,loop,else,if,loop,else,i32.add
if,loop,if,loop,else,if,loop,else,i32.const
if,loop,if,loop,else,if,loop,else,i32.eq
if,loop,if,loop,else,if,loop,else,i32.load16_u
if,loop,if,loop,else,if,loop,else,local.get
if,loop,if,loop,else,if,loop,else,local.set
if,loop,if,loop,else,if,loop,else,local.tee
if,loop,if,loop,else,if,loop,else,select
if,loop,if,loop,else,if,loop,end
if,loop,if,loop,else,if,loop,i32.add
if,loop,if,loop,else,if,loop,i32.clz
if,loop,if,loop,else,if,loop,i32.const
if,loop,if,loop,else,if,loop,i32.eq
if,loop,if,loop,else,if,loop,i32.eqz
if,loop,if,loop,else,if,loop,i32.ge_u
if,loop,if,loop,else,if,loop,i32.gt_u
if,loop,if,loop,else,if,loop,i32.le_u
if,loop,if,loop,else,if,loop,i32.load
if,loop,if,loop,else,if,loop,i32.load8_u
if,loop,if,loop,else,if,loop,i32.lt_u
if,loop,if,loop,else,if,loop,i32.mul
if,loop,if,loop,else,if,loop,i32.ne
if,loop,if,loop,else,if,loop,i32.shl
if,loop,if,loop,else,if,loop,i32.shr_u
if,loop,if,loop,else,if,loop,i32.store
if,loop,if,loop,else,if,loop,i32.sub
if,loop,if,loop,else,if,loop,i32.xor
if,loop,if,loop,else,if,loop,if
if,loop,if,loop,else,if,loop,if,br
if,loop,if,loop,else,if,loop,if,i32.add
if,loop,if,loop,else,if,loop,if,i32.const
if,loop,if,loop,else,if,loop,if,i32.eq
if,loop,if,loop,else,if,loop,if,i32.load
if,loop,if,loop,else,if,loop,if,i32.load8_u
if,loop,if,loop,else,if,loop,if,i32.sub
if,loop,if,loop,else,if,loop,if,local.get
if,loop,if,loop,else,if,loop,if,local.set
if,loop,if,loop,else,if,loop,if,select
if,loop,if,loop,else,if,loop,local.get
if,loop,if,loop,else,if,loop,local.set
if,loop,if,loop,else,if,loop,local.tee
if,loop,if,loop,else,if,return
if,loop,if,loop,else,if,select
if,loop,if,loop,else,local.get
if,loop,if,loop,else,local.set
if,loop,if,loop,else,local.tee
if,loop,if,loop,else,loop
if,loop,if,loop,else,loop,br
if,loop,if,loop,else,loop,br_if
if,loop,if,loop,else,loop,br_table
if,loop,if,loop,else,loop,drop
if,loop,if,loop,else,loop,else
if,loop,if,loop,else,loop,else,i32.add
if,loop,if,loop,else,loop,else,i32.const
if,loop,if,loop,else,loop,else,i32.eq
if,loop,if,loop,else,loop,else,i32.load16_u
if,loop,if,loop,else,loop,else,local.get
if,loop,if,loop,else,loop,else,local.set
if,loop,if,loop,else,loop,else,local.tee
if,loop,if,loop,else,loop,else,select
if,loop,if,loop,else,loop,end
if,loop,if,loop,else,loop,i32.add
if,loop,if,loop,else,loop,i32.and
if,loop,if,loop,else,loop,i32.clz
if,loop,if,loop,else,loop,i32.const
if,loop,if,loop,else,loop,i32.ctz
if,loop,if,loop,else,loop,i32.eq
if,loop,if,loop,else,loop,i32.eqz
if,loop,if,loop,else,loop,i32.ge_u
if,loop,if,loop,else,loop,i32.gt_u
if,loop,if,loop,else,loop,i32.le_u
if,loop,if,loop,else,loop,i32.load
if,loop,if,loop,else,loop,i32.load16_u
if,loop,if,loop,else,loop,i32.load8_u
if,loop,if,loop,else,loop,i32.lt_u
if,loop,if,loop,else,loop,i32.mul
if,loop,if,loop,else,loop,i32.ne
if,loop,if,loop,else,loop,i32.shl
if,loop,if,loop,else,loop,i32.shr_u
if,loop,if,loop,else,loop,i32.store
if,loop,if,loop,else,loop,i32.sub
if,loop,if,loop,else,loop,i32.xor
if,loop,if,loop,else,loop,if
if,loop,if,loop,else,loop,if,br
if,loop,if,loop,else,loop,if,br_if
if,loop,if,loop,else,loop,if,end
if,loop,if,loop,else,loop,if,i32.add
if,loop,if,loop,else,loop,if,i32.and
if,loop,if,loop,else,loop,if,i32.const
if,loop,if,loop,else,loop,if,i32.ctz
if,loop,if,loop,else,loop,if,i32.eq
if,loop,if,loop,else,loop,if,i32.ge_s
if,loop,if,loop,else,loop,if,i32.ge_u
if,loop,if,loop,else,loop,if,i32.gt_u
if,loop,if,loop,else,loop,if,i32.load
if,loop,if,loop,else,loop,if,i32.load16_u
if,loop,if,loop,else,loop,if,i32.load8_u
if,loop,if,loop,else,loop,if,i32.lt_u
if,loop,if,loop,else,loop,if,i32.mul
if,loop,if,loop,else,loop,if,i32.ne
if,loop,if,loop,else,loop,if,i32.shl
if,loop,if,loop,else,loop,if,i32.shr_u
if,loop,if,loop,else,loop,if,i32.store
if,loop,if,loop,else,loop,if,i32.sub
if,loop,if,loop,else,loop,if,i32.xor
if,loop,if,loop,else,loop,if,local.get
if,loop,if,loop,else,loop,if,local.set
if,loop,if,loop,else,loop,if,local.tee
if,loop,if,loop,else,loop,if,loop
if,loop,if,loop,else,loop,if,loop,br_if
if,loop,if,loop,else,loop,if,loop,i32.add
if,loop,if,loop,else,loop,if,loop,i32.const
if,loop,if,loop,else,loop,if,loop,i32.eqz
if,loop,if,loop,else,loop,if,loop,i32.ge_u
if,loop,if,loop,else,loop,if,loop,i32.load
if,loop,if,loop,else,loop,if,loop,i32.xor
if,loop,if,loop,else,loop,if,loop,local.get
if,loop,if,loop,else,loop,if,loop,local.set
if,loop,if,loop,else,loop,if,loop,local.tee
if,loop,if,loop,else,loop,if,select
if,loop,if,loop,else,loop,local.get
if,loop,if,loop,else,loop,local.set
if,loop,if,loop,else,loop,local.tee
if,loop,if,loop,else,loop,select
if,loop,if,loop,else,select
if,loop,if,loop,end
if,loop,if,loop,f32.abs
if,loop,if,loop,f32.add
if,loop,if,loop,f32.const
if,loop,if,loop,f32.convert_i32_s
if,loop,if,loop,f32.convert_i32_u
if,loop,if,loop,f32.demote_f64
if,loop,if,loop,f32.div
if,loop,if,loop,f32.ge
if,loop,if,loop,f32.gt
if,loop,if,loop,f32.load
if,loop,if,loop,f32.lt
if,loop,if,loop,f32.max
if,loop,if,loop,f32.min
if,loop,if,loop,f32.mul
if,loop,if,loop,f32.ne
if,loop,if,loop,f32.neg
if,loop,if,loop,f32.sqrt
if,loop,if,loop,f32.store
if,loop,if,loop,f32.sub
if,loop,if,loop,f64.abs
if,loop,if,loop,f64.add
if,loop,if,loop,f64.ceil
if,loop,if,loop,f64.const
if,loop,if,loop,f64.convert_i32_s
if,loop,if,loop,f64.convert_i32_u
if,loop,if,loop,f64.convert_i64_s
if,loop,if,loop,f64.div
if,loop,if,loop,f64.eq
if,loop,if,loop,f64.ge
if,loop,if,loop,f64.gt
if,loop,if,loop,f64.le
if,loop,if,loop,f64.load
if,loop,if,loop,f64.lt
if,loop,if,loop,f64.min
if,loop,if,loop,f64.mul
if,loop,if,loop,f64.ne
if,loop,if,loop,f64.neg
if,loop,if,loop,f64.promote_f32
if,loop,if,loop,f64.sqrt
if,loop,if,loop,f64.store
if,loop,if,loop,f64.sub
if,loop,if,loop,i32.add
if,loop,if,loop,i32.and
if,loop,if,loop,i32.clz
if,loop,if,loop,i32.const
if,loop,if,loop,i32.ctz
if,loop,if,loop,i32.div_s
if,loop,if,loop,i32.div_u
if,loop,if,loop,i32.eq
if,loop,if,loop,i32.eqz
if,loop,if,loop,i32.ge_s
if,loop,if,loop,i32.ge_u
if,loop,if,loop,i32.gt_s
if,loop,if,loop,i32.gt_u
if,loop,if,loop,i32.le_s
if,loop,if,loop,i32.le_u
if,loop,if,loop,i32.load
if,loop,if,loop,i32.load16_s
if,loop,if,loop,i32.load16_u
if,loop,if,loop,i32.load8_s
if,loop,if,loop,i32.load8_u
if,loop,if,loop,i32.lt_s
if,loop,if,loop,i32.lt_u
if,loop,if,loop,i32.mul
if,loop,if,loop,i32.ne
if,loop,if,loop,i32.or
if,loop,if,loop,i32.reinterpret_f32
if,loop,if,loop,i32.rem_s
if,loop,if,loop,i32.rem_u
if,loop,if,loop,i32.rotl
if,loop,if,loop,i32.shl
if,loop,if,loop,i32.shr_s
if,loop,if,loop,i32.shr_u
if,loop,if,loop,i32.store
if,loop,if,loop,i32.store16
if,loop,if,loop,i32.store8
if,loop,if,loop,i32.sub
if,loop,if,loop,i32.trunc_f32_u
if,loop,if,loop,i32.trunc_f64_u
if,loop,if,loop,i32.wrap_i64
if,loop,if,loop,i32.xor
if,loop,if,loop,i64.add
if,loop,if,loop,i64.and
if,loop,if,loop,i64.const
if,loop,if,loop,i64.div_s
if,loop,if,loop,i64.eq
if,loop,if,loop,i64.eqz
if,loop,if,loop,i64.extend_i32_s
if,loop,if,loop,i64.extend_i32_u
if,loop,if,loop,i64.ge_s
if,loop,if,loop,i64.ge_u
if,loop,if,loop,i64.gt_s
if,loop,if,loop,i64.gt_u
if,loop,if,loop,i64.le_s
if,loop,if,loop,i64.le_u
if,loop,if,loop,i64.load
if,loop,if,loop,i64.load32_s
if,loop,if,loop,i64.load32_u
if,loop,if,loop,i64.load8_u
if,loop,if,loop,i64.lt_s
if,loop,if,loop,i64.lt_u
if,loop,if,loop,i64.mul
if,loop,if,loop,i64.ne
if,loop,if,loop,i64.or
if,loop,if,loop,i64.reinterpret_f64
if,loop,if,loop,i64.rem_s
if,loop,if,loop,i64.rem_u
if,loop,if,loop,i64.rotl
if,loop,if,loop,i64.shl
if,loop,if,loop,i64.shr_s
if,loop,if,loop,i64.shr_u
if,loop,if,loop,i64.store
if,loop,if,loop,i64.store32
if,loop,if,loop,i64.sub
if,loop,if,loop,i64.xor
if,loop,if,loop,if
if,loop,if,loop,if,br
if,loop,if,loop,if,br_if
if,loop,if,loop,if,br_table
if,loop,if,loop,if,call
if,loop,if,loop,if,call_indirect
if,loop,if,loop,if,drop
if,loop,if,loop,if,else
if,loop,if,loop,if,else,i32.const
if,loop,if,loop,if,else,i32.or
if,loop,if,loop,if,else,i32.shl
if,loop,if,loop,if,else,i32.shr_s
if,loop,if,loop,if,else,local.get
if,loop,if,loop,if,end
if,loop,if,loop,if,f32.add
if,loop,if,loop,if,f32.const
if,loop,if,loop,if,f32.convert_i32_s
if,loop,if,loop,if,f32.demote_f64
if,loop,if,loop,if,f32.div
if,loop,if,loop,if,f32.ge
if,loop,if,loop,if,f32.gt
if,loop,if,loop,if,f32.load
if,loop,if,loop,if,f32.lt
if,loop,if,loop,if,f32.mul
if,loop,if,loop,if,f32.neg
if,loop,if,loop,if,f32.store
if,loop,if,loop,if,f32.sub
if,loop,if,loop,if,f64.abs
if,loop,if,loop,if,f64.add
if,loop,if,loop,if,f64.ceil
if,loop,if,loop,if,f64.const
if,loop,if,loop,if,f64.convert_i32_s
if,loop,if,loop,if,f64.convert_i32_u
if,loop,if,loop,if,f64.convert_i64_u
if,loop,if,loop,if,f64.div
if,loop,if,loop,if,f64.eq
if,loop,if,loop,if,f64.ge
if,loop,if,loop,if,f64.gt
if,loop,if,loop,if,f64.le
if,loop,if,loop,if,f64.load
if,loop,if,loop,if,f64.lt
if,loop,if,loop,if,f64.mul
if,loop,if,loop,if,f64.ne
if,loop,if,loop,if,f64.neg
if,loop,if,loop,if,f64.promote_f32
if,loop,if,loop,if,f64.sqrt
if,loop,if,loop,if,f64.store
if,loop,if,loop,if,f64.sub
if,loop,if,loop,if,i32.add
if,loop,if,loop,if,i32.and
if,loop,if,loop,if,i32.clz
if,loop,if,loop,if,i32.const
if,loop,if,loop,if,i32.ctz
if,loop,if,loop,if,i32.div_s
if,loop,if,loop,if,i32.div_u
if,loop,if,loop,if,i32.eq
if,loop,if,loop,if,i32.eqz
if,loop,if,loop,if,i32.ge_s
if,loop,if,loop,if,i32.ge_u
if,loop,if,loop,if,i32.gt_s
if,loop,if,loop,if,i32.gt_u
if,loop,if,loop,if,i32.le_s
if,loop,if,loop,if,i32.le_u
if,loop,if,loop,if,i32.load
if,loop,if,loop,if,i32.load16_s
if,loop,if,loop,if,i32.load16_u
if,loop,if,loop,if,i32.load8_s
if,loop,if,loop,if,i32.load8_u
if,loop,if,loop,if,i32.lt_s
if,loop,if,loop,if,i32.lt_u
if,loop,if,loop,if,i32.mul
if,loop,if,loop,if,i32.ne
if,loop,if,loop,if,i32.or
if,loop,if,loop,if,i32.rem_s
if,loop,if,loop,if,i32.rem_u
if,loop,if,loop,if,i32.shl
if,loop,if,loop,if,i32.shr_s
if,loop,if,loop,if,i32.shr_u
if,loop,if,loop,if,i32.store
if,loop,if,loop,if,i32.store16
if,loop,if,loop,if,i32.store8
if,loop,if,loop,if,i32.sub
if,loop,if,loop,if,i32.trunc_f32_s
if,loop,if,loop,if,i32.trunc_f32_u
if,loop,if,loop,if,i32.trunc_f64_s
if,loop,if,loop,if,i32.trunc_f64_u
if,loop,if,loop,if,i32.wrap_i64
if,loop,if,loop,if,i32.xor
if,loop,if,loop,if,i64.add
if,loop,if,loop,if,i64.and
if,loop,if,loop,if,i64.const
if,loop,if,loop,if,i64.div_s
if,loop,if,loop,if,i64.eq
if,loop,if,loop,if,i64.eqz
if,loop,if,loop,if,i64.extend_i32_u
if,loop,if,loop,if,i64.ge_s
if,loop,if,loop,if,i64.gt_s
if,loop,if,loop,if,i64.le_s
if,loop,if,loop,if,i64.load
if,loop,if,loop,if,i64.load32_u
if,loop,if,loop,if,i64.lt_s
if,loop,if,loop,if,i64.mul
if,loop,if,loop,if,i64.ne
if,loop,if,loop,if,i64.rotl
if,loop,if,loop,if,i64.shl
if,loop,if,loop,if,i64.store
if,loop,if,loop,if,i64.store32
if,loop,if,loop,if,i64.sub
if,loop,if,loop,if,i64.trunc_f64_s
if,loop,if,loop,if,local.get
if,loop,if,loop,if,local.set
if,loop,if,loop,if,local.tee
if,loop,if,loop,if,loop
if,loop,if,loop,if,loop,br
if,loop,if,loop,if,loop,br_if
if,loop,if,loop,if,loop,br_table
if,loop,if,loop,if,loop,call
if,loop,if,loop,if,loop,call_indirect
if,loop,if,loop,if,loop,drop
if,loop,if,loop,if,loop,else
if,loop,if,loop,if,loop,else,call
if,loop,if,loop,if,loop,else,drop
if,loop,if,loop,if,loop,else,i32.add
if,loop,if,loop,if,loop,else,i32.and
if,loop,if,loop,if,loop,else,i32.const
if,loop,if,loop,if,loop,else,i32.eq
if,loop,if,loop,if,loop,else,i32.load
if,loop,if,loop,if,loop,else,i32.load16_u
if,loop,if,loop,if,loop,else,i32.or
if,loop,if,loop,if,loop,else,i32.shl
if,loop,if,loop,if,loop,else,i32.shr_s
if,loop,if,loop,if,loop,else,i32.store
if,loop,if,loop,if,loop,else,local.get
if,loop,if,loop,if,loop,else,local.set
if,loop,if,loop,if,loop,else,local.tee
if,loop,if,loop,if,loop,else,select
if,loop,if,loop,if,loop,end
if,loop,if,loop,if,loop,f32.add
if,loop,if,loop,if,loop,f32.const
if,loop,if,loop,if,loop,f32.convert_i32_s
if,loop,if,loop,if,loop,f32.convert_i32_u
if,loop,if,loop,if,loop,f32.demote_f64
if,loop,if,loop,if,loop,f32.gt
if,loop,if,loop,if,loop,f32.load
if,loop,if,loop,if,loop,f32.mul
if,loop,if,loop,if,loop,f32.ne
if,loop,if,loop,if,loop,f32.sqrt
if,loop,if,loop,if,loop,f32.store
if,loop,if,loop,if,loop,f32.sub
if,loop,if,loop,if,loop,f64.abs
if,loop,if,loop,if,loop,f64.add
if,loop,if,loop,if,loop,f64.const
if,loop,if,loop,if,loop,f64.convert_i32_s
if,loop,if,loop,if,loop,f64.convert_i32_u
if,loop,if,loop,if,loop,f64.div
if,loop,if,loop,if,loop,f64.eq
if,loop,if,loop,if,loop,f64.ge
if,loop,if,loop,if,loop,f64.gt
if,loop,if,loop,if,loop,f64.le
if,loop,if,loop,if,loop,f64.load
if,loop,if,loop,if,loop,f64.lt
if,loop,if,loop,if,loop,f64.mul
if,loop,if,loop,if,loop,f64.ne
if,loop,if,loop,if,loop,f64.neg
if,loop,if,loop,if,loop,f64.promote_f32
if,loop,if,loop,if,loop,f64.store
if,loop,if,loop,if,loop,f64.sub
if,loop,if,loop,if,loop,i32.add
if,loop,if,loop,if,loop,i32.and
if,loop,if,loop,if,loop,i32.clz
if,loop,if,loop,if,loop,i32.const
if,loop,if,loop,if,loop,i32.div_s
if,loop,if,loop,if,loop,i32.div_u
if,loop,if,loop,if,loop,i32.eq
if,loop,if,loop,if,loop,i32.eqz
if,loop,if,loop,if,loop,i32.ge_s
if,loop,if,loop,if,loop,i32.ge_u
if,loop,if,loop,if,loop,i32.gt_s
if,loop,if,loop,if,loop,i32.gt_u
if,loop,if,loop,if,loop,i32.le_s
if,loop,if,loop,if,loop,i32.le_u
if,loop,if,loop,if,loop,i32.load
if,loop,if,loop,if,loop,i32.load16_s
if,loop,if,loop,if,loop,i32.load16_u
if,loop,if,loop,if,loop,i32.load8_s
if,loop,if,loop,if,loop,i32.load8_u
if,loop,if,loop,if,loop,i32.lt_s
if,loop,if,loop,if,loop,i32.lt_u
if,loop,if,loop,if,loop,i32.mul
if,loop,if,loop,if,loop,i32.ne
if,loop,if,loop,if,loop,i32.or
if,loop,if,loop,if,loop,i32.rem_s
if,loop,if,loop,if,loop,i32.rem_u
if,loop,if,loop,if,loop,i32.rotl
if,loop,if,loop,if,loop,i32.shl
if,loop,if,loop,if,loop,i32.shr_s
if,loop,if,loop,if,loop,i32.shr_u
if,loop,if,loop,if,loop,i32.store
if,loop,if,loop,if,loop,i32.store16
if,loop,if,loop,if,loop,i32.store8
if,loop,if,loop,if,loop,i32.sub
if,loop,if,loop,if,loop,i32.wrap_i64
if,loop,if,loop,if,loop,i32.xor
if,loop,if,loop,if,loop,i64.add
if,loop,if,loop,if,loop,i64.const
if,loop,if,loop,if,loop,i64.div_s
if,loop,if,loop,if,loop,i64.eqz
if,loop,if,loop,if,loop,i64.extend_i32_s
if,loop,if,loop,if,loop,i64.extend_i32_u
if,loop,if,loop,if,loop,i64.gt_s
if,loop,if,loop,if,loop,i64.gt_u
if,loop,if,loop,if,loop,i64.le_s
if,loop,if,loop,if,loop,i64.le_u
if,loop,if,loop,if,loop,i64.load
if,loop,if,loop,if,loop,i64.load32_u
if,loop,if,loop,if,loop,i64.lt_s
if,loop,if,loop,if,loop,i64.mul
if,loop,if,loop,if,loop,i64.ne
if,loop,if,loop,if,loop,i64.store
if,loop,if,loop,if,loop,i64.sub
if,loop,if,loop,if,loop,if
if,loop,if,loop,if,loop,if,br
if,loop,if,loop,if,loop,if,br_if
if,loop,if,loop,if,loop,if,call
if,loop,if,loop,if,loop,if,call_indirect
if,loop,if,loop,if,loop,if,drop
if,loop,if,loop,if,loop,if,end
if,loop,if,loop,if,loop,if,f32.add
if,loop,if,loop,if,loop,if,f32.const
if,loop,if,loop,if,loop,if,f32.div
if,loop,if,loop,if,loop,if,f32.load
if,loop,if,loop,if,loop,if,f32.mul
if,loop,if,loop,if,loop,if,f32.store
if,loop,if,loop,if,loop,if,f64.add
if,loop,if,loop,if,loop,if,f64.const
if,loop,if,loop,if,loop,if,f64.div
if,loop,if,loop,if,loop,if,f64.gt
if,loop,if,loop,if,loop,if,f64.load
if,loop,if,loop,if,loop,if,f64.lt
if,loop,if,loop,if,loop,if,f64.mul
if,loop,if,loop,if,loop,if,f64.ne
if,loop,if,loop,if,loop,if,f64.neg
if,loop,if,loop,if,loop,if,f64.store
if,loop,if,loop,if,loop,if,f64.sub
if,loop,if,loop,if,loop,if,i32.add
if,loop,if,loop,if,loop,if,i32.and
if,loop,if,loop,if,loop,if,i32.clz
if,loop,if,loop,if,loop,if,i32.const
if,loop,if,loop,if,loop,if,i32.eq
if,loop,if,loop,if,loop,if,i32.eqz
if,loop,if,loop,if,loop,if,i32.ge_s
if,loop,if,loop,if,loop,if,i32.ge_u
if,loop,if,loop,if,loop,if,i32.gt_s
if,loop,if,loop,if,loop,if,i32.gt_u
if,loop,if,loop,if,loop,if,i32.le_s
if,loop,if,loop,if,loop,if,i32.load
if,loop,if,loop,if,loop,if,i32.load8_s
if,loop,if,loop,if,loop,if,i32.load8_u
if,loop,if,loop,if,loop,if,i32.lt_s
if,loop,if,loop,if,loop,if,i32.lt_u
if,loop,if,loop,if,loop,if,i32.mul
if,loop,if,loop,if,loop,if,i32.ne
if,loop,if,loop,if,loop,if,i32.or
if,loop,if,loop,if,loop,if,i32.shl
if,loop,if,loop,if,loop,if,i32.shr_s
if,loop,if,loop,if,loop,if,i32.shr_u
if,loop,if,loop,if,loop,if,i32.store
if,loop,if,loop,if,loop,if,i32.store16
if,loop,if,loop,if,loop,if,i32.store8
if,loop,if,loop,if,loop,if,i32.sub
if,loop,if,loop,if,loop,if,i32.trunc_f64_u
if,loop,if,loop,if,loop,if,i32.wrap_i64
if,loop,if,loop,if,loop,if,i32.xor
if,loop,if,loop,if,loop,if,i64.add
if,loop,if,loop,if,loop,if,i64.const
if,loop,if,loop,if,loop,if,i64.eq
if,loop,if,loop,if,loop,if,i64.extend_i32_u
if,loop,if,loop,if,loop,if,i64.ge_s
if,loop,if,loop,if,loop,if,i64.gt_s
if,loop,if,loop,if,loop,if,i64.load
if,loop,if,loop,if,loop,if,i64.load32_u
if,loop,if,loop,if,loop,if,i64.lt_s
if,loop,if,loop,if,loop,if,i64.mul
if,loop,if,loop,if,loop,if,i64.store
if,loop,if,loop,if,loop,if,i64.sub
if,loop,if,loop,if,loop,if,local.get
if,loop,if,loop,if,loop,if,local.set
if,loop,if,loop,if,loop,if,local.tee
if,loop,if,loop,if,loop,if,loop
if,loop,if,loop,if,loop,if,loop,br
if,loop,if,loop,if,loop,if,loop,br_if
if,loop,if,loop,if,loop,if,loop,br_table
if,loop,if,loop,if,loop,if,loop,call
if,loop,if,loop,if,loop,if,loop,call_indirect
if,loop,if,loop,if,loop,if,loop,drop
if,loop,if,loop,if,loop,if,loop,end
if,loop,if,loop,if,loop,if,loop,f32.add
if,loop,if,loop,if,loop,if,loop,f32.load
if,loop,if,loop,if,loop,if,loop,f32.mul
if,loop,if,loop,if,loop,if,loop,f32.store
if,loop,if,loop,if,loop,if,loop,f32.sub
if,loop,if,loop,if,loop,if,loop,f64.add
if,loop,if,loop,if,loop,if,loop,f64.const
if,loop,if,loop,if,loop,if,loop,f64.convert_i32_s
if,loop,if,loop,if,loop,if,loop,f64.ge
if,loop,if,loop,if,loop,if,loop,f64.load
if,loop,if,loop,if,loop,if,loop,f64.lt
if,loop,if,loop,if,loop,if,loop,f64.mul
if,loop,if,loop,if,loop,if,loop,f64.neg
if,loop,if,loop,if,loop,if,loop,f64.store
if,loop,if,loop,if,loop,if,loop,i32.add
if,loop,if,loop,if,loop,if,loop,i32.and
if,loop,if,loop,if,loop,if,loop,i32.const
if,loop,if,loop,if,loop,if,loop,i32.eqz
if,loop,if,loop,if,loop,if,loop,i32.ge_s
if,loop,if,loop,if,loop,if,loop,i32.ge_u
if,loop,if,loop,if,loop,if,loop,i32.gt_s
if,loop,if,loop,if,loop,if,loop,i32.gt_u
if,loop,if,loop,if,loop,if,loop,i32.le_u
if,loop,if,loop,if,loop,if,loop,i32.load
if,loop,if,loop,if,loop,if,loop,i32.load16_u
if,loop,if,loop,if,loop,if,loop,i32.load8_s
if,loop,if,loop,if,loop,if,loop,i32.load8_u
if,loop,if,loop,if,loop,if,loop,i32.lt_s
if,loop,if,loop,if,loop,if,loop,i32.lt_u
if,loop,if,loop,if,loop,if,loop,i32.mul
if,loop,if,loop,if,loop,if,loop,i32.ne
if,loop,if,loop,if,loop,if,loop,i32.or
if,loop,if,loop,if,loop,if,loop,i32.shl
if,loop,if,loop,if,loop,if,loop,i32.shr_s
if,loop,if,loop,if,loop,if,loop,i32.shr_u
if,loop,if,loop,if,loop,if,loop,i32.store
if,loop,if,loop,if,loop,if,loop,i32.store16
if,loop,if,loop,if,loop,if,loop,i32.store8
if,loop,if,loop,if,loop,if,loop,i32.sub
if,loop,if,loop,if,loop,if,loop,i32.xor
if,loop,if,loop,if,loop,if,loop,i64.add
if,loop,if,loop,if,loop,if,loop,i64.const
if,loop,if,loop,if,loop,if,loop,i64.load
if,loop,if,loop,if,loop,if,loop,i64.mul
if,loop,if,loop,if,loop,if,loop,i64.store
if,loop,if,loop,if,loop,if,loop,if
if,loop,if,loop,if,loop,if,loop,if,br
if,loop,if,loop,if,loop,if,loop,if,br_if
if,loop,if,loop,if,loop,if,loop,if,call
if,loop,if,loop,if,loop,if,loop,if,drop
if,loop,if,loop,if,loop,if,loop,if,end
if,loop,if,loop,if,loop,if,loop,if,f32.store
if,loop,if,loop,if,loop,if,loop,if,f64.const
if,loop,if,loop,if,loop,if,loop,if,f64.ge
if,loop,if,loop,if,loop,if,loop,if,f64.mul
if,loop,if,loop,if,loop,if,loop,if,i32.add
if,loop,if,loop,if,loop,if,loop,if,i32.and
if,loop,if,loop,if,loop,if,loop,if,i32.const
if,loop,if,loop,if,loop,if,loop,if,i32.eq
if,loop,if,loop,if,loop,if,loop,if,i32.eqz
if,loop,if,loop,if,loop,if,loop,if,i32.ge_s
if,loop,if,loop,if,loop,if,loop,if,i32.ge_u
if,loop,if,loop,if,loop,if,loop,if,i32.gt_u
if,loop,if,loop,if,loop,if,loop,if,i32.le_s
if,loop,if,loop,if,loop,if,loop,if,i32.le_u
if,loop,if,loop,if,loop,if,loop,if,i32.load
if,loop,if,loop,if,loop,if,loop,if,i32.load8_u
if,loop,if,loop,if,loop,if,loop,if,i32.lt_u
if,loop,if,loop,if,loop,if,loop,if,i32.mul
if,loop,if,loop,if,loop,if,loop,if,i32.ne
if,loop,if,loop,if,loop,if,loop,if,i32.or
if,loop,if,loop,if,loop,if,loop,if,i32.shl
if,loop,if,loop,if,loop,if,loop,if,i32.shr_s
if,loop,if,loop,if,loop,if,loop,if,i32.shr_u
if,loop,if,loop,if,loop,if,loop,if,i32.store
if,loop,if,loop,if,loop,if,loop,if,i32.store16
if,loop,if,loop,if,loop,if,loop,if,i32.store8
if,loop,if,loop,if,loop,if,loop,if,i32.sub
if,loop,if,loop,if,loop,if,loop,if,i32.xor
if,loop,if,loop,if,loop,if,loop,if,local.get
if,loop,if,loop,if,loop,if,loop,if,local.set
if,loop,if,loop,if,loop,if,loop,if,local.tee
if,loop,if,loop,if,loop,if,loop,if,loop
if,loop,if,loop,if,loop,if,loop,if,loop,br_if
if,loop,if,loop,if,loop,if,loop,if,loop,call
if,loop,if,loop,if,loop,if,loop,if,loop,call_indirect
if,loop,if,loop,if,loop,if,loop,if,loop,end
if,loop,if,loop,if,loop,if,loop,if,loop,i32.add
if,loop,if,loop,if,loop,if,loop,if,loop,i32.const
if,loop,if,loop,if,loop,if,loop,if,loop,i32.eqz
if,loop,if,loop,if,loop,if,loop,if,loop,i32.gt_s
if,loop,if,loop,if,loop,if,loop,if,loop,i32.load
if,loop,if,loop,if,loop,if,loop,if,loop,i32.lt_s
if,loop,if,loop,if,loop,if,loop,if,loop,i32.mul
if,loop,if,loop,if,loop,if,loop,if,loop,i32.shl
if,loop,if,loop,if,loop,if,loop,if,loop,if
if,loop,if,loop,if,loop,if,loop,if,loop,if,end
if,loop,if,loop,if,loop,if,loop,if,loop,if,loop
if,loop,if,loop,if,loop,if,loop,if,loop,if,loop,br_if
if,loop,if,loop,if,loop,if,loop,if,loop,if,loop,call
if,loop,if,loop,if,loop,if,loop,if,loop,if,loop,i32.add
if,loop,if,loop,if,loop,if,loop,if,loop,if,loop,i32.const
if,loop,if,loop,if,loop,if,loop,if,loop,if,loop,i32.eqz
if,loop,if,loop,if,loop,if,loop,if,loop,if,loop,i32.load
if,loop,if,loop,if,loop,if,loop,if,loop,if,loop,i32.lt_s
if,loop,if,loop,if,loop,if,loop,if,loop,if,loop,i32.mul
if,loop,if,loop,if,loop,if,loop,if,loop,if,loop,i32.shl
if,loop,if,loop,if,loop,if,loop,if,loop,if,loop,local.get
if,loop,if,loop,if,loop,if,loop,if,loop,if,loop,local.set
if,loop,if,loop,if,loop,if,loop,if,loop,if,loop,local.tee
if,loop,if,loop,if,loop,if,loop,if,loop,local.get
if,loop,if,loop,if,loop,if,loop,if,loop,local.set
if,loop,if,loop,if,loop,if,loop,if,loop,local.tee
if,loop,if,loop,if,loop,if,loop,if,select
if,loop,if,loop,if,loop,if,loop,local.get
if,loop,if,loop,if,loop,if,loop,local.set
if,loop,if,loop,if,loop,if,loop,local.tee
if,loop,if,loop,if,loop,if,loop,select
if,loop,if,loop,if,loop,if,loop,unreachable
if,loop,if,loop,if,loop,if,return
if,loop,if,loop,if,loop,if,select
if,loop,if,loop,if,loop,if,unreachable
if,loop,if,loop,if,loop,local.get
if,loop,if,loop,if,loop,local.set
if,loop,if,loop,if,loop,local.tee
if,loop,if,loop,if,loop,select
if,loop,if,loop,if,loop,unreachable
if,loop,if,loop,if,return
if,loop,if,loop,if,select
if,loop,if,loop,if,unreachable
if,loop,if,loop,local.get
if,loop,if,loop,local.set
if,loop,if,loop,local.tee
if,loop,if,loop,return
if,loop,if,loop,select
if,loop,if,loop,unreachable
if,loop,if,memory.copy
if,loop,if,return
if,loop,if,select
if,loop,if,unreachable
if,loop,local.get
if,loop,local.set
if,loop,local.tee
if,loop,memory.copy
if,loop,memory.fill
if,loop,return
if,loop,select
if,loop,unreachable
if,memory.copy
if,memory.fill
if,return
if,select
if,unreachable
l
local
local.get
local.set
local.tee
loop
loop,atomic.fence
loop,br
loop,br_if
loop,br_table
loop,call
loop,call_indirect
loop,drop
loop,else
loop,else,br
loop,else,br_if
loop,else,br_table
loop,else,call
loop,else,call_indirect
loop,else,drop
loop,else,else
loop,else,else,f64.add
loop,else,else,f64.const
loop,else,else,local.get
loop,else,end
loop,else,f64.abs
loop,else,f64.add
loop,else,f64.const
loop,else,f64.convert_i32_s
loop,else,f64.div
loop,else,f64.eq
loop,else,f64.floor
loop,else,f64.ge
loop,else,f64.gt
loop,else,f64.le
loop,else,f64.load
loop,else,f64.lt
loop,else,f64.mul
loop,else,f64.ne
loop,else,f64.neg
loop,else,f64.reinterpret_i64
loop,else,f64.store
loop,else,f64.sub
loop,else,i32.add
loop,else,i32.and
loop,else,i32.const
loop,else,i32.div_s
loop,else,i32.div_u
loop,else,i32.eq
loop,else,i32.eqz
loop,else,i32.ge_s
loop,else,i32.ge_u
loop,else,i32.gt_s
loop,else,i32.gt_u
loop,else,i32.le_s
loop,else,i32.le_u
loop,else,i32.load
loop,else,i32.load16_s
loop,else,i32.load16_u
loop,else,i32.load8_s
loop,else,i32.load8_u
loop,else,i32.lt_s
loop,else,i32.lt_u
loop,else,i32.mul
loop,else,i32.ne
loop,else,i32.or
loop,else,i32.rem_s
loop,else,i32.shl
loop,else,i32.shr_s
loop,else,i32.shr_u
loop,else,i32.store
loop,else,i32.store16
loop,else,i32.store8
loop,else,i32.sub
loop,else,i32.xor
loop,else,i64.add
loop,else,i64.const
loop,else,i64.extend_i32_u
loop,else,i64.load8_u
loop,else,i64.or
loop,else,i64.shl
loop,else,i64.shr_s
loop,else,i64.store
loop,else,i64.sub
loop,else,i64.xor
loop,else,if
loop,else,if,br
loop,else,if,br_if
loop,else,if,call
loop,else,if,drop
loop,else,if,end
loop,else,if,f64.add
loop,else,if,f64.const
loop,else,if,f64.load
loop,else,if,f64.store
loop,else,if,i32.add
loop,else,if,i32.and
loop,else,if,i32.const
loop,else,if,i32.eq
loop,else,if,i32.eqz
loop,else,if,i32.gt_s
loop,else,if,i32.le_s
loop,else,if,i32.load
loop,else,if,i32.load16_u
loop,else,if,i32.load8_u
loop,else,if,i32.lt_s
loop,else,if,i32.mul
loop,else,if,i32.ne
loop,else,if,i32.or
loop,else,if,i32.shl
loop,else,if,i32.shr_u
loop,else,if,i32.store
loop,else,if,i32.store16
loop,else,if,i32.store8
loop,else,if,i32.sub
loop,else,if,i32.trunc_f64_s
loop,else,if,local.get
loop,else,if,local.set
loop,else,if,local.tee
loop,else,if,loop
loop,else,if,loop,br
loop,else,if,loop,br_if
loop,else,if,loop,br_table
loop,else,if,loop,call
loop,else,if,loop,drop
loop,else,if,loop,end
loop,else,if,loop,f64.abs
loop,else,if,loop,f64.const
loop,else,if,loop,f64.gt
loop,else,if,loop,f64.store
loop,else,if,loop,i32.add
loop,else,if,loop,i32.and
loop,else,if,loop,i32.const
loop,else,if,loop,i32.eq
loop,else,if,loop,i32.eqz
loop,else,if,loop,i32.ge_s
loop,else,if,loop,i32.ge_u
loop,else,if,loop,i32.gt_u
loop,else,if,loop,i32.le_s
loop,else,if,loop,i32.load
loop,else,if,loop,i32.load8_s
loop,else,if,loop,i32.load8_u
loop,else,if,loop,i32.lt_s
loop,else,if,loop,i32.lt_u
loop,else,if,loop,i32.ne
loop,else,if,loop,i32.or
loop,else,if,loop,i32.shl
loop,else,if,loop,i32.shr_s
loop,else,if,loop,i32.shr_u
loop,else,if,loop,i32.store
loop,else,if,loop,i32.store8
loop,else,if,loop,i32.sub
loop,else,if,loop,i32.xor
loop,else,if,loop,if
loop,else,if,loop,if,br
loop,else,if,loop,if,br_if
loop,else,if,loop,if,call
loop,else,if,loop,if,end
loop,else,if,loop,if,i32.add
loop,else,if,loop,if,i32.const
loop,else,if,loop,if,i32.eq
loop,else,if,loop,if,i32.eqz
loop,else,if,loop,if,i32.load
loop,else,if,loop,if,i32.load8_u
loop,else,if,loop,if,i32.lt_s
loop,else,if,loop,if,i32.shl
loop,else,if,loop,if,i32.store
loop,else,if,loop,if,local.get
loop,else,if,loop,if,local.set
loop,else,if,loop,if,local.tee
loop,else,if,loop,if,unreachable
loop,else,if,loop,local.get
loop,else,if,loop,local.set
loop,else,if,loop,local.tee
loop,else,if,loop,unreachable
loop,else,if,return
loop,else,if,select
loop,else,if,unreachable
loop,else,local.get
loop,else,local.set
loop,else,local.tee
loop,else,loop
loop,else,loop,br
loop,else,loop,br_if
loop,else,loop,br_table
loop,else,loop,call
loop,else,loop,end
loop,else,loop,f64.abs
loop,else,loop,f64.add
loop,else,loop,f64.const
loop,else,loop,f64.convert_i32_s
loop,else,loop,f64.div
loop,else,loop,f64.load
loop,else,loop,f64.lt
loop,else,loop,f64.store
loop,else,loop,f64.sub
loop,else,loop,i32.add
loop,else,loop,i32.and
loop,else,loop,i32.const
loop,else,loop,i32.eq
loop,else,loop,i32.eqz
loop,else,loop,i32.gt_s
loop,else,loop,i32.le_u
loop,else,loop,i32.load
loop,else,loop,i32.load16_s
loop,else,loop,i32.load16_u
loop,else,loop,i32.load8_s
loop,else,loop,i32.load8_u
loop,else,loop,i32.lt_s
loop,else,loop,i32.lt_u
loop,else,loop,i32.mul
loop,else,loop,i32.ne
loop,else,loop,i32.or
loop,else,loop,i32.shl
loop,else,loop,i32.shr_s
loop,else,loop,i32.shr_u
loop,else,loop,i32.store
loop,else,loop,i32.store8
loop,else,loop,i32.sub
loop,else,loop,i64.const
loop,else,loop,i64.div_s
loop,else,loop,i64.eq
loop,else,loop,i64.eqz
loop,else,loop,i64.gt_s
loop,else,loop,i64.load
loop,else,loop,i64.lt_s
loop,else,loop,i64.mul
loop,else,loop,i64.ne
loop,else,loop,i64.store
loop,else,loop,if
loop,else,loop,if,br
loop,else,loop,if,br_if
loop,else,loop,if,call
loop,else,loop,if,end
loop,else,loop,if,i32.add
loop,else,loop,if,i32.and
loop,else,loop,if,i32.const
loop,else,loop,if,i32.eqz
loop,else,loop,if,i32.load
loop,else,loop,if,i32.load8_u
loop,else,loop,if,i32.or
loop,else,loop,if,i32.shl
loop,else,loop,if,i32.shr_u
loop,else,loop,if,i32.store
loop,else,loop,if,i32.sub
loop,else,loop,if,i32.trunc_f64_s
loop,else,loop,if,i64.const
loop,else,loop,if,i64.load
loop,else,loop,if,i64.mul
loop,else,loop,if,i64.sub
loop,else,loop,if,local.get
loop,else,loop,if,local.set
loop,else,loop,if,local.tee
loop,else,loop,local.get
loop,else,loop,local.set
loop,else,loop,local.tee
loop,else,loop,select
loop,else,return
loop,else,select
loop,end
loop,f32.abs
loop,f32.add
loop,f32.ceil
loop,f32.const
loop,f32.convert_i32_s
loop,f32.convert_i32_u
loop,f32.convert_i64_s
loop,f32.convert_i64_u
loop,f32.demote_f64
loop,f32.div
loop,f32.eq
loop,f32.floor
loop,f32.ge
loop,f32.gt
loop,f32.le
loop,f32.load
loop,f32.lt
loop,f32.max
loop,f32.min
loop,f32.mul
loop,f32.ne
loop,f32.nearest
loop,f32.neg
loop,f32.reinterpret_i32
loop,f32.sqrt
loop,f32.store
loop,f32.sub
loop,f64.abs
loop,f64.add
loop,f64.ceil
loop,f64.const
loop,f64.convert_i32_s
loop,f64.convert_i32_u
loop,f64.convert_i64_s
loop,f64.convert_i64_u
loop,f64.copysign
loop,f64.div
loop,f64.eq
loop,f64.floor
loop,f64.ge
loop,f64.gt
loop,f64.le
loop,f64.load
loop,f64.lt
loop,f64.max
loop,f64.min
loop,f64.mul
loop,f64.ne
loop,f64.nearest
loop,f64.neg
loop,f64.promote_f32
loop,f64.reinterpret_i64
loop,f64.sqrt
loop,f64.store
loop,f64.sub
loop,f64.trunc
loop,global.get
loop,global.set
loop,i32.add
loop,i32.and
loop,i32.atomic.load
loop,i32.atomic.rmw.add
loop,i32.atomic.rmw.cmpxchg
loop,i32.atomic.rmw.sub
loop,i32.clz
loop,i32.const
loop,i32.ctz
loop,i32.div_s
loop,i32.div_u
loop,i32.eq
loop,i32.eqz
loop,i32.extend16_s
loop,i32.extend8_s
loop,i32.ge_s
loop,i32.ge_u
loop,i32.gt_s
loop,i32.gt_u
loop,i32.le_s
loop,i32.le_u
loop,i32.load
loop,i32.load16_s
loop,i32.load16_u
loop,i32.load8_s
loop,i32.load8_u
loop,i32.lt_s
loop,i32.lt_u
loop,i32.mul
loop,i32.ne
loop,i32.or
loop,i32.popcnt
loop,i32.reinterpret_f32
loop,i32.rem_s
loop,i32.rem_u
loop,i32.rotl
loop,i32.rotr
loop,i32.shl
loop,i32.shr_s
loop,i32.shr_u
loop,i32.store
loop,i32.store16
loop,i32.store8
loop,i32.sub
loop,i32.trunc_f32_s
loop,i32.trunc_f32_u
loop,i32.trunc_f64_s
loop,i32.trunc_f64_u
loop,i32.wrap_i64
loop,i32.xor
loop,i64.add
loop,i64.and
loop,i64.clz
loop,i64.const
loop,i64.ctz
loop,i64.div_s
loop,i64.div_u
loop,i64.eq
loop,i64.eqz
loop,i64.extend16_s
loop,i64.extend_i32_s
loop,i64.extend_i32_u
loop,i64.ge_s
loop,i64.ge_u
loop,i64.gt_s
loop,i64.gt_u
loop,i64.le_s
loop,i64.le_u
loop,i64.load
loop,i64.load16_s
loop,i64.load16_u
loop,i64.load32_s
loop,i64.load32_u
loop,i64.load8_s
loop,i64.load8_u
loop,i64.lt_s
loop,i64.lt_u
loop,i64.mul
loop,i64.ne
loop,i64.or
loop,i64.popcnt
loop,i64.reinterpret_f64
loop,i64.rem_s
loop,i64.rem_u
loop,i64.rotl
loop,i64.shl
loop,i64.shr_s
loop,i64.shr_u
loop,i64.store
loop,i64.store16
loop,i64.store32
loop,i64.store8
loop,i64.sub
loop,i64.trunc_f32_s
loop,i64.trunc_f32_u
loop,i64.trunc_f64_s
loop,i64.trunc_f64_u
loop,i64.xor
loop,if
loop,if,br
loop,if,br_if
loop,if,br_table
loop,if,call
loop,if,call_indirect
loop,if,drop
loop,if,else
loop,if,else,br
loop,if,else,br_if
loop,if,else,call
loop,if,else,drop
loop,if,else,end
loop,if,else,i32.add
loop,if,else,i32.const
loop,if,else,i32.div_s
loop,if,else,i32.div_u
loop,if,else,i32.eqz
loop,if,else,i32.ge_u
loop,if,else,i32.gt_s
loop,if,else,i32.load
loop,if,else,i32.load8_u
loop,if,else,i32.lt_s
loop,if,else,i32.lt_u
loop,if,else,i32.mul
loop,if,else,i32.ne
loop,if,else,i32.shl
loop,if,else,i32.shr_s
loop,if,else,i32.store
loop,if,else,i32.store16
loop,if,else,i32.store8
loop,if,else,i32.sub
loop,if,else,i32.xor
loop,if,else,if
loop,if,else,if,br
loop,if,else,if,call
loop,if,else,if,end
loop,if,else,if,i32.add
loop,if,else,if,i32.const
loop,if,else,if,i32.eqz
loop,if,else,if,i32.store
loop,if,else,if,i32.sub
loop,if,else,if,local.get
loop,if,else,if,local.set
loop,if,else,if,local.tee
loop,if,else,if,loop
loop,if,else,if,loop,br_if
loop,if,else,if,loop,i32.const
loop,if,else,if,loop,i32.shl
loop,if,else,if,loop,i32.sub
loop,if,else,if,loop,local.get
loop,if,else,if,loop,local.set
loop,if,else,if,loop,local.tee
loop,if,else,local.get
loop,if,else,local.set
loop,if,else,local.tee
loop,if,else,loop
loop,if,else,loop,br_if
loop,if,else,loop,end
loop,if,else,loop,f64.add
loop,if,else,loop,f64.load
loop,if,else,loop,f64.mul
loop,if,else,loop,i32.add
loop,if,else,loop,i32.const
loop,if,else,loop,i32.le_s
loop,if,else,loop,i32.load8_s
loop,if,else,loop,i32.ne
loop,if,else,loop,i32.sub
loop,if,else,loop,if
loop,if,else,loop,if,call
loop,if,else,loop,if,i32.load
loop,if,else,loop,if,local.get
loop,if,else,loop,local.get
loop,if,else,loop,local.set
loop,if,else,loop,local.tee
loop,if,else,select
loop,if,end
loop,if,f32.abs
loop,if,f32.add
loop,if,f32.const
loop,if,f32.convert_i32_s
loop,if,f32.convert_i64_s
loop,if,f32.convert_i64_u
loop,if,f32.demote_f64
loop,if,f32.div
loop,if,f32.eq
loop,if,f32.ge
loop,if,f32.gt
loop,if,f32.le
loop,if,f32.load
loop,if,f32.lt
loop,if,f32.mul
loop,if,f32.neg
loop,if,f32.store
loop,if,f32.sub
loop,if,f64.abs
loop,if,f64.add
loop,if,f64.ceil
loop,if,f64.const
loop,if,f64.convert_i32_s
loop,if,f64.convert_i32_u
loop,if,f64.convert_i64_s
loop,if,f64.convert_i64_u
loop,if,f64.div
loop,if,f64.eq
loop,if,f64.floor
loop,if,f64.ge
loop,if,f64.gt
loop,if,f64.le
loop,if,f64.load
loop,if,f64.lt
loop,if,f64.max
loop,if,f64.mul
loop,if,f64.ne
loop,if,f64.neg
loop,if,f64.promote_f32
loop,if,f64.reinterpret_i64
loop,if,f64.sqrt
loop,if,f64.store
loop,if,f64.sub
loop,if,global.set
loop,if,i32.add
loop,if,i32.and
loop,if,i32.clz
loop,if,i32.const
loop,if,i32.ctz
loop,if,i32.div_s
loop,if,i32.div_u
loop,if,i32.eq
loop,if,i32.eqz
loop,if,i32.ge_s
loop,if,i32.ge_u
loop,if,i32.gt_s
loop,if,i32.gt_u
loop,if,i32.le_s
loop,if,i32.le_u
loop,if,i32.load
loop,if,i32.load16_s
loop,if,i32.load16_u
loop,if,i32.load8_s
loop,if,i32.load8_u
loop,if,i32.lt_s
loop,if,i32.lt_u
loop,if,i32.mul
loop,if,i32.ne
loop,if,i32.or
loop,if,i32.popcnt
loop,if,i32.rem_s
loop,if,i32.rem_u
loop,if,i32.rotl
loop,if,i32.shl
loop,if,i32.shr_s
loop,if,i32.shr_u
loop,if,i32.store
loop,if,i32.store16
loop,if,i32.store8
loop,if,i32.sub
loop,if,i32.trunc_f32_s
loop,if,i32.trunc_f32_u
loop,if,i32.trunc_f64_s
loop,if,i32.trunc_f64_u
loop,if,i32.wrap_i64
loop,if,i32.xor
loop,if,i64.add
loop,if,i64.and
loop,if,i64.const
loop,if,i64.div_s
loop,if,i64.div_u
loop,if,i64.eq
loop,if,i64.eqz
loop,if,i64.extend_i32_s
loop,if,i64.extend_i32_u
loop,if,i64.ge_s
loop,if,i64.ge_u
loop,if,i64.gt_s
loop,if,i64.gt_u
loop,if,i64.le_s
loop,if,i64.le_u
loop,if,i64.load
loop,if,i64.load16_u
loop,if,i64.load32_s
loop,if,i64.load32_u
loop,if,i64.load8_s
loop,if,i64.load8_u
loop,if,i64.lt_s
loop,if,i64.lt_u
loop,if,i64.mul
loop,if,i64.ne
loop,if,i64.or
loop,if,i64.reinterpret_f64
loop,if,i64.rem_s
loop,if,i64.rem_u
loop,if,i64.rotl
loop,if,i64.shl
loop,if,i64.shr_s
loop,if,i64.shr_u
loop,if,i64.store
loop,if,i64.store32
loop,if,i64.sub
loop,if,i64.trunc_f64_s
loop,if,i64.trunc_f64_u
loop,if,i64.xor
loop,if,local.get
loop,if,local.set
loop,if,local.tee
loop,if,loop
loop,if,loop,br
loop,if,loop,br_if
loop,if,loop,br_table
loop,if,loop,call
loop,if,loop,call_indirect
loop,if,loop,drop
loop,if,loop,else
loop,if,loop,else,br
loop,if,loop,else,br_if
loop,if,loop,else,call
loop,if,loop,else,call_indirect
loop,if,loop,else,drop
loop,if,loop,else,end
loop,if,loop,else,f64.const
loop,if,loop,else,f64.div
loop,if,loop,else,f64.eq
loop,if,loop,else,f64.gt
loop,if,loop,else,f64.load
loop,if,loop,else,f64.lt
loop,if,loop,else,f64.mul
loop,if,loop,else,f64.sub
loop,if,loop,else,i32.add
loop,if,loop,else,i32.and
loop,if,loop,else,i32.const
loop,if,loop,else,i32.eq
loop,if,loop,else,i32.eqz
loop,if,loop,else,i32.gt_s
loop,if,loop,else,i32.load
loop,if,loop,else,i32.load16_u
loop,if,loop,else,i32.load8_u
loop,if,loop,else,i32.lt_s
loop,if,loop,else,i32.mul
loop,if,loop,else,i32.ne
loop,if,loop,else,i32.or
loop,if,loop,else,i32.shl
loop,if,loop,else,i32.store
loop,if,loop,else,i32.store16
loop,if,loop,else,i32.store8
loop,if,loop,else,i32.sub
loop,if,loop,else,i32.xor
loop,if,loop,else,i64.const
loop,if,loop,else,i64.store
loop,if,loop,else,if
loop,if,loop,else,if,br
loop,if,loop,else,if,br_if
loop,if,loop,else,if,call
loop,if,loop,else,if,drop
loop,if,loop,else,if,end
loop,if,loop,else,if,f64.add
loop,if,loop,else,if,f64.load
loop,if,loop,else,if,f64.mul
loop,if,loop,else,if,f64.store
loop,if,loop,else,if,i32.add
loop,if,loop,else,if,i32.const
loop,if,loop,else,if,i32.ge_s
loop,if,loop,else,if,i32.load8_u
loop,if,loop,else,if,local.get
loop,if,loop,else,if,local.set
loop,if,loop,else,if,local.tee
loop,if,loop,else,if,loop
loop,if,loop,else,if,loop,br_if
loop,if,loop,else,if,loop,end
loop,if,loop,else,if,loop,f64.add
loop,if,loop,else,if,loop,f64.const
loop,if,loop,else,if,loop,f64.eq
loop,if,loop,else,if,loop,f64.ge
loop,if,loop,else,if,loop,f64.load
loop,if,loop,else,if,loop,f64.lt
loop,if,loop,else,if,loop,f64.mul
loop,if,loop,else,if,loop,f64.ne
loop,if,loop,else,if,loop,i32.add
loop,if,loop,else,if,loop,i32.const
loop,if,loop,else,if,loop,i32.eqz
loop,if,loop,else,if,loop,i32.lt_s
loop,if,loop,else,if,loop,i32.mul
loop,if,loop,else,if,loop,i32.ne
loop,if,loop,else,if,loop,i32.shl
loop,if,loop,else,if,loop,i32.xor
loop,if,loop,else,if,loop,if
loop,if,loop,else,if,loop,if,end
loop,if,loop,else,if,loop,if,i32.const
loop,if,loop,else,if,loop,if,i32.mul
loop,if,loop,else,if,loop,if,local.get
loop,if,loop,else,if,loop,if,local.set
loop,if,loop,else,if,loop,if,loop
loop,if,loop,else,if,loop,if,loop,br_if
loop,if,loop,else,if,loop,if,loop,f64.load
loop,if,loop,else,if,loop,if,loop,f64.mul
loop,if,loop,else,if,loop,if,loop,f64.sub
loop,if,loop,else,if,loop,if,loop,i32.add
loop,if,loop,else,if,loop,if,loop,i32.const
loop,if,loop,else,if,loop,if,loop,i32.ne
loop,if,loop,else,if,loop,if,loop,i32.shl
loop,if,loop,else,if,loop,if,loop,local.get
loop,if,loop,else,if,loop,if,loop,local.set
loop,if,loop,else,if,loop,local.get
loop,if,loop,else,if,loop,local.set
loop,if,loop,else,if,loop,local.tee
loop,if,loop,else,if,loop,select
loop,if,loop,else,local.get
loop,if,loop,else,local.set
loop,if,loop,else,local.tee
loop,if,loop,else,loop
loop,if,loop,else,loop,br
loop,if,loop,else,loop,br_if
loop,if,loop,else,loop,call
loop,if,loop,else,loop,drop
loop,if,loop,else,loop,end
loop,if,loop,else,loop,f64.abs
loop,if,loop,else,loop,f64.add
loop,if,loop,else,loop,f64.const
loop,if,loop,else,loop,f64.div
loop,if,loop,else,loop,f64.eq
loop,if,loop,else,loop,f64.ge
loop,if,loop,else,loop,f64.gt
loop,if,loop,else,loop,f64.le
loop,if,loop,else,loop,f64.load
loop,if,loop,else,loop,f64.lt
loop,if,loop,else,loop,f64.mul
loop,if,loop,else,loop,f64.sqrt
loop,if,loop,else,loop,f64.store
loop,if,loop,else,loop,f64.sub
loop,if,loop,else,loop,i32.add
loop,if,loop,else,loop,i32.const
loop,if,loop,else,loop,i32.eq
loop,if,loop,else,loop,i32.eqz
loop,if,loop,else,loop,i32.ge_s
loop,if,loop,else,loop,i32.gt_s
loop,if,loop,else,loop,i32.load
loop,if,loop,else,loop,i32.lt_s
loop,if,loop,else,loop,i32.mul
loop,if,loop,else,loop,i32.ne
loop,if,loop,else,loop,i32.shl
loop,if,loop,else,loop,i32.store
loop,if,loop,else,loop,i32.sub
loop,if,loop,else,loop,i32.xor
loop,if,loop,else,loop,i64.const
loop,if,loop,else,loop,i64.store
loop,if,loop,else,loop,if
loop,if,loop,else,loop,if,br
loop,if,loop,else,loop,if,br_if
loop,if,loop,else,loop,if,end
loop,if,loop,else,loop,if,f64.add
loop,if,loop,else,loop,if,f64.const
loop,if,loop,else,loop,if,f64.div
loop,if,loop,else,loop,if,f64.eq
loop,if,loop,else,loop,if,f64.ge
loop,if,loop,else,loop,if,f64.le
loop,if,loop,else,loop,if,f64.load
loop,if,loop,else,loop,if,f64.mul
loop,if,loop,else,loop,if,f64.store
loop,if,loop,else,loop,if,f64.sub
loop,if,loop,else,loop,if,i32.add
loop,if,loop,else,loop,if,i32.const
loop,if,loop,else,loop,if,i32.eq
loop,if,loop,else,loop,if,i32.eqz
loop,if,loop,else,loop,if,i32.le_s
loop,if,loop,else,loop,if,i32.load
loop,if,loop,else,loop,if,i32.mul
loop,if,loop,else,loop,if,i32.shl
loop,if,loop,else,loop,if,i32.store
loop,if,loop,else,loop,if,i32.sub
loop,if,loop,else,loop,if,i32.xor
loop,if,loop,else,loop,if,i64.const
loop,if,loop,else,loop,if,i64.store
loop,if,loop,else,loop,if,local.get
loop,if,loop,else,loop,if,local.set
loop,if,loop,else,loop,if,local.tee
loop,if,loop,else,loop,if,loop
loop,if,loop,else,loop,if,loop,br_if
loop,if,loop,else,loop,if,loop,else
loop,if,loop,else,loop,if,loop,else,end
loop,if,loop,else,loop,if,loop,else,f64.add
loop,if,loop,else,loop,if,loop,else,f64.mul
loop,if,loop,else,loop,if,loop,else,f64.sqrt
loop,if,loop,else,loop,if,loop,else,i32.eqz
loop,if,loop,else,loop,if,loop,else,if
loop,if,loop,else,loop,if,loop,else,if,end
loop,if,loop,else,loop,if,loop,else,if,f64.div
loop,if,loop,else,loop,if,loop,else,if,i32.add
loop,if,loop,else,loop,if,loop,else,if,i32.const
loop,if,loop,else,loop,if,loop,else,if,i32.mul
loop,if,loop,else,loop,if,loop,else,if,local.get
loop,if,loop,else,loop,if,loop,else,if,local.set
loop,if,loop,else,loop,if,loop,else,if,loop
loop,if,loop,else,loop,if,loop,else,if,loop,br_if
loop,if,loop,else,loop,if,loop,else,if,loop,f64.add
loop,if,loop,else,loop,if,loop,else,if,loop,f64.load
loop,if,loop,else,loop,if,loop,else,if,loop,f64.mul
loop,if,loop,else,loop,if,loop,else,if,loop,f64.store
loop,if,loop,else,loop,if,loop,else,if,loop,f64.sub
loop,if,loop,else,loop,if,loop,else,if,loop,i32.add
loop,if,loop,else,loop,if,loop,else,if,loop,i32.const
loop,if,loop,else,loop,if,loop,else,if,loop,i32.ne
loop,if,loop,else,loop,if,loop,else,if,loop,i32.shl
loop,if,loop,else,loop,if,loop,else,if,loop,local.get
loop,if,loop,else,loop,if,loop,else,if,loop,local.set
loop,if,loop,else,loop,if,loop,else,if,loop,local.tee
loop,if,loop,else,loop,if,loop,else,local.get
loop,if,loop,else,loop,if,loop,else,local.set
loop,if,loop,else,loop,if,loop,end
loop,if,loop,else,loop,if,loop,f64.abs
loop,if,loop,else,loop,if,loop,f64.add
loop,if,loop,else,loop,if,loop,f64.const
loop,if,loop,else,loop,if,loop,f64.div
loop,if,loop,else,loop,if,loop,f64.eq
loop,if,loop,else,loop,if,loop,f64.ge
loop,if,loop,else,loop,if,loop,f64.le
loop,if,loop,else,loop,if,loop,f64.load
loop,if,loop,else,loop,if,loop,f64.lt
loop,if,loop,else,loop,if,loop,f64.mul
loop,if,loop,else,loop,if,loop,f64.sqrt
loop,if,loop,else,loop,if,loop,f64.store
loop,if,loop,else,loop,if,loop,f64.sub
loop,if,loop,else,loop,if,loop,i32.add
loop,if,loop,else,loop,if,loop,i32.const
loop,if,loop,else,loop,if,loop,i32.eq
loop,if,loop,else,loop,if,loop,i32.eqz
loop,if,loop,else,loop,if,loop,i32.gt_s
loop,if,loop,else,loop,if,loop,i32.load
loop,if,loop,else,loop,if,loop,i32.mul
loop,if,loop,else,loop,if,loop,i32.ne
loop,if,loop,else,loop,if,loop,i32.shl
loop,if,loop,else,loop,if,loop,i32.store
loop,if,loop,else,loop,if,loop,i32.sub
loop,if,loop,else,loop,if,loop,i32.xor
loop,if,loop,else,loop,if,loop,if
loop,if,loop,else,loop,if,loop,if,br
loop,if,loop,else,loop,if,loop,if,br_if
loop,if,loop,else,loop,if,loop,if,end
loop,if,loop,else,loop,if,loop,if,f64.add
loop,if,loop,else,loop,if,loop,if,f64.const
loop,if,loop,else,loop,if,loop,if,f64.div
loop,if,loop,else,loop,if,loop,if,f64.ge
loop,if,loop,else,loop,if,loop,if,f64.mul
loop,if,loop,else,loop,if,loop,if,i32.const
loop,if,loop,else,loop,if,loop,if,i32.mul
loop,if,loop,else,loop,if,loop,if,i32.xor
loop,if,loop,else,loop,if,loop,if,local.get
loop,if,loop,else,loop,if,loop,if,local.set
loop,if,loop,else,loop,if,loop,if,loop
loop,if,loop,else,loop,if,loop,if,loop,br_if
loop,if,loop,else,loop,if,loop,if,loop,f64.abs
loop,if,loop,else,loop,if,loop,if,loop,f64.add
loop,if,loop,else,loop,if,loop,if,loop,f64.load
loop,if,loop,else,loop,if,loop,if,loop,f64.mul
loop,if,loop,else,loop,if,loop,if,loop,f64.store
loop,if,loop,else,loop,if,loop,if,loop,f64.sub
loop,if,loop,else,loop,if,loop,if,loop,i32.add
loop,if,loop,else,loop,if,loop,if,loop,i32.const
loop,if,loop,else,loop,if,loop,if,loop,i32.ne
loop,if,loop,else,loop,if,loop,if,loop,i32.shl
loop,if,loop,else,loop,if,loop,if,loop,local.get
loop,if,loop,else,loop,if,loop,if,loop,local.set
loop,if,loop,else,loop,if,loop,if,loop,local.tee
loop,if,loop,else,loop,if,loop,local.get
loop,if,loop,else,loop,if,loop,local.set
loop,if,loop,else,loop,if,loop,local.tee
loop,if,loop,else,loop,if,loop,select
loop,if,loop,else,loop,if,select
loop,if,loop,else,loop,local.get
loop,if,loop,else,loop,local.set
loop,if,loop,else,loop,local.tee
loop,if,loop,else,loop,select
loop,if,loop,else,select
loop,if,loop,end
loop,if,loop,f32.abs
loop,if,loop,f32.add
loop,if,loop,f32.const
loop,if,loop,f32.convert_i32_s
loop,if,loop,f32.convert_i32_u
loop,if,loop,f32.demote_f64
loop,if,loop,f32.div
loop,if,loop,f32.ge
loop,if,loop,f32.gt
loop,if,loop,f32.le
loop,if,loop,f32.load
loop,if,loop,f32.lt
loop,if,loop,f32.mul
loop,if,loop,f32.neg
loop,if,loop,f32.store
loop,if,loop,f32.sub
loop,if,loop,f64.abs
loop,if,loop,f64.add
loop,if,loop,f64.const
loop,if,loop,f64.convert_i32_s
loop,if,loop,f64.convert_i32_u
loop,if,loop,f64.convert_i64_s
loop,if,loop,f64.div
loop,if,loop,f64.eq
loop,if,loop,f64.floor
loop,if,loop,f64.ge
loop,if,loop,f64.gt
loop,if,loop,f64.le
loop,if,loop,f64.load
loop,if,loop,f64.lt
loop,if,loop,f64.max
loop,if,loop,f64.mul
loop,if,loop,f64.ne
loop,if,loop,f64.neg
loop,if,loop,f64.promote_f32
loop,if,loop,f64.sqrt
loop,if,loop,f64.store
loop,if,loop,f64.sub
loop,if,loop,i32.add
loop,if,loop,i32.and
loop,if,loop,i32.const
loop,if,loop,i32.ctz
loop,if,loop,i32.div_s
loop,if,loop,i32.div_u
loop,if,loop,i32.eq
loop,if,loop,i32.eqz
loop,if,loop,i32.extend16_s
loop,if,loop,i32.ge_s
loop,if,loop,i32.ge_u
loop,if,loop,i32.gt_s
loop,if,loop,i32.gt_u
loop,if,loop,i32.le_s
loop,if,loop,i32.le_u
loop,if,loop,i32.load
loop,if,loop,i32.load16_s
loop,if,loop,i32.load16_u
loop,if,loop,i32.load8_s
loop,if,loop,i32.load8_u
loop,if,loop,i32.lt_s
loop,if,loop,i32.lt_u
loop,if,loop,i32.mul
loop,if,loop,i32.ne
loop,if,loop,i32.or
loop,if,loop,i32.rem_s
loop,if,loop,i32.rem_u
loop,if,loop,i32.rotl
loop,if,loop,i32.shl
loop,if,loop,i32.shr_s
loop,if,loop,i32.shr_u
loop,if,loop,i32.store
loop,if,loop,i32.store16
loop,if,loop,i32.store8
loop,if,loop,i32.sub
loop,if,loop,i32.wrap_i64
loop,if,loop,i32.xor
loop,if,loop,i64.add
loop,if,loop,i64.and
loop,if,loop,i64.const
loop,if,loop,i64.div_s
loop,if,loop,i64.div_u
loop,if,loop,i64.eq
loop,if,loop,i64.eqz
loop,if,loop,i64.extend_i32_s
loop,if,loop,i64.extend_i32_u
loop,if,loop,i64.ge_s
loop,if,loop,i64.ge_u
loop,if,loop,i64.gt_s
loop,if,loop,i64.gt_u
loop,if,loop,i64.le_s
loop,if,loop,i64.le_u
loop,if,loop,i64.load
loop,if,loop,i64.load16_s
loop,if,loop,i64.load16_u
loop,if,loop,i64.load32_s
loop,if,loop,i64.load32_u
loop,if,loop,i64.load8_s
loop,if,loop,i64.load8_u
loop,if,loop,i64.lt_s
loop,if,loop,i64.lt_u
loop,if,loop,i64.mul
loop,if,loop,i64.ne
loop,if,loop,i64.or
loop,if,loop,i64.reinterpret_f64
loop,if,loop,i64.rem_u
loop,if,loop,i64.rotl
loop,if,loop,i64.shl
loop,if,loop,i64.shr_s
loop,if,loop,i64.shr_u
loop,if,loop,i64.store
loop,if,loop,i64.store16
loop,if,loop,i64.store32
loop,if,loop,i64.store8
loop,if,loop,i64.sub
loop,if,loop,i64.xor
loop,if,loop,if
loop,if,loop,if,br
loop,if,loop,if,br_if
loop,if,loop,if,br_table
loop,if,loop,if,call
loop,if,loop,if,call_indirect
loop,if,loop,if,drop
loop,if,loop,if,else
loop,if,loop,if,else,i32.add
loop,if,loop,if,else,i32.const
loop,if,loop,if,else,i32.load
loop,if,loop,if,else,i32.shl
loop,if,loop,if,else,local.get
loop,if,loop,if,end
loop,if,loop,if,f32.add
loop,if,loop,if,f32.const
loop,if,loop,if,f32.convert_i64_u
loop,if,loop,if,f32.ge
loop,if,loop,if,f32.load
loop,if,loop,if,f32.mul
loop,if,loop,if,f32.store
loop,if,loop,if,f64.abs
loop,if,loop,if,f64.add
loop,if,loop,if,f64.const
loop,if,loop,if,f64.convert_i32_s
loop,if,loop,if,f64.convert_i32_u
loop,if,loop,if,f64.div
loop,if,loop,if,f64.eq
loop,if,loop,if,f64.floor
loop,if,loop,if,f64.ge
loop,if,loop,if,f64.gt
loop,if,loop,if,f64.le
loop,if,loop,if,f64.load
loop,if,loop,if,f64.lt
loop,if,loop,if,f64.mul
loop,if,loop,if,f64.ne
loop,if,loop,if,f64.neg
loop,if,loop,if,f64.promote_f32
loop,if,loop,if,f64.sqrt
loop,if,loop,if,f64.store
loop,if,loop,if,f64.sub
loop,if,loop,if,global.set
loop,if,loop,if,i32.add
loop,if,loop,if,i32.and
loop,if,loop,if,i32.const
loop,if,loop,if,i32.ctz
loop,if,loop,if,i32.div_s
loop,if,loop,if,i32.div_u
loop,if,loop,if,i32.eq
loop,if,loop,if,i32.eqz
loop,if,loop,if,i32.ge_s
loop,if,loop,if,i32.ge_u
loop,if,loop,if,i32.gt_s
loop,if,loop,if,i32.gt_u
loop,if,loop,if,i32.le_s
loop,if,loop,if,i32.le_u
loop,if,loop,if,i32.load
loop,if,loop,if,i32.load16_s
loop,if,loop,if,i32.load16_u
loop,if,loop,if,i32.load8_s
loop,if,loop,if,i32.load8_u
loop,if,loop,if,i32.lt_s
loop,if,loop,if,i32.lt_u
loop,if,loop,if,i32.mul
loop,if,loop,if,i32.ne
loop,if,loop,if,i32.or
loop,if,loop,if,i32.rem_s
loop,if,loop,if,i32.rem_u
loop,if,loop,if,i32.shl
loop,if,loop,if,i32.shr_s
loop,if,loop,if,i32.shr_u
loop,if,loop,if,i32.store
loop,if,loop,if,i32.store16
loop,if,loop,if,i32.store8
loop,if,loop,if,i32.sub
loop,if,loop,if,i32.trunc_f32_s
loop,if,loop,if,i32.trunc_f64_s
loop,if,loop,if,i32.trunc_f64_u
loop,if,loop,if,i32.wrap_i64
loop,if,loop,if,i32.xor
loop,if,loop,if,i64.add
loop,if,loop,if,i64.and
loop,if,loop,if,i64.const
loop,if,loop,if,i64.div_s
loop,if,loop,if,i64.eq
loop,if,loop,if,i64.eqz
loop,if,loop,if,i64.extend_i32_s
loop,if,loop,if,i64.extend_i32_u
loop,if,loop,if,i64.ge_s
loop,if,loop,if,i64.gt_s
loop,if,loop,if,i64.gt_u
loop,if,loop,if,i64.le_s
loop,if,loop,if,i64.le_u
loop,if,loop,if,i64.load
loop,if,loop,if,i64.load16_u
loop,if,loop,if,i64.load32_s
loop,if,loop,if,i64.load8_u
loop,if,loop,if,i64.lt_s
loop,if,loop,if,i64.lt_u
loop,if,loop,if,i64.mul
loop,if,loop,if,i64.ne
loop,if,loop,if,i64.or
loop,if,loop,if,i64.rem_u
loop,if,loop,if,i64.shl
loop,if,loop,if,i64.shr_s
loop,if,loop,if,i64.shr_u
loop,if,loop,if,i64.store
loop,if,loop,if,i64.store32
loop,if,loop,if,i64.sub
loop,if,loop,if,local.get
loop,if,loop,if,local.set
loop,if,loop,if,local.tee
loop,if,loop,if,loop
loop,if,loop,if,loop,br
loop,if,loop,if,loop,br_if
loop,if,loop,if,loop,br_table
loop,if,loop,if,loop,call
loop,if,loop,if,loop,call_indirect
loop,if,loop,if,loop,drop
loop,if,loop,if,loop,else
loop,if,loop,if,loop,else,i32.const
loop,if,loop,if,loop,else,local.get
loop,if,loop,if,loop,end
loop,if,loop,if,loop,f32.add
loop,if,loop,if,loop,f32.const
loop,if,loop,if,loop,f32.load
loop,if,loop,if,loop,f32.mul
loop,if,loop,if,loop,f32.store
loop,if,loop,if,loop,f32.sub
loop,if,loop,if,loop,f64.abs
loop,if,loop,if,loop,f64.add
loop,if,loop,if,loop,f64.const
loop,if,loop,if,loop,f64.convert_i32_s
loop,if,loop,if,loop,f64.convert_i32_u
loop,if,loop,if,loop,f64.div
loop,if,loop,if,loop,f64.eq
loop,if,loop,if,loop,f64.ge
loop,if,loop,if,loop,f64.gt
loop,if,loop,if,loop,f64.le
loop,if,loop,if,loop,f64.load
loop,if,loop,if,loop,f64.lt
loop,if,loop,if,loop,f64.max
loop,if,loop,if,loop,f64.mul
loop,if,loop,if,loop,f64.ne
loop,if,loop,if,loop,f64.neg
loop,if,loop,if,loop,f64.promote_f32
loop,if,loop,if,loop,f64.sqrt
loop,if,loop,if,loop,f64.store
loop,if,loop,if,loop,f64.sub
loop,if,loop,if,loop,i32.add
loop,if,loop,if,loop,i32.and
loop,if,loop,if,loop,i32.const
loop,if,loop,if,loop,i32.div_s
loop,if,loop,if,loop,i32.div_u
loop,if,loop,if,loop,i32.eq
loop,if,loop,if,loop,i32.eqz
loop,if,loop,if,loop,i32.ge_s
loop,if,loop,if,loop,i32.ge_u
loop,if,loop,if,loop,i32.gt_s
loop,if,loop,if,loop,i32.gt_u
loop,if,loop,if,loop,i32.le_s
loop,if,loop,if,loop,i32.le_u
loop,if,loop,if,loop,i32.load
loop,if,loop,if,loop,i32.load16_s
loop,if,loop,if,loop,i32.load16_u
loop,if,loop,if,loop,i32.load8_s
loop,if,loop,if,loop,i32.load8_u
loop,if,loop,if,loop,i32.lt_s
loop,if,loop,if,loop,i32.lt_u
loop,if,loop,if,loop,i32.mul
loop,if,loop,if,loop,i32.ne
loop,if,loop,if,loop,i32.or
loop,if,loop,if,loop,i32.rem_s
loop,if,loop,if,loop,i32.rem_u
loop,if,loop,if,loop,i32.shl
loop,if,loop,if,loop,i32.shr_s
loop,if,loop,if,loop,i32.shr_u
loop,if,loop,if,loop,i32.store
loop,if,loop,if,loop,i32.store16
loop,if,loop,if,loop,i32.store8
loop,if,loop,if,loop,i32.sub
loop,if,loop,if,loop,i32.wrap_i64
loop,if,loop,if,loop,i32.xor
loop,if,loop,if,loop,i64.add
loop,if,loop,if,loop,i64.and
loop,if,loop,if,loop,i64.const
loop,if,loop,if,loop,i64.eq
loop,if,loop,if,loop,i64.eqz
loop,if,loop,if,loop,i64.extend_i32_s
loop,if,loop,if,loop,i64.extend_i32_u
loop,if,loop,if,loop,i64.ge_s
loop,if,loop,if,loop,i64.ge_u
loop,if,loop,if,loop,i64.gt_s
loop,if,loop,if,loop,i64.le_s
loop,if,loop,if,loop,i64.le_u
loop,if,loop,if,loop,i64.load
loop,if,loop,if,loop,i64.load32_s
loop,if,loop,if,loop,i64.load32_u
loop,if,loop,if,loop,i64.lt_s
loop,if,loop,if,loop,i64.lt_u
loop,if,loop,if,loop,i64.ne
loop,if,loop,if,loop,i64.shl
loop,if,loop,if,loop,i64.shr_u
loop,if,loop,if,loop,i64.store
loop,if,loop,if,loop,i64.sub
loop,if,loop,if,loop,if
loop,if,loop,if,loop,if,br
loop,if,loop,if,loop,if,br_if
loop,if,loop,if,loop,if,br_table
loop,if,loop,if,loop,if,call
loop,if,loop,if,loop,if,call_indirect
loop,if,loop,if,loop,if,drop
loop,if,loop,if,loop,if,end
loop,if,loop,if,loop,if,f64.abs
loop,if,loop,if,loop,if,f64.add
loop,if,loop,if,loop,if,f64.const
loop,if,loop,if,loop,if,f64.convert_i32_u
loop,if,loop,if,loop,if,f64.div
loop,if,loop,if,loop,if,f64.eq
loop,if,loop,if,loop,if,f64.ge
loop,if,loop,if,loop,if,f64.le
loop,if,loop,if,loop,if,f64.load
loop,if,loop,if,loop,if,f64.lt
loop,if,loop,if,loop,if,f64.mul
loop,if,loop,if,loop,if,f64.neg
loop,if,loop,if,loop,if,f64.sqrt
loop,if,loop,if,loop,if,f64.store
loop,if,loop,if,loop,if,f64.sub
loop,if,loop,if,loop,if,i32.add
loop,if,loop,if,loop,if,i32.and
loop,if,loop,if,loop,if,i32.const
loop,if,loop,if,loop,if,i32.div_s
loop,if,loop,if,loop,if,i32.div_u
loop,if,loop,if,loop,if,i32.eq
loop,if,loop,if,loop,if,i32.eqz
loop,if,loop,if,loop,if,i32.ge_s
loop,if,loop,if,loop,if,i32.ge_u
loop,if,loop,if,loop,if,i32.gt_s
loop,if,loop,if,loop,if,i32.gt_u
loop,if,loop,if,loop,if,i32.le_s
loop,if,loop,if,loop,if,i32.load
loop,if,loop,if,loop,if,i32.load16_u
loop,if,loop,if,loop,if,i32.load8_s
loop,if,loop,if,loop,if,i32.load8_u
loop,if,loop,if,loop,if,i32.lt_s
loop,if,loop,if,loop,if,i32.lt_u
loop,if,loop,if,loop,if,i32.mul
loop,if,loop,if,loop,if,i32.ne
loop,if,loop,if,loop,if,i32.or
loop,if,loop,if,loop,if,i32.rem_s
loop,if,loop,if,loop,if,i32.shl
loop,if,loop,if,loop,if,i32.shr_u
loop,if,loop,if,loop,if,i32.store
loop,if,loop,if,loop,if,i32.store16
loop,if,loop,if,loop,if,i32.store8
loop,if,loop,if,loop,if,i32.sub
loop,if,loop,if,loop,if,i32.wrap_i64
loop,if,loop,if,loop,if,i32.xor
loop,if,loop,if,loop,if,i64.add
loop,if,loop,if,loop,if,i64.const
loop,if,loop,if,loop,if,i64.eqz
loop,if,loop,if,loop,if,i64.extend_i32_s
loop,if,loop,if,loop,if,i64.extend_i32_u
loop,if,loop,if,loop,if,i64.ge_s
loop,if,loop,if,loop,if,i64.gt_s
loop,if,loop,if,loop,if,i64.load
loop,if,loop,if,loop,if,i64.shr_u
loop,if,loop,if,loop,if,i64.store
loop,if,loop,if,loop,if,local.get
loop,if,loop,if,loop,if,local.set
loop,if,loop,if,loop,if,local.tee
loop,if,loop,if,loop,if,loop
loop,if,loop,if,loop,if,loop,br
loop,if,loop,if,loop,if,loop,br_if
loop,if,loop,if,loop,if,loop,br_table
loop,if,loop,if,loop,if,loop,call
loop,if,loop,if,loop,if,loop,drop
loop,if,loop,if,loop,if,loop,end
loop,if,loop,if,loop,if,loop,f64.abs
loop,if,loop,if,loop,if,loop,f64.add
loop,if,loop,if,loop,if,loop,f64.const
loop,if,loop,if,loop,if,loop,f64.convert_i32_s
loop,if,loop,if,loop,if,loop,f64.div
loop,if,loop,if,loop,if,loop,f64.eq
loop,if,loop,if,loop,if,loop,f64.ge
loop,if,loop,if,loop,if,loop,f64.gt
loop,if,loop,if,loop,if,loop,f64.le
loop,if,loop,if,loop,if,loop,f64.load
loop,if,loop,if,loop,if,loop,f64.lt
loop,if,loop,if,loop,if,loop,f64.mul
loop,if,loop,if,loop,if,loop,f64.ne
loop,if,loop,if,loop,if,loop,f64.neg
loop,if,loop,if,loop,if,loop,f64.sqrt
loop,if,loop,if,loop,if,loop,f64.store
loop,if,loop,if,loop,if,loop,f64.sub
loop,if,loop,if,loop,if,loop,i32.add
loop,if,loop,if,loop,if,loop,i32.and
loop,if,loop,if,loop,if,loop,i32.const
loop,if,loop,if,loop,if,loop,i32.eq
loop,if,loop,if,loop,if,loop,i32.eqz
loop,if,loop,if,loop,if,loop,i32.ge_s
loop,if,loop,if,loop,if,loop,i32.ge_u
loop,if,loop,if,loop,if,loop,i32.gt_s
loop,if,loop,if,loop,if,loop,i32.gt_u
loop,if,loop,if,loop,if,loop,i32.le_s
loop,if,loop,if,loop,if,loop,i32.load
loop,if,loop,if,loop,if,loop,i32.load16_u
loop,if,loop,if,loop,if,loop,i32.load8_s
loop,if,loop,if,loop,if,loop,i32.load8_u
loop,if,loop,if,loop,if,loop,i32.lt_s
loop,if,loop,if,loop,if,loop,i32.lt_u
loop,if,loop,if,loop,if,loop,i32.mul
loop,if,loop,if,loop,if,loop,i32.ne
loop,if,loop,if,loop,if,loop,i32.or
loop,if,loop,if,loop,if,loop,i32.shl
loop,if,loop,if,loop,if,loop,i32.shr_s
loop,if,loop,if,loop,if,loop,i32.store
loop,if,loop,if,loop,if,loop,i32.store8
loop,if,loop,if,loop,if,loop,i32.sub
loop,if,loop,if,loop,if,loop,i32.wrap_i64
loop,if,loop,if,loop,if,loop,i32.xor
loop,if,loop,if,loop,if,loop,i64.add
loop,if,loop,if,loop,if,loop,i64.const
loop,if,loop,if,loop,if,loop,i64.eq
loop,if,loop,if,loop,if,loop,i64.eqz
loop,if,loop,if,loop,if,loop,i64.ge_s
loop,if,loop,if,loop,if,loop,i64.ge_u
loop,if,loop,if,loop,if,loop,i64.gt_s
loop,if,loop,if,loop,if,loop,i64.gt_u
loop,if,loop,if,loop,if,loop,i64.le_s
loop,if,loop,if,loop,if,loop,i64.load
loop,if,loop,if,loop,if,loop,i64.ne
loop,if,loop,if,loop,if,loop,i64.store
loop,if,loop,if,loop,if,loop,i64.sub
loop,if,loop,if,loop,if,loop,if
loop,if,loop,if,loop,if,loop,if,br
loop,if,loop,if,loop,if,loop,if,br_if
loop,if,loop,if,loop,if,loop,if,br_table
loop,if,loop,if,loop,if,loop,if,call
loop,if,loop,if,loop,if,loop,if,drop
loop,if,loop,if,loop,if,loop,if,end
loop,if,loop,if,loop,if,loop,if,f64.add
loop,if,loop,if,loop,if,loop,if,f64.const
loop,if,loop,if,loop,if,loop,if,f64.load
loop,if,loop,if,loop,if,loop,if,f64.mul
loop,if,loop,if,loop,if,loop,if,f64.store
loop,if,loop,if,loop,if,loop,if,f64.sub
loop,if,loop,if,loop,if,loop,if,i32.add
loop,if,loop,if,loop,if,loop,if,i32.and
loop,if,loop,if,loop,if,loop,if,i32.const
loop,if,loop,if,loop,if,loop,if,i32.div_s
loop,if,loop,if,loop,if,loop,if,i32.eq
loop,if,loop,if,loop,if,loop,if,i32.eqz
loop,if,loop,if,loop,if,loop,if,i32.ge_s
loop,if,loop,if,loop,if,loop,if,i32.ge_u
loop,if,loop,if,loop,if,loop,if,i32.gt_u
loop,if,loop,if,loop,if,loop,if,i32.le_s
loop,if,loop,if,loop,if,loop,if,i32.load
loop,if,loop,if,loop,if,loop,if,i32.load16_u
loop,if,loop,if,loop,if,loop,if,i32.load8_s
loop,if,loop,if,loop,if,loop,if,i32.load8_u
loop,if,loop,if,loop,if,loop,if,i32.lt_s
loop,if,loop,if,loop,if,loop,if,i32.lt_u
loop,if,loop,if,loop,if,loop,if,i32.mul
loop,if,loop,if,loop,if,loop,if,i32.ne
loop,if,loop,if,loop,if,loop,if,i32.or
loop,if,loop,if,loop,if,loop,if,i32.shl
loop,if,loop,if,loop,if,loop,if,i32.shr_u
loop,if,loop,if,loop,if,loop,if,i32.store
loop,if,loop,if,loop,if,loop,if,i32.store16
loop,if,loop,if,loop,if,loop,if,i32.store8
loop,if,loop,if,loop,if,loop,if,i32.sub
loop,if,loop,if,loop,if,loop,if,i32.wrap_i64
loop,if,loop,if,loop,if,loop,if,i32.xor
loop,if,loop,if,loop,if,loop,if,i64.const
loop,if,loop,if,loop,if,loop,if,i64.eq
loop,if,loop,if,loop,if,loop,if,i64.eqz
loop,if,loop,if,loop,if,loop,if,i64.load
loop,if,loop,if,loop,if,loop,if,i64.store
loop,if,loop,if,loop,if,loop,if,i64.sub
loop,if,loop,if,loop,if,loop,if,local.get
loop,if,loop,if,loop,if,loop,if,local.set
loop,if,loop,if,loop,if,loop,if,local.tee
loop,if,loop,if,loop,if,loop,if,loop
loop,if,loop,if,loop,if,loop,if,loop,br_if
loop,if,loop,if,loop,if,loop,if,loop,call
loop,if,loop,if,loop,if,loop,if,loop,drop
loop,if,loop,if,loop,if,loop,if,loop,else
loop,if,loop,if,loop,if,loop,if,loop,else,br
loop,if,loop,if,loop,if,loop,if,loop,else,i32.add
loop,if,loop,if,loop,if,loop,if,loop,else,i32.const
loop,if,loop,if,loop,if,loop,if,loop,else,local.get
loop,if,loop,if,loop,if,loop,if,loop,else,local.set
loop,if,loop,if,loop,if,loop,if,loop,end
loop,if,loop,if,loop,if,loop,if,loop,i32.add
loop,if,loop,if,loop,if,loop,if,loop,i32.const
loop,if,loop,if,loop,if,loop,if,loop,i32.load
loop,if,loop,if,loop,if,loop,if,loop,i32.load16_u
loop,if,loop,if,loop,if,loop,if,loop,i32.load8_s
loop,if,loop,if,loop,if,loop,if,loop,i32.load8_u
loop,if,loop,if,loop,if,loop,if,loop,i32.lt_u
loop,if,loop,if,loop,if,loop,if,loop,i32.ne
loop,if,loop,if,loop,if,loop,if,loop,if
loop,if,loop,if,loop,if,loop,if,loop,if,br
loop,if,loop,if,loop,if,loop,if,loop,if,call
loop,if,loop,if,loop,if,loop,if,loop,if,drop
loop,if,loop,if,loop,if,loop,if,loop,if,end
loop,if,loop,if,loop,if,loop,if,loop,if,i32.add
loop,if,loop,if,loop,if,loop,if,loop,if,i32.const
loop,if,loop,if,loop,if,loop,if,loop,if,i32.eqz
loop,if,loop,if,loop,if,loop,if,loop,if,i32.store
loop,if,loop,if,loop,if,loop,if,loop,if,local.get
loop,if,loop,if,loop,if,loop,if,loop,if,loop
loop,if,loop,if,loop,if,loop,if,loop,if,loop,br_if
loop,if,loop,if,loop,if,loop,if,loop,if,loop,call
loop,if,loop,if,loop,if,loop,if,loop,if,loop,f32.const
loop,if,loop,if,loop,if,loop,if,loop,if,loop,f32.convert_i32_s
loop,if,loop,if,loop,if,loop,if,loop,if,loop,f32.mul
loop,if,loop,if,loop,if,loop,if,loop,if,loop,f32.store
loop,if,loop,if,loop,if,loop,if,loop,if,loop,i32.add
loop,if,loop,if,loop,if,loop,if,loop,if,loop,i32.const
loop,if,loop,if,loop,if,loop,if,loop,if,loop,i32.load
loop,if,loop,if,loop,if,loop,if,loop,if,loop,i32.lt_u
loop,if,loop,if,loop,if,loop,if,loop,if,loop,i32.mul
loop,if,loop,if,loop,if,loop,if,loop,if,loop,i32.shl
loop,if,loop,if,loop,if,loop,if,loop,if,loop,local.get
loop,if,loop,if,loop,if,loop,if,loop,if,loop,local.set
loop,if,loop,if,loop,if,loop,if,loop,if,loop,local.tee
loop,if,loop,if,loop,if,loop,if,loop,local.get
loop,if,loop,if,loop,if,loop,if,loop,local.set
loop,if,loop,if,loop,if,loop,if,loop,local.tee
loop,if,loop,if,loop,if,loop,if,loop,unreachable
loop,if,loop,if,loop,if,loop,if,select
loop,if,loop,if,loop,if,loop,if,unreachable
loop,if,loop,if,loop,if,loop,local.get
loop,if,loop,if,loop,if,loop,local.set
loop,if,loop,if,loop,if,loop,local.tee
loop,if,loop,if,loop,if,loop,select
loop,if,loop,if,loop,if,loop,unreachable
loop,if,loop,if,loop,if,return
loop,if,loop,if,loop,if,select
loop,if,loop,if,loop,if,unreachable
loop,if,loop,if,loop,local.get
loop,if,loop,if,loop,local.set
loop,if,loop,if,loop,local.tee
loop,if,loop,if,loop,select
loop,if,loop,if,loop,unreachable
loop,if,loop,if,memory.fill
loop,if,loop,if,return
loop,if,loop,if,select
loop,if,loop,if,unreachable
loop,if,loop,local.get
loop,if,loop,local.set
loop,if,loop,local.tee
loop,if,loop,return
loop,if,loop,select
loop,if,loop,unreachable
loop,if,memory.copy
loop,if,return
loop,if,select
loop,if,unreachable
loop,local.get
loop,local.set
loop,local.tee
loop,memory.copy
loop,memory.fill
loop,return
loop,select
loop,unreachable
memory.copy
memory.fill
return
select
unreachable