2023-03-17 05:44:35 INFO     reading predictions from 'drive/MyDrive/Colab Notebooks/name/100/seq2/y_test.acc.txt'...
2023-03-17 05:44:35 INFO     predictions:               48230
2023-03-17 05:44:35 INFO     ground truth samples:       9646
2023-03-17 05:44:35 INFO     top-k: 5
2023-03-17 05:44:35 INFO     perfect match accuracy:
2023-03-17 05:44:35 INFO       top-1: 74.25% (7162/9646)
2023-03-17 05:44:35 INFO       top-2: 83.78% (8081/9646)
2023-03-17 05:44:35 INFO       top-3: 90.83% (8761/9646)
2023-03-17 05:44:35 INFO       top-4: 91.50% (8826/9646)
2023-03-17 05:44:35 INFO       top-5: 92.48% (8921/9646)
2023-03-17 05:44:35 INFO     average type prefix score (top-1): 0.7425
2023-03-17 05:44:35 INFO     average weighted type prefix score (top-1): 0.7425
2023-03-17 05:44:35 INFO     average Jaccard metric (top-1): 0.7425
2023-03-17 05:44:36 INFO     BLEU score (top-1, corpus): 0.8538
2023-03-17 05:44:36 INFO     most common mispredictions:
2023-03-17 05:44:36 INFO       ground truth (674 samples, 6.99% of all samples):
2023-03-17 05:44:36 INFO           move
2023-03-17 05:44:36 INFO       most common mispredictions (in total 649, 96.29% of this label is wrong):
2023-03-17 05:44:36 INFO          594 (91.53% of mispredictions) forward
2023-03-17 05:44:36 INFO           15 ( 2.31% of mispredictions) copy
2023-03-17 05:44:36 INFO           12 ( 1.85% of mispredictions) phylum_cast
2023-03-17 05:44:36 INFO            9 ( 1.39% of mispredictions) get
2023-03-17 05:44:36 INFO            6 ( 0.92% of mispredictions) operator==
2023-03-17 05:44:36 INFO       ground truth (527 samples, 5.46% of all samples):
2023-03-17 05:44:36 INFO           addressof
2023-03-17 05:44:36 INFO       most common mispredictions (in total 527, 100.00% of this label is wrong):
2023-03-17 05:44:36 INFO          485 (92.03% of mispredictions) forward
2023-03-17 05:44:36 INFO           20 ( 3.80% of mispredictions) phylum_cast
2023-03-17 05:44:36 INFO            9 ( 1.71% of mispredictions) get
2023-03-17 05:44:36 INFO            5 ( 0.95% of mispredictions) forward_as_tuple
2023-03-17 05:44:36 INFO            3 ( 0.57% of mispredictions) operator==
2023-03-17 05:44:36 INFO       ground truth (226 samples, 2.34% of all samples):
2023-03-17 05:44:36 INFO           to_address
2023-03-17 05:44:36 INFO       most common mispredictions (in total 226, 100.00% of this label is wrong):
2023-03-17 05:44:36 INFO          204 (90.27% of mispredictions) forward
2023-03-17 05:44:36 INFO            8 ( 3.54% of mispredictions) phylum_cast
2023-03-17 05:44:36 INFO            5 ( 2.21% of mispredictions) get
2023-03-17 05:44:36 INFO            2 ( 0.88% of mispredictions) distance
2023-03-17 05:44:36 INFO            2 ( 0.88% of mispredictions) operator
2023-03-17 05:44:36 INFO       ground truth (101 samples, 1.05% of all samples):
2023-03-17 05:44:36 INFO           max
2023-03-17 05:44:36 INFO       most common mispredictions (in total 98, 97.03% of this label is wrong):
2023-03-17 05:44:36 INFO           94 (95.92% of mispredictions) min
2023-03-17 05:44:36 INFO            3 ( 3.06% of mispredictions) libcpp_allocate
2023-03-17 05:44:36 INFO            1 ( 1.02% of mispredictions) none
2023-03-17 05:44:36 INFO       ground truth (1412 samples, 14.64% of all samples):
2023-03-17 05:44:36 INFO           forward
2023-03-17 05:44:36 INFO       most common mispredictions (in total 85, 6.02% of this label is wrong):
2023-03-17 05:44:36 INFO           25 (29.41% of mispredictions) phylum_cast
2023-03-17 05:44:36 INFO           13 (15.29% of mispredictions) get
2023-03-17 05:44:36 INFO           11 (12.94% of mispredictions) operator==
2023-03-17 05:44:36 INFO            9 (10.59% of mispredictions) operator!=
2023-03-17 05:44:36 INFO            6 ( 7.06% of mispredictions) move
2023-03-17 05:44:36 INFO       ground truth (354 samples, 3.67% of all samples):
2023-03-17 05:44:36 INFO           operator!=
2023-03-17 05:44:36 INFO       most common mispredictions (in total 82, 23.16% of this label is wrong):
2023-03-17 05:44:36 INFO           46 (56.10% of mispredictions) compare
2023-03-17 05:44:36 INFO           23 (28.05% of mispredictions) forward
2023-03-17 05:44:36 INFO            5 ( 6.10% of mispredictions) operator
2023-03-17 05:44:36 INFO            2 ( 2.44% of mispredictions) get
2023-03-17 05:44:36 INFO            2 ( 2.44% of mispredictions) operator-
