2023-03-17 05:45:52 INFO     reading predictions from 'drive/MyDrive/Colab Notebooks/name/100/seq4/y_test.acc.txt'...
2023-03-17 05:45:52 INFO     predictions:               48230
2023-03-17 05:45:52 INFO     ground truth samples:       9646
2023-03-17 05:45:52 INFO     top-k: 5
2023-03-17 05:45:52 INFO     perfect match accuracy:
2023-03-17 05:45:53 INFO       top-1: 64.21% (6194/9646)
2023-03-17 05:45:53 INFO       top-2: 67.89% (6549/9646)
2023-03-17 05:45:53 INFO       top-3: 83.70% (8074/9646)
2023-03-17 05:45:53 INFO       top-4: 84.90% (8189/9646)
2023-03-17 05:45:53 INFO       top-5: 86.61% (8354/9646)
2023-03-17 05:45:53 INFO     average type prefix score (top-1): 0.6421
2023-03-17 05:45:53 INFO     average weighted type prefix score (top-1): 0.6421
2023-03-17 05:45:53 INFO     average Jaccard metric (top-1): 0.6421
2023-03-17 05:45:53 INFO     BLEU score (top-1, corpus): 0.776
2023-03-17 05:45:53 INFO     most common mispredictions:
2023-03-17 05:45:53 INFO       ground truth (1412 samples, 14.64% of all samples):
2023-03-17 05:45:53 INFO           forward
2023-03-17 05:45:53 INFO       most common mispredictions (in total 1412, 100.00% of this label is wrong):
2023-03-17 05:45:53 INFO         1387 (98.23% of mispredictions) move
2023-03-17 05:45:53 INFO           25 ( 1.77% of mispredictions) phylum_cast
2023-03-17 05:45:53 INFO       ground truth (527 samples, 5.46% of all samples):
2023-03-17 05:45:53 INFO           addressof
2023-03-17 05:45:53 INFO       most common mispredictions (in total 527, 100.00% of this label is wrong):
2023-03-17 05:45:53 INFO          506 (96.02% of mispredictions) move
2023-03-17 05:45:53 INFO           20 ( 3.80% of mispredictions) phylum_cast
2023-03-17 05:45:53 INFO            1 ( 0.19% of mispredictions) fwd
2023-03-17 05:45:53 INFO       ground truth (226 samples, 2.34% of all samples):
2023-03-17 05:45:53 INFO           to_address
2023-03-17 05:45:53 INFO       most common mispredictions (in total 226, 100.00% of this label is wrong):
2023-03-17 05:45:53 INFO          218 (96.46% of mispredictions) move
2023-03-17 05:45:53 INFO            8 ( 3.54% of mispredictions) phylum_cast
2023-03-17 05:45:53 INFO       ground truth (101 samples, 1.05% of all samples):
2023-03-17 05:45:53 INFO           max
2023-03-17 05:45:53 INFO       most common mispredictions (in total 80, 79.21% of this label is wrong):
2023-03-17 05:45:53 INFO           78 (97.50% of mispredictions) operator
2023-03-17 05:45:53 INFO            2 ( 2.50% of mispredictions) min
2023-03-17 05:45:53 INFO       ground truth (67 samples, 0.69% of all samples):
2023-03-17 05:45:53 INFO           copy_backward
2023-03-17 05:45:53 INFO       most common mispredictions (in total 67, 100.00% of this label is wrong):
2023-03-17 05:45:53 INFO           31 (46.27% of mispredictions) uninitialized_copy
2023-03-17 05:45:53 INFO           23 (34.33% of mispredictions) copy
2023-03-17 05:45:53 INFO           13 (19.40% of mispredictions) move_backward
2023-03-17 05:45:53 INFO       ground truth (68 samples, 0.70% of all samples):
2023-03-17 05:45:53 INFO           fwd
2023-03-17 05:45:53 INFO       most common mispredictions (in total 65, 95.59% of this label is wrong):
2023-03-17 05:45:53 INFO           62 (95.38% of mispredictions) move
2023-03-17 05:45:53 INFO            3 ( 4.62% of mispredictions) operator
