2023-03-17 05:43:55 INFO     reading predictions from 'drive/MyDrive/Colab Notebooks/name/100/seq1/y_test.acc.txt'...
2023-03-17 05:43:55 INFO     predictions:               48230
2023-03-17 05:43:55 INFO     ground truth samples:       9646
2023-03-17 05:43:55 INFO     top-k: 5
2023-03-17 05:43:55 INFO     perfect match accuracy:
2023-03-17 05:43:55 INFO       top-1: 72.75% (7017/9646)
2023-03-17 05:43:55 INFO       top-2: 83.35% (8040/9646)
2023-03-17 05:43:55 INFO       top-3: 90.67% (8746/9646)
2023-03-17 05:43:55 INFO       top-4: 92.18% (8892/9646)
2023-03-17 05:43:55 INFO       top-5: 92.65% (8937/9646)
2023-03-17 05:43:55 INFO     average type prefix score (top-1): 0.7275
2023-03-17 05:43:55 INFO     average weighted type prefix score (top-1): 0.7275
2023-03-17 05:43:55 INFO     average Jaccard metric (top-1): 0.7275
2023-03-17 05:43:56 INFO     BLEU score (top-1, corpus): 0.8367
2023-03-17 05:43:56 INFO     most common mispredictions:
2023-03-17 05:43:56 INFO       ground truth (674 samples, 6.99% of all samples):
2023-03-17 05:43:56 INFO           move
2023-03-17 05:43:56 INFO       most common mispredictions (in total 662, 98.22% of this label is wrong):
2023-03-17 05:43:56 INFO          628 (94.86% of mispredictions) forward
2023-03-17 05:43:56 INFO           34 ( 5.14% of mispredictions) copy
2023-03-17 05:43:56 INFO       ground truth (527 samples, 5.46% of all samples):
2023-03-17 05:43:56 INFO           addressof
2023-03-17 05:43:56 INFO       most common mispredictions (in total 527, 100.00% of this label is wrong):
2023-03-17 05:43:56 INFO          526 (99.81% of mispredictions) forward
2023-03-17 05:43:56 INFO            1 ( 0.19% of mispredictions) main
2023-03-17 05:43:56 INFO       ground truth (226 samples, 2.34% of all samples):
2023-03-17 05:43:56 INFO           to_address
2023-03-17 05:43:56 INFO       most common mispredictions (in total 226, 100.00% of this label is wrong):
2023-03-17 05:43:56 INFO          226 (100.00% of mispredictions) forward
2023-03-17 05:43:56 INFO       ground truth (68 samples, 0.70% of all samples):
2023-03-17 05:43:56 INFO           fwd
2023-03-17 05:43:56 INFO       most common mispredictions (in total 65, 95.59% of this label is wrong):
2023-03-17 05:43:56 INFO           62 (95.38% of mispredictions) forward
2023-03-17 05:43:56 INFO            1 ( 1.54% of mispredictions) copy
2023-03-17 05:43:56 INFO            1 ( 1.54% of mispredictions) max
2023-03-17 05:43:56 INFO            1 ( 1.54% of mispredictions) operator
2023-03-17 05:43:56 INFO       ground truth (354 samples, 3.67% of all samples):
2023-03-17 05:43:56 INFO           operator!=
2023-03-17 05:43:56 INFO       most common mispredictions (in total 57, 16.10% of this label is wrong):
2023-03-17 05:43:56 INFO           53 (92.98% of mispredictions) compare
2023-03-17 05:43:56 INFO            1 ( 1.75% of mispredictions) operator==
2023-03-17 05:43:56 INFO            1 ( 1.75% of mispredictions) main
2023-03-17 05:43:56 INFO            1 ( 1.75% of mispredictions) operator
2023-03-17 05:43:56 INFO            1 ( 1.75% of mispredictions) max
2023-03-17 05:43:56 INFO       ground truth (67 samples, 0.69% of all samples):
2023-03-17 05:43:56 INFO           copy_backward
2023-03-17 05:43:56 INFO       most common mispredictions (in total 54, 80.60% of this label is wrong):
2023-03-17 05:43:56 INFO           35 (64.81% of mispredictions) uninitialized_copy
2023-03-17 05:43:56 INFO           19 (35.19% of mispredictions) copy
