2023-03-17 05:31:51 INFO     reading predictions from 'drive/MyDrive/Colab Notebooks/name/10/seq2/y_test.acc.txt'...
2023-03-17 05:31:51 INFO     predictions:               86355
2023-03-17 05:31:51 INFO     ground truth samples:      17271
2023-03-17 05:31:51 INFO     top-k: 5
2023-03-17 05:31:51 INFO     perfect match accuracy:
2023-03-17 05:31:51 INFO       top-1: 74.19% (12814/17271)
2023-03-17 05:31:51 INFO       top-2: 82.72% (14287/17271)
2023-03-17 05:31:51 INFO       top-3: 88.40% (15268/17271)
2023-03-17 05:31:51 INFO       top-4: 89.97% (15539/17271)
2023-03-17 05:31:51 INFO       top-5: 90.72% (15668/17271)
2023-03-17 05:31:51 INFO     average type prefix score (top-1): 0.7419
2023-03-17 05:31:51 INFO     average weighted type prefix score (top-1): 0.7419
2023-03-17 05:31:51 INFO     average Jaccard metric (top-1): 0.7419
2023-03-17 05:31:52 INFO     BLEU score (top-1, corpus): 0.8684
2023-03-17 05:31:52 INFO     most common mispredictions:
2023-03-17 05:31:52 INFO       ground truth (674 samples, 3.90% of all samples):
2023-03-17 05:31:52 INFO           move
2023-03-17 05:31:52 INFO       most common mispredictions (in total 643, 95.40% of this label is wrong):
2023-03-17 05:31:52 INFO          593 (92.22% of mispredictions) forward
2023-03-17 05:31:52 INFO           13 ( 2.02% of mispredictions) copy
2023-03-17 05:31:52 INFO           10 ( 1.56% of mispredictions) get
2023-03-17 05:31:52 INFO            9 ( 1.40% of mispredictions) phylum_cast
2023-03-17 05:31:52 INFO            4 ( 0.62% of mispredictions) operator==
2023-03-17 05:31:52 INFO       ground truth (527 samples, 3.05% of all samples):
2023-03-17 05:31:52 INFO           addressof
2023-03-17 05:31:52 INFO       most common mispredictions (in total 527, 100.00% of this label is wrong):
2023-03-17 05:31:52 INFO          490 (92.98% of mispredictions) forward
2023-03-17 05:31:52 INFO           17 ( 3.23% of mispredictions) phylum_cast
2023-03-17 05:31:52 INFO            4 ( 0.76% of mispredictions) forward_as_tuple
2023-03-17 05:31:52 INFO            3 ( 0.57% of mispredictions) get
2023-03-17 05:31:52 INFO            3 ( 0.57% of mispredictions) move
2023-03-17 05:31:52 INFO       ground truth (226 samples, 1.31% of all samples):
2023-03-17 05:31:52 INFO           to_address
2023-03-17 05:31:52 INFO       most common mispredictions (in total 226, 100.00% of this label is wrong):
2023-03-17 05:31:52 INFO          213 (94.25% of mispredictions) forward
2023-03-17 05:31:52 INFO           12 ( 5.31% of mispredictions) phylum_cast
2023-03-17 05:31:52 INFO            1 ( 0.44% of mispredictions) copy
2023-03-17 05:31:52 INFO       ground truth (1412 samples, 8.18% of all samples):
2023-03-17 05:31:52 INFO           forward
2023-03-17 05:31:52 INFO       most common mispredictions (in total 90, 6.37% of this label is wrong):
2023-03-17 05:31:52 INFO           39 (43.33% of mispredictions) phylum_cast
2023-03-17 05:31:52 INFO           10 (11.11% of mispredictions) get
2023-03-17 05:31:52 INFO            9 (10.00% of mispredictions) operator!=
2023-03-17 05:31:52 INFO            6 ( 6.67% of mispredictions) forward_as_tuple
2023-03-17 05:31:52 INFO            6 ( 6.67% of mispredictions) move
2023-03-17 05:31:52 INFO       ground truth (68 samples, 0.39% of all samples):
2023-03-17 05:31:52 INFO           fwd
2023-03-17 05:31:52 INFO       most common mispredictions (in total 68, 100.00% of this label is wrong):
2023-03-17 05:31:52 INFO           68 (100.00% of mispredictions) forward
2023-03-17 05:31:52 INFO       ground truth (353 samples, 2.04% of all samples):
2023-03-17 05:31:52 INFO           operator==
2023-03-17 05:31:52 INFO       most common mispredictions (in total 62, 17.56% of this label is wrong):
2023-03-17 05:31:52 INFO           35 (56.45% of mispredictions) operator!=
2023-03-17 05:31:52 INFO           19 (30.65% of mispredictions) forward
2023-03-17 05:31:52 INFO            2 ( 3.23% of mispredictions) get
2023-03-17 05:31:52 INFO            1 ( 1.61% of mispredictions) move
2023-03-17 05:31:52 INFO            1 ( 1.61% of mispredictions) cancelpressed
