2023-03-17 05:33:13 INFO     reading predictions from 'drive/MyDrive/Colab Notebooks/name/10/seq3/y_test.acc.txt'...
2023-03-17 05:33:13 INFO     predictions:               86355
2023-03-17 05:33:13 INFO     ground truth samples:      17271
2023-03-17 05:33:13 INFO     top-k: 5
2023-03-17 05:33:13 INFO     perfect match accuracy:
2023-03-17 05:33:13 INFO       top-1: 75.97% (13121/17271)
2023-03-17 05:33:13 INFO       top-2: 84.80% (14646/17271)
2023-03-17 05:33:13 INFO       top-3: 89.55% (15466/17271)
2023-03-17 05:33:13 INFO       top-4: 91.88% (15869/17271)
2023-03-17 05:33:13 INFO       top-5: 92.79% (16025/17271)
2023-03-17 05:33:13 INFO     average type prefix score (top-1): 0.7597
2023-03-17 05:33:13 INFO     average weighted type prefix score (top-1): 0.7597
2023-03-17 05:33:13 INFO     average Jaccard metric (top-1): 0.7597
2023-03-17 05:33:14 INFO     BLEU score (top-1, corpus): 0.8824
2023-03-17 05:33:14 INFO     most common mispredictions:
2023-03-17 05:33:14 INFO       ground truth (674 samples, 3.90% of all samples):
2023-03-17 05:33:14 INFO           move
2023-03-17 05:33:14 INFO       most common mispredictions (in total 657, 97.48% of this label is wrong):
2023-03-17 05:33:14 INFO          612 (93.15% of mispredictions) forward
2023-03-17 05:33:14 INFO           34 ( 5.18% of mispredictions) copy
2023-03-17 05:33:14 INFO            9 ( 1.37% of mispredictions) none
2023-03-17 05:33:14 INFO            1 ( 0.15% of mispredictions) addressof
2023-03-17 05:33:14 INFO            1 ( 0.15% of mispredictions) move_backward
2023-03-17 05:33:14 INFO       ground truth (527 samples, 3.05% of all samples):
2023-03-17 05:33:14 INFO           addressof
2023-03-17 05:33:14 INFO       most common mispredictions (in total 526, 99.81% of this label is wrong):
2023-03-17 05:33:14 INFO          508 (96.58% of mispredictions) forward
2023-03-17 05:33:14 INFO           17 ( 3.23% of mispredictions) none
2023-03-17 05:33:14 INFO            1 ( 0.19% of mispredictions) move
2023-03-17 05:33:14 INFO       ground truth (226 samples, 1.31% of all samples):
2023-03-17 05:33:14 INFO           to_address
2023-03-17 05:33:14 INFO       most common mispredictions (in total 226, 100.00% of this label is wrong):
2023-03-17 05:33:14 INFO          214 (94.69% of mispredictions) forward
2023-03-17 05:33:14 INFO           12 ( 5.31% of mispredictions) none
2023-03-17 05:33:14 INFO       ground truth (101 samples, 0.58% of all samples):
2023-03-17 05:33:14 INFO           max
2023-03-17 05:33:14 INFO       most common mispredictions (in total 88, 87.13% of this label is wrong):
2023-03-17 05:33:14 INFO           80 (90.91% of mispredictions) distance
2023-03-17 05:33:14 INFO            4 ( 4.55% of mispredictions) min
2023-03-17 05:33:14 INFO            4 ( 4.55% of mispredictions) none
2023-03-17 05:33:14 INFO       ground truth (115 samples, 0.67% of all samples):
2023-03-17 05:33:14 INFO           get
2023-03-17 05:33:14 INFO       most common mispredictions (in total 67, 58.26% of this label is wrong):
2023-03-17 05:33:14 INFO           62 (92.54% of mispredictions) move_if_noexcept
2023-03-17 05:33:14 INFO            3 ( 4.48% of mispredictions) active_handle_id
2023-03-17 05:33:14 INFO            1 ( 1.49% of mispredictions) tifffetchstripthing
2023-03-17 05:33:14 INFO            1 ( 1.49% of mispredictions) none
2023-03-17 05:33:14 INFO       ground truth (68 samples, 0.39% of all samples):
2023-03-17 05:33:14 INFO           fwd
2023-03-17 05:33:14 INFO       most common mispredictions (in total 67, 98.53% of this label is wrong):
2023-03-17 05:33:14 INFO           65 (97.01% of mispredictions) forward
2023-03-17 05:33:14 INFO            1 ( 1.49% of mispredictions) operator new
2023-03-17 05:33:14 INFO            1 ( 1.49% of mispredictions) mv
