2023-03-17 05:35:59 INFO     reading predictions from 'drive/MyDrive/Colab Notebooks/name/20/seq1/y_test.acc.txt'...
2023-03-17 05:35:59 INFO     predictions:               69820
2023-03-17 05:35:59 INFO     ground truth samples:      13964
2023-03-17 05:35:59 INFO     top-k: 5
2023-03-17 05:35:59 INFO     perfect match accuracy:
2023-03-17 05:35:59 INFO       top-1: 72.11% (10069/13964)
2023-03-17 05:35:59 INFO       top-2: 77.45% (10815/13964)
2023-03-17 05:35:59 INFO       top-3: 83.94% (11722/13964)
2023-03-17 05:35:59 INFO       top-4: 89.28% (12467/13964)
2023-03-17 05:35:59 INFO       top-5: 91.51% (12779/13964)
2023-03-17 05:35:59 INFO     average type prefix score (top-1): 0.7211
2023-03-17 05:35:59 INFO     average weighted type prefix score (top-1): 0.7211
2023-03-17 05:35:59 INFO     average Jaccard metric (top-1): 0.7211
2023-03-17 05:36:00 INFO     BLEU score (top-1, corpus): 0.8557
2023-03-17 05:36:00 INFO     most common mispredictions:
2023-03-17 05:36:00 INFO       ground truth (674 samples, 4.83% of all samples):
2023-03-17 05:36:00 INFO           move
2023-03-17 05:36:00 INFO       most common mispredictions (in total 667, 98.96% of this label is wrong):
2023-03-17 05:36:00 INFO          606 (90.85% of mispredictions) forward
2023-03-17 05:36:00 INFO           29 ( 4.35% of mispredictions) move_backward
2023-03-17 05:36:00 INFO           20 ( 3.00% of mispredictions) copy
2023-03-17 05:36:00 INFO           12 ( 1.80% of mispredictions) phylum_cast
2023-03-17 05:36:00 INFO       ground truth (527 samples, 3.77% of all samples):
2023-03-17 05:36:00 INFO           addressof
2023-03-17 05:36:00 INFO       most common mispredictions (in total 527, 100.00% of this label is wrong):
2023-03-17 05:36:00 INFO          509 (96.58% of mispredictions) forward
2023-03-17 05:36:00 INFO           18 ( 3.42% of mispredictions) phylum_cast
2023-03-17 05:36:00 INFO       ground truth (226 samples, 1.62% of all samples):
2023-03-17 05:36:00 INFO           to_address
2023-03-17 05:36:00 INFO       most common mispredictions (in total 226, 100.00% of this label is wrong):
2023-03-17 05:36:00 INFO          213 (94.25% of mispredictions) forward
2023-03-17 05:36:00 INFO           13 ( 5.75% of mispredictions) phylum_cast
2023-03-17 05:36:00 INFO       ground truth (115 samples, 0.82% of all samples):
2023-03-17 05:36:00 INFO           get
2023-03-17 05:36:00 INFO       most common mispredictions (in total 90, 78.26% of this label is wrong):
2023-03-17 05:36:00 INFO           87 (96.67% of mispredictions) move_if_noexcept
2023-03-17 05:36:00 INFO            3 ( 3.33% of mispredictions) opencl_handle
2023-03-17 05:36:00 INFO       ground truth (115 samples, 0.82% of all samples):
2023-03-17 05:36:00 INFO           copy
2023-03-17 05:36:00 INFO       most common mispredictions (in total 76, 66.09% of this label is wrong):
2023-03-17 05:36:00 INFO           44 (57.89% of mispredictions) uninitialized_copy
2023-03-17 05:36:00 INFO           26 (34.21% of mispredictions) move_backward
2023-03-17 05:36:00 INFO            6 ( 7.89% of mispredictions) sha1_update_wrap
2023-03-17 05:36:00 INFO       ground truth (68 samples, 0.49% of all samples):
2023-03-17 05:36:00 INFO           fwd
2023-03-17 05:36:00 INFO       most common mispredictions (in total 65, 95.59% of this label is wrong):
2023-03-17 05:36:00 INFO           63 (96.92% of mispredictions) forward
2023-03-17 05:36:00 INFO            1 ( 1.54% of mispredictions) main
2023-03-17 05:36:00 INFO            1 ( 1.54% of mispredictions) addressof
