2023-03-17 05:38:38 INFO     reading predictions from 'drive/MyDrive/Colab Notebooks/name/20/seq4/y_test.acc.txt'...
2023-03-17 05:38:38 INFO     predictions:               69820
2023-03-17 05:38:38 INFO     ground truth samples:      13964
2023-03-17 05:38:38 INFO     top-k: 5
2023-03-17 05:38:38 INFO     perfect match accuracy:
2023-03-17 05:38:38 INFO       top-1: 72.70% (10152/13964)
2023-03-17 05:38:38 INFO       top-2: 77.97% (10888/13964)
2023-03-17 05:38:38 INFO       top-3: 80.39% (11225/13964)
2023-03-17 05:38:38 INFO       top-4: 81.49% (11379/13964)
2023-03-17 05:38:38 INFO       top-5: 86.61% (12094/13964)
2023-03-17 05:38:38 INFO     average type prefix score (top-1): 0.727
2023-03-17 05:38:38 INFO     average weighted type prefix score (top-1): 0.727
2023-03-17 05:38:38 INFO     average Jaccard metric (top-1): 0.727
2023-03-17 05:38:39 INFO     BLEU score (top-1, corpus): 0.8634
2023-03-17 05:38:39 INFO     most common mispredictions:
2023-03-17 05:38:39 INFO       ground truth (674 samples, 4.83% of all samples):
2023-03-17 05:38:39 INFO           move
2023-03-17 05:38:39 INFO       most common mispredictions (in total 638, 94.66% of this label is wrong):
2023-03-17 05:38:39 INFO          606 (94.98% of mispredictions) forward
2023-03-17 05:38:39 INFO           20 ( 3.13% of mispredictions) copy
2023-03-17 05:38:39 INFO           12 ( 1.88% of mispredictions) phylum_cast
2023-03-17 05:38:39 INFO       ground truth (527 samples, 3.77% of all samples):
2023-03-17 05:38:39 INFO           addressof
2023-03-17 05:38:39 INFO       most common mispredictions (in total 527, 100.00% of this label is wrong):
2023-03-17 05:38:39 INFO          509 (96.58% of mispredictions) forward
2023-03-17 05:38:39 INFO           18 ( 3.42% of mispredictions) phylum_cast
2023-03-17 05:38:39 INFO       ground truth (226 samples, 1.62% of all samples):
2023-03-17 05:38:39 INFO           to_address
2023-03-17 05:38:39 INFO       most common mispredictions (in total 226, 100.00% of this label is wrong):
2023-03-17 05:38:39 INFO          213 (94.25% of mispredictions) forward
2023-03-17 05:38:39 INFO           13 ( 5.75% of mispredictions) phylum_cast
2023-03-17 05:38:39 INFO       ground truth (115 samples, 0.82% of all samples):
2023-03-17 05:38:39 INFO           copy
2023-03-17 05:38:39 INFO       most common mispredictions (in total 76, 66.09% of this label is wrong):
2023-03-17 05:38:39 INFO           27 (35.53% of mispredictions) uninitialized_copy
2023-03-17 05:38:39 INFO           26 (34.21% of mispredictions) move
2023-03-17 05:38:39 INFO           16 (21.05% of mispredictions) copy_backward
2023-03-17 05:38:39 INFO            6 ( 7.89% of mispredictions) md5_update_wrap
2023-03-17 05:38:39 INFO            1 ( 1.32% of mispredictions) gzwrite
2023-03-17 05:38:39 INFO       ground truth (68 samples, 0.49% of all samples):
2023-03-17 05:38:39 INFO           fwd
2023-03-17 05:38:39 INFO       most common mispredictions (in total 66, 97.06% of this label is wrong):
2023-03-17 05:38:39 INFO           63 (95.45% of mispredictions) forward
2023-03-17 05:38:39 INFO            1 ( 1.52% of mispredictions) main
2023-03-17 05:38:39 INFO            1 ( 1.52% of mispredictions) operator
2023-03-17 05:38:39 INFO            1 ( 1.52% of mispredictions) fill
2023-03-17 05:38:39 INFO       ground truth (62 samples, 0.44% of all samples):
2023-03-17 05:38:39 INFO           unwrap_iter
2023-03-17 05:38:39 INFO       most common mispredictions (in total 56, 90.32% of this label is wrong):
2023-03-17 05:38:39 INFO           54 (96.43% of mispredictions) forward
2023-03-17 05:38:39 INFO            2 ( 3.57% of mispredictions) phylum_cast
