2023-03-17 05:43:23 INFO     reading predictions from 'drive/MyDrive/Colab Notebooks/name/50/seq5/y_test.acc.txt'...
2023-03-17 05:43:23 INFO     predictions:               55980
2023-03-17 05:43:23 INFO     ground truth samples:      11196
2023-03-17 05:43:23 INFO     top-k: 5
2023-03-17 05:43:23 INFO     perfect match accuracy:
2023-03-17 05:43:23 INFO       top-1: 75.95% (8503/11196)
2023-03-17 05:43:23 INFO       top-2: 85.68% (9593/11196)
2023-03-17 05:43:23 INFO       top-3: 92.01% (10301/11196)
2023-03-17 05:43:23 INFO       top-4: 93.27% (10443/11196)
2023-03-17 05:43:23 INFO       top-5: 95.59% (10702/11196)
2023-03-17 05:43:23 INFO     average type prefix score (top-1): 0.7595
2023-03-17 05:43:23 INFO     average weighted type prefix score (top-1): 0.7595
2023-03-17 05:43:23 INFO     average Jaccard metric (top-1): 0.7595
2023-03-17 05:43:24 INFO     BLEU score (top-1, corpus): 0.8695
2023-03-17 05:43:24 INFO     most common mispredictions:
2023-03-17 05:43:24 INFO       ground truth (674 samples, 6.02% of all samples):
2023-03-17 05:43:24 INFO           move
2023-03-17 05:43:24 INFO       most common mispredictions (in total 656, 97.33% of this label is wrong):
2023-03-17 05:43:24 INFO          619 (94.36% of mispredictions) forward
2023-03-17 05:43:24 INFO           29 ( 4.42% of mispredictions) copy
2023-03-17 05:43:24 INFO            6 ( 0.91% of mispredictions) convertonbigend16
2023-03-17 05:43:24 INFO            1 ( 0.15% of mispredictions) addressof
2023-03-17 05:43:24 INFO            1 ( 0.15% of mispredictions) copy_constexpr
2023-03-17 05:43:24 INFO       ground truth (527 samples, 4.71% of all samples):
2023-03-17 05:43:24 INFO           addressof
2023-03-17 05:43:24 INFO       most common mispredictions (in total 527, 100.00% of this label is wrong):
2023-03-17 05:43:24 INFO          508 (96.39% of mispredictions) forward
2023-03-17 05:43:24 INFO           17 ( 3.23% of mispredictions) convertonbigend16
2023-03-17 05:43:24 INFO            2 ( 0.38% of mispredictions) move
2023-03-17 05:43:24 INFO       ground truth (226 samples, 2.02% of all samples):
2023-03-17 05:43:24 INFO           to_address
2023-03-17 05:43:24 INFO       most common mispredictions (in total 226, 100.00% of this label is wrong):
2023-03-17 05:43:24 INFO          212 (93.81% of mispredictions) forward
2023-03-17 05:43:24 INFO           14 ( 6.19% of mispredictions) convertonbigend16
2023-03-17 05:43:24 INFO       ground truth (101 samples, 0.90% of all samples):
2023-03-17 05:43:24 INFO           max
2023-03-17 05:43:24 INFO       most common mispredictions (in total 81, 80.20% of this label is wrong):
2023-03-17 05:43:24 INFO           78 (96.30% of mispredictions) distance
2023-03-17 05:43:24 INFO            2 ( 2.47% of mispredictions) mv
2023-03-17 05:43:24 INFO            1 ( 1.23% of mispredictions) operator
2023-03-17 05:43:24 INFO       ground truth (68 samples, 0.61% of all samples):
2023-03-17 05:43:24 INFO           fwd
2023-03-17 05:43:24 INFO       most common mispredictions (in total 66, 97.06% of this label is wrong):
2023-03-17 05:43:24 INFO           64 (96.97% of mispredictions) forward
2023-03-17 05:43:24 INFO            1 ( 1.52% of mispredictions) mv
2023-03-17 05:43:24 INFO            1 ( 1.52% of mispredictions) writetype
2023-03-17 05:43:24 INFO       ground truth (71 samples, 0.63% of all samples):
2023-03-17 05:43:24 INFO           min
2023-03-17 05:43:24 INFO       most common mispredictions (in total 57, 80.28% of this label is wrong):
2023-03-17 05:43:24 INFO           43 (75.44% of mispredictions) distance
2023-03-17 05:43:24 INFO           13 (22.81% of mispredictions) max
2023-03-17 05:43:24 INFO            1 ( 1.75% of mispredictions) operator
