2023-03-17 05:40:18 INFO     reading predictions from 'drive/MyDrive/Colab Notebooks/name/50/seq1/y_test.acc.txt'...
2023-03-17 05:40:18 INFO     predictions:               55980
2023-03-17 05:40:18 INFO     ground truth samples:      11196
2023-03-17 05:40:18 INFO     top-k: 5
2023-03-17 05:40:18 INFO     perfect match accuracy:
2023-03-17 05:40:18 INFO       top-1: 71.53% (8008/11196)
2023-03-17 05:40:18 INFO       top-2: 75.71% (8477/11196)
2023-03-17 05:40:18 INFO       top-3: 77.53% (8680/11196)
2023-03-17 05:40:18 INFO       top-4: 78.75% (8817/11196)
2023-03-17 05:40:18 INFO       top-5: 79.53% (8904/11196)
2023-03-17 05:40:18 INFO     average type prefix score (top-1): 0.7153
2023-03-17 05:40:18 INFO     average weighted type prefix score (top-1): 0.7153
2023-03-17 05:40:18 INFO     average Jaccard metric (top-1): 0.7153
2023-03-17 05:40:19 INFO     BLEU score (top-1, corpus): 0.8363
2023-03-17 05:40:19 INFO     most common mispredictions:
2023-03-17 05:40:19 INFO       ground truth (674 samples, 6.02% of all samples):
2023-03-17 05:40:19 INFO           move
2023-03-17 05:40:19 INFO       most common mispredictions (in total 654, 97.03% of this label is wrong):
2023-03-17 05:40:19 INFO          620 (94.80% of mispredictions) forward
2023-03-17 05:40:19 INFO           19 ( 2.91% of mispredictions) copy
2023-03-17 05:40:19 INFO            7 ( 1.07% of mispredictions) move_backward
2023-03-17 05:40:19 INFO            6 ( 0.92% of mispredictions) phylum_cast
2023-03-17 05:40:19 INFO            1 ( 0.15% of mispredictions) copy_constexpr
2023-03-17 05:40:19 INFO       ground truth (527 samples, 4.71% of all samples):
2023-03-17 05:40:19 INFO           addressof
2023-03-17 05:40:19 INFO       most common mispredictions (in total 527, 100.00% of this label is wrong):
2023-03-17 05:40:19 INFO          510 (96.77% of mispredictions) forward
2023-03-17 05:40:19 INFO           17 ( 3.23% of mispredictions) phylum_cast
2023-03-17 05:40:19 INFO       ground truth (226 samples, 2.02% of all samples):
2023-03-17 05:40:19 INFO           to_address
2023-03-17 05:40:19 INFO       most common mispredictions (in total 226, 100.00% of this label is wrong):
2023-03-17 05:40:19 INFO          212 (93.81% of mispredictions) forward
2023-03-17 05:40:19 INFO           14 ( 6.19% of mispredictions) phylum_cast
2023-03-17 05:40:19 INFO       ground truth (115 samples, 1.03% of all samples):
2023-03-17 05:40:19 INFO           copy
2023-03-17 05:40:19 INFO       most common mispredictions (in total 76, 66.09% of this label is wrong):
2023-03-17 05:40:19 INFO           46 (60.53% of mispredictions) uninitialized_copy
2023-03-17 05:40:19 INFO           25 (32.89% of mispredictions) move
2023-03-17 05:40:19 INFO            5 ( 6.58% of mispredictions) camellia_setkey_dec_wrap
2023-03-17 05:40:19 INFO       ground truth (68 samples, 0.61% of all samples):
2023-03-17 05:40:19 INFO           fwd
2023-03-17 05:40:19 INFO       most common mispredictions (in total 67, 98.53% of this label is wrong):
2023-03-17 05:40:19 INFO           64 (95.52% of mispredictions) forward
2023-03-17 05:40:19 INFO            1 ( 1.49% of mispredictions) mv
2023-03-17 05:40:19 INFO            1 ( 1.49% of mispredictions) libcpp_allocate
2023-03-17 05:40:19 INFO            1 ( 1.49% of mispredictions) fill
2023-03-17 05:40:19 INFO       ground truth (354 samples, 3.16% of all samples):
2023-03-17 05:40:19 INFO           operator!=
2023-03-17 05:40:19 INFO       most common mispredictions (in total 63, 17.80% of this label is wrong):
2023-03-17 05:40:19 INFO           61 (96.83% of mispredictions) compare
2023-03-17 05:40:19 INFO            1 ( 1.59% of mispredictions) operator==
2023-03-17 05:40:19 INFO            1 ( 1.59% of mispredictions) none
